<?xml version="1.0" encoding="UTF-8"?>
<testsuites name="Estimate" time="15705" tests="12" failures="2" errors="0">
   <testsuite name="Estimate" tests="12" failures="2" errors="0" time="15705" timestamp="2018-07-12 02:06:55" hostname="nipin - L22622WUS.rpega.com" id="Test Suites/Estimate">
      <properties>
         <property name="deviceName" value=""/>
         <property name="devicePlatform" value=""/>
         <property name="logFolder" value="C:\\DAUIAutomation\\Reports\\Estimate\\20180712_020650"/>
         <property name="logFiles" value="C:\\DAUIAutomation\\Reports\\Estimate\\20180712_020650\\execution0.log"/>
         <property name="attachments" value="C:\\DAUIAutomation\\Reports\\Estimate\\20180712_020650\\1531376500720.png, C:\\DAUIAutomation\\Reports\\Estimate\\20180712_020650\\1531376747904.png, C:\\DAUIAutomation\\Reports\\Estimate\\20180712_020650\\1531376999549.png, C:\\DAUIAutomation\\Reports\\Estimate\\20180712_020650\\1531377960355.png, C:\\DAUIAutomation\\Reports\\Estimate\\20180712_020650\\1531378210772.png, C:\\DAUIAutomation\\Reports\\Estimate\\20180712_020650\\1531378462028.png, C:\\DAUIAutomation\\Reports\\Estimate\\20180712_020650\\1531379359041.png, C:\\DAUIAutomation\\Reports\\Estimate\\20180712_020650\\1531379605550.png, C:\\DAUIAutomation\\Reports\\Estimate\\20180712_020650\\1531379856844.png, C:\\DAUIAutomation\\Reports\\Estimate\\20180712_020650\\1531380812289.png, C:\\DAUIAutomation\\Reports\\Estimate\\20180712_020650\\1531381058640.png, C:\\DAUIAutomation\\Reports\\Estimate\\20180712_020650\\1531381310155.png, C:\\DAUIAutomation\\Reports\\Estimate\\20180712_020650\\1531382261399.png, C:\\DAUIAutomation\\Reports\\Estimate\\20180712_020650\\1531383173238.png, C:\\DAUIAutomation\\Reports\\Estimate\\20180712_020650\\1531383419743.png, C:\\DAUIAutomation\\Reports\\Estimate\\20180712_020650\\1531383671467.png, C:\\DAUIAutomation\\Reports\\Estimate\\20180712_020650\\1531386888986.png, C:\\DAUIAutomation\\Reports\\Estimate\\20180712_020650\\1531387716690.png, C:\\DAUIAutomation\\Reports\\Estimate\\20180712_020650\\1531387969024.png, C:\\DAUIAutomation\\Reports\\Estimate\\20180712_020650\\1531388215369.png, C:\\DAUIAutomation\\Reports\\Estimate\\20180712_020650\\1531388467842.png, C:\\DAUIAutomation\\Reports\\Estimate\\20180712_020650\\1531388721676.png, C:\\DAUIAutomation\\Reports\\Estimate\\20180712_020650\\1531389694137.png, C:\\DAUIAutomation\\Reports\\Estimate\\20180712_020650\\1531389943931.png, C:\\DAUIAutomation\\Reports\\Estimate\\20180712_020650\\1531390187282.png, C:\\DAUIAutomation\\Reports\\Estimate\\20180712_020650\\1531390433818.png, C:\\DAUIAutomation\\Reports\\Estimate\\20180712_020650\\1531390682387.png, C:\\DAUIAutomation\\Reports\\Estimate\\20180712_020650\\1531390926167.png, C:\\DAUIAutomation\\Reports\\Estimate\\20180712_020650\\1531391172640.png"/>
         <property name="hostName" value="nipin - L22622WUS.rpega.com"/>
         <property name="os" value="Windows 7 64bit"/>
         <property name="katalonVersion" value="5.4.2.1"/>
         <property name="browser" value="Chrome 67.0.3396.87"/>
         <property name="hostAddress" value="10.2.202.226"/>
         <property name="sessionId" value="92f1a2a43261ce67fccee8ba5497dbe6"/>
         <property name="seleniumVersion" value="3.7.1"/>
         <property name="proxyInformation" value="ProxyInformation{proxyOption=NO_PROXY, proxyServerType=HTTP, password=, proxyServerAddress=, proxyServerPort=0}"/>
         <property name="platform" value="Windows 7"/>
      </properties>
      <testcase name="Test Cases/BEP/TestCases/TC_CreateBEP_EmailOutput_SendEmail_CreateECR" classname="Test Cases/BEP/TestCases/TC_CreateBEP_EmailOutput_SendEmail_CreateECR" status="PASSED">
         <system-out><![CDATA[2018-07-12 02:06:56 - [TEST_CASE][PASSED] - Test Cases/BEP/TestCases/TC_CreateBEP_EmailOutput_SendEmail_CreateECR: Test Cases/BEP/TestCases/TC_CreateBEP_EmailOutput_SendEmail_CreateECR

2018-07-12 02:06:56 - [TEST_STEP][PASSED] - callTestCase: Call Test Case 'Test Cases/BEP/Create_Approve_Reject/Create_BEP_EmailOutput' successfully

2018-07-12 02:06:57 - [TEST_CASE][PASSED] - Test Cases/BEP/Create_Approve_Reject/Create_BEP_EmailOutput: Test Cases/BEP/Create_Approve_Reject/Create_BEP_EmailOutput

2018-07-12 02:06:57 - [TEST_STEP][PASSED] - com.helper.commonfunct.commonutilities.login: com.helper.commonfunct.commonutilities.login is PASSED

2018-07-12 02:07:09 - [MESSAGE][PASSED] - Browser is opened with url: ''

2018-07-12 02:07:12 - [MESSAGE][PASSED] - Navigate to 'https://vdaqa.rpega.com:9030/daqa/PRServlet' successfully

2018-07-12 02:07:25 - [MESSAGE][PASSED] - Text 'hendj@pegasystems.com' is set on object 'Object Repository/Generic/input_UserIdentifier'

2018-07-12 02:07:37 - [MESSAGE][PASSED] - Text 'install' is set on object 'Object Repository/Generic/input_Password'

2018-07-12 02:07:45 - [MESSAGE][PASSED] - Keys 'ENTER + ' sent to object: 'Object Repository/Generic/input_Password'

2018-07-12 02:07:45 - [MESSAGE][PASSED] - com.helper.commonfunct.commonutilities.login is PASSED

2018-07-12 02:07:45 - [TEST_STEP][PASSED] - com.helper.commonfunct.BEP_CommonMethod.Estimate: com.helper.commonfunct.BEP_CommonMethod.Estimate is PASSED

2018-07-12 02:07:49 - [MESSAGE][PASSED] - Current window maximized

2018-07-12 02:07:51 - [MESSAGE][PASSED] - Delayed 2 second(s)

2018-07-12 02:07:57 - [MESSAGE][PASSED] - Object: 'Object Repository/Generic/New' is clicked on

2018-07-12 02:08:01 - [MESSAGE][PASSED] - Delayed 4 second(s)

2018-07-12 02:08:12 - [MESSAGE][PASSED] - Object: 'Object Repository/BEP/Generic/EstimateLink' is clicked on

2018-07-12 02:08:16 - [MESSAGE][PASSED] - Delayed 4 second(s)

2018-07-12 02:08:28 - [MESSAGE][PASSED] - Object: 'Object Repository/ECR/Generic/WOTAB' is clicked on

2018-07-12 02:08:31 - [MESSAGE][PASSED] - Wait for page load successfully

2018-07-12 02:08:42 - [MESSAGE][PASSED] - Delayed 5 second(s)

2018-07-12 02:09:16 - [MESSAGE][WARNING] - Object 'Object Repository/BEP/Generic/import' is not visible after 30 second(s)

2018-07-12 02:09:27 - [MESSAGE][PASSED] - Delayed 5 second(s)

2018-07-12 02:09:33 - [MESSAGE][PASSED] - File 'C:\DAUIAutomation\Data Files\BEP\Estimate.xlsm' sent to object: 'Object Repository/Generic/FilePath'

2018-07-12 02:09:38 - [MESSAGE][PASSED] - Delayed 5 second(s)

2018-07-12 02:09:49 - [MESSAGE][PASSED] - Object: 'Object Repository/Generic/button_Submit' is clicked on

2018-07-12 02:09:59 - [MESSAGE][PASSED] - Delayed 10 second(s)

2018-07-12 02:10:12 - [MESSAGE][PASSED] - Text 'BOFA' is set on object 'Object Repository/Generic/ORG'

2018-07-12 02:10:19 - [MESSAGE][PASSED] - Delayed 7 second(s)

2018-07-12 02:10:25 - [MESSAGE][PASSED] - Keys 'TAB + ' sent to object: 'Object Repository/Generic/ORG'

2018-07-12 02:10:32 - [MESSAGE][PASSED] - Delayed 7 second(s)

2018-07-12 02:10:44 - [MESSAGE][PASSED] - Text 'BOFA' is set on object 'Object Repository/Generic/ACC'

2018-07-12 02:10:51 - [MESSAGE][PASSED] - Delayed 7 second(s)

2018-07-12 02:10:57 - [MESSAGE][PASSED] - Keys 'TAB + ' sent to object: 'Object Repository/Generic/ACC'

2018-07-12 02:11:02 - [MESSAGE][PASSED] - Delayed 5 second(s)

2018-07-12 02:11:10 - [MESSAGE][PASSED] - Text 'The engagement you entered doesn't match' is present on page 

2018-07-12 02:11:22 - [MESSAGE][PASSED] - Text 'AUTOTEST1' is set on object 'Object Repository/Generic/ENG_DESC'

2018-07-12 02:11:27 - [MESSAGE][PASSED] - Delayed 5 second(s)

2018-07-12 02:11:38 - [MESSAGE][PASSED] - Delayed 5 second(s)

2018-07-12 02:12:02 - [MESSAGE][PASSED] - All options with value 'PRD-409' are selected in object 'Object Repository/Generic/PlatformID' 

2018-07-12 02:12:07 - [MESSAGE][PASSED] - Delayed 5 second(s)

2018-07-12 02:12:32 - [MESSAGE][PASSED] - All options with value 'RLS-3176' are selected in object 'Object Repository/Generic/PlatformVersion' 

2018-07-12 02:12:37 - [MESSAGE][PASSED] - Delayed 5 second(s)

2018-07-12 02:12:48 - [MESSAGE][PASSED] - Object: 'Object Repository/Generic/PlatformTrue' is clicked on

2018-07-12 02:12:53 - [MESSAGE][PASSED] - Delayed 5 second(s)

2018-07-12 02:13:14 - [MESSAGE][PASSED] - All options with value 'hendj@pegasystems.com' are selected in object 'Object Repository/EngInfo/PL' 

2018-07-12 02:13:19 - [MESSAGE][PASSED] - Delayed 5 second(s)

2018-07-12 02:13:27 - [MESSAGE][PASSED] - Text 'PL Team Leader' is present on page 

2018-07-12 02:13:48 - [MESSAGE][PASSED] - All options with value 'higgr@pegasystems.com' are selected in object 'Object Repository/EngInfo/PLTL' 

2018-07-12 02:13:53 - [MESSAGE][PASSED] - Delayed 5 second(s)

2018-07-12 02:14:17 - [MESSAGE][PASSED] - All options with value 'waink@pegasystems.com' are selected in object 'Object Repository/EngInfo/RD' 

2018-07-12 02:14:22 - [MESSAGE][PASSED] - Delayed 5 second(s)

2018-07-12 02:14:43 - [MESSAGE][PASSED] - All options with value 'panee@pegasystems.com' are selected in object 'Object Repository/EngInfo/RL' 

2018-07-12 02:14:48 - [MESSAGE][PASSED] - Delayed 5 second(s)

2018-07-12 02:14:54 - [MESSAGE][PASSED] - Scroll to object 'Object Repository/Generic/NEXT_BUTTON' successfully

2018-07-12 02:15:05 - [MESSAGE][PASSED] - Object: 'Object Repository/Generic/NEXT_BUTTON' is clicked on

2018-07-12 02:15:10 - [MESSAGE][PASSED] - Delayed 5 second(s)

2018-07-12 02:15:13 - [MESSAGE][PASSED] - Wait for page load successfully

2018-07-12 02:15:15 - [MESSAGE][PASSED] - Delayed 2 second(s)

2018-07-12 02:15:21 - [MESSAGE][PASSED] - Text of object 'Object Repository/BEP/Generic/DurationLow' is cleared

2018-07-12 02:15:23 - [MESSAGE][PASSED] - Delayed 2 second(s)

2018-07-12 02:15:36 - [MESSAGE][PASSED] - Text '15' is set on object 'Object Repository/BEP/Generic/DurationLow'

2018-07-12 02:15:38 - [MESSAGE][PASSED] - Delayed 2 second(s)

2018-07-12 02:15:44 - [MESSAGE][PASSED] - Text of object 'Object Repository/BEP/Generic/DurationHigh' is cleared

2018-07-12 02:15:46 - [MESSAGE][PASSED] - Delayed 2 second(s)

2018-07-12 02:15:58 - [MESSAGE][PASSED] - Text '15' is set on object 'Object Repository/BEP/Generic/DurationHigh'

2018-07-12 02:16:00 - [MESSAGE][PASSED] - Delayed 2 second(s)

2018-07-12 02:16:06 - [MESSAGE][PASSED] - Text of object 'Object Repository/BEP/Generic/PartnerHoursLow' is cleared

2018-07-12 02:16:08 - [MESSAGE][PASSED] - Delayed 2 second(s)

2018-07-12 02:16:20 - [MESSAGE][PASSED] - Text '15' is set on object 'Object Repository/BEP/Generic/PartnerHoursLow'

2018-07-12 02:16:22 - [MESSAGE][PASSED] - Delayed 2 second(s)

2018-07-12 02:16:28 - [MESSAGE][PASSED] - Text of object 'Object Repository/BEP/Generic/PartnerHoursHigh' is cleared

2018-07-12 02:16:30 - [MESSAGE][PASSED] - Delayed 2 second(s)

2018-07-12 02:16:42 - [MESSAGE][PASSED] - Text '15' is set on object 'Object Repository/BEP/Generic/PartnerHoursHigh'

2018-07-12 02:16:44 - [MESSAGE][PASSED] - Delayed 2 second(s)

2018-07-12 02:16:56 - [MESSAGE][PASSED] - Object: 'Object Repository/BEP/Generic/EstimationMethod' is clicked on

2018-07-12 02:17:01 - [MESSAGE][PASSED] - Delayed 5 second(s)

2018-07-12 02:17:07 - [MESSAGE][PASSED] - Keys 'BSW' sent to object: 'Object Repository/BEP/Generic/EstimationMethod'

2018-07-12 02:17:12 - [MESSAGE][PASSED] - Delayed 5 second(s)

2018-07-12 02:17:18 - [MESSAGE][PASSED] - Scroll to object 'Object Repository/Generic/NEXT_BUTTON' successfully

2018-07-12 02:17:29 - [MESSAGE][PASSED] - Object: 'Object Repository/Generic/NEXT_BUTTON' is clicked on

2018-07-12 02:17:34 - [MESSAGE][PASSED] - Delayed 5 second(s)

2018-07-12 02:17:45 - [MESSAGE][PASSED] - Object: 'Object Repository/BEP/Generic/BEPOutputEmail' is clicked on

2018-07-12 02:17:47 - [MESSAGE][PASSED] - Delayed 2 second(s)

2018-07-12 02:17:58 - [MESSAGE][PASSED] - Object: 'Object Repository/BEP/Generic/RECEIPIENT' is clicked on

2018-07-12 02:18:00 - [MESSAGE][PASSED] - Delayed 2 second(s)

2018-07-12 02:18:12 - [MESSAGE][PASSED] - Object: 'Object Repository/BEP/Generic/AddEmailID' is clicked on

2018-07-12 02:18:14 - [MESSAGE][PASSED] - Delayed 2 second(s)

2018-07-12 02:18:20 - [MESSAGE][PASSED] - Keys 'nagaveni.nipinale@in.pega.com' sent to object: 'Object Repository/BEP/Generic/MAILID_XPATH'

2018-07-12 02:18:22 - [MESSAGE][PASSED] - Delayed 2 second(s)

2018-07-12 02:18:33 - [MESSAGE][PASSED] - Object: 'Object Repository/BEP/Generic/modal_submit' is clicked on

2018-07-12 02:18:35 - [MESSAGE][PASSED] - Delayed 2 second(s)

2018-07-12 02:18:41 - [MESSAGE][PASSED] - Keys 'Test Automation' sent to object: 'Object Repository/BEP/Generic/Email_Subject'

2018-07-12 02:18:47 - [MESSAGE][PASSED] - Scroll to object 'Object Repository/Generic/NEXT_BUTTON' successfully

2018-07-12 02:18:58 - [MESSAGE][PASSED] - Object: 'Object Repository/Generic/NEXT_BUTTON' is clicked on

2018-07-12 02:19:08 - [MESSAGE][PASSED] - Scroll to object 'Object Repository/Generic/FINISH_BUTTON' successfully

2018-07-12 02:19:19 - [MESSAGE][PASSED] - Object: 'Object Repository/Generic/FINISH_BUTTON' is clicked on

2018-07-12 02:19:22 - [MESSAGE][PASSED] - Wait for page load successfully

2018-07-12 02:19:27 - [MESSAGE][PASSED] - Delayed 5 second(s)

2018-07-12 02:19:33 - [MESSAGE][PASSED] - Text of object 'Object Repository/Generic/WOID' is: 'BEP-12Jul2018-3'

2018-07-12 02:19:33 - [MESSAGE][PASSED] - com.helper.commonfunct.BEP_CommonMethod.Estimate is PASSED

2018-07-12 02:19:33 - [TEST_STEP][PASSED] - com.helper.commonfunct.commonutilities.searchStatus: com.helper.commonfunct.commonutilities.searchStatus is PASSED

2018-07-12 02:19:36 - [MESSAGE][PASSED] - Wait for page load successfully

2018-07-12 02:19:57 - [MESSAGE][PASSED] - Delayed 2 second(s)

2018-07-12 02:20:05 - [MESSAGE][PASSED] - Delayed 2 second(s)

2018-07-12 02:20:14 - [MESSAGE][PASSED] - com.helper.commonfunct.commonutilities.searchStatus is PASSED

2018-07-12 02:20:14 - [MESSAGE][PASSED] - Call Test Case 'Test Cases/BEP/Create_Approve_Reject/Create_BEP_EmailOutput' successfully

2018-07-12 02:20:14 - [TEST_STEP][PASSED] - Statement - SendEmail = false: null

2018-07-12 02:20:14 - [TEST_STEP][PASSED] - Statement - CreateECR = true: null

2018-07-12 02:20:14 - [TEST_STEP][PASSED] - callTestCase: Call Test Case 'Test Cases/BEP/Create_Approve_Reject/All_Approval_Reject' successfully

2018-07-12 02:20:14 - [TEST_CASE][PASSED] - Test Cases/BEP/Create_Approve_Reject/All_Approval_Reject: Test Cases/BEP/Create_Approve_Reject/All_Approval_Reject

2018-07-12 02:20:14 - [TEST_STEP][NOT_RUN] - com.helper.commonfunct.commonutilities.login: NOT_RUN: com.helper.commonfunct.commonutilities.login

2018-07-12 02:20:14 - [MESSAGE][NOT_RUN] - NOT_RUN: com.helper.commonfunct.commonutilities.login

2018-07-12 02:20:14 - [TEST_STEP][NOT_RUN] - com.helper.commonfunct.commonutilities.search: NOT_RUN: com.helper.commonfunct.commonutilities.search

2018-07-12 02:20:14 - [MESSAGE][NOT_RUN] - NOT_RUN: com.helper.commonfunct.commonutilities.search

2018-07-12 02:20:14 - [TEST_STEP][NOT_RUN] - switchToFrame: NOT_RUN: switchToFrame

2018-07-12 02:20:14 - [MESSAGE][NOT_RUN] - NOT_RUN: switchToFrame

2018-07-12 02:20:14 - [TEST_STEP][NOT_RUN] - com.helper.commonfunct.commonutilities.setprop: NOT_RUN: com.helper.commonfunct.commonutilities.setprop

2018-07-12 02:20:14 - [MESSAGE][NOT_RUN] - NOT_RUN: com.helper.commonfunct.commonutilities.setprop

2018-07-12 02:20:14 - [TEST_STEP][PASSED] - Statement - While (WOSTATUS.contains("PENDING") && AssignmentList.size() > 0): com.helper.commonfunct.commonutilities.searchStatus is PASSED

2018-07-12 02:20:14 - [TEST_STEP][PASSED] - Statement - Status = text: null

2018-07-12 02:20:17 - [TEST_STEP][PASSED] - Statement - println(Status): null

2018-07-12 02:20:17 - [TEST_STEP][PASSED] - Statement - If (Status == "Pending-RDApproval"): com.helper.commonfunct.BEP_CommonMethod.RDapprove is PASSED

2018-07-12 02:20:17 - [TEST_STEP][PASSED] - Statement - If (RDReject == false): com.helper.commonfunct.BEP_CommonMethod.RDapprove is PASSED

2018-07-12 02:20:17 - [TEST_STEP][PASSED] - Statement - If (RouteToRL == true): com.helper.commonfunct.BEP_CommonMethod.RDapprove is PASSED

2018-07-12 02:20:17 - [TEST_STEP][PASSED] - com.helper.commonfunct.commonutilities.login: com.helper.commonfunct.commonutilities.login is PASSED

2018-07-12 02:20:17 - [MESSAGE][WARNING] - A browser is already opened. Closing browser and opening a new one

2018-07-12 02:20:30 - [MESSAGE][PASSED] - Browser is opened with url: ''

2018-07-12 02:20:34 - [MESSAGE][PASSED] - Navigate to 'https://vdaqa.rpega.com:9030/daqa/PRServlet' successfully

2018-07-12 02:20:46 - [MESSAGE][PASSED] - Text 'waink@pegasystems.com' is set on object 'Object Repository/Generic/input_UserIdentifier'

2018-07-12 02:20:58 - [MESSAGE][PASSED] - Text 'install' is set on object 'Object Repository/Generic/input_Password'

2018-07-12 02:21:06 - [MESSAGE][PASSED] - Keys 'ENTER + ' sent to object: 'Object Repository/Generic/input_Password'

2018-07-12 02:21:06 - [MESSAGE][PASSED] - com.helper.commonfunct.commonutilities.login is PASSED

2018-07-12 02:21:06 - [TEST_STEP][PASSED] - com.helper.commonfunct.commonutilities.search: com.helper.commonfunct.commonutilities.search is PASSED

2018-07-12 02:21:10 - [MESSAGE][PASSED] - Current window maximized

2018-07-12 02:21:15 - [MESSAGE][PASSED] - Delayed 5 second(s)

2018-07-12 02:21:28 - [MESSAGE][PASSED] - Text 'BEP-12Jul2018-3' is set on object 'Object Repository/EngInfo/search'

2018-07-12 02:21:31 - [MESSAGE][PASSED] - Delayed 3 second(s)

2018-07-12 02:21:37 - [MESSAGE][PASSED] - Keys 'ENTER + ' sent to object: 'Object Repository/EngInfo/search'

2018-07-12 02:21:44 - [MESSAGE][WARNING] - No alert found after 3 second(s).
[[ATTACHMENT|C:\\DAUIAutomation\\Reports\\Estimate\\20180712_020650\\1531376500720.png]]

2018-07-12 02:21:47 - [MESSAGE][PASSED] - Wait for page load successfully

2018-07-12 02:21:47 - [MESSAGE][PASSED] - com.helper.commonfunct.commonutilities.search is PASSED

2018-07-12 02:21:47 - [TEST_STEP][PASSED] - com.helper.commonfunct.BEP_CommonMethod.RDapprove: com.helper.commonfunct.BEP_CommonMethod.RDapprove is PASSED

2018-07-12 02:21:52 - [MESSAGE][PASSED] - Delayed 5 second(s)

2018-07-12 02:22:08 - [MESSAGE][PASSED] - Delayed 7 second(s)

2018-07-12 02:22:16 - [MESSAGE][PASSED] - Delayed 5 second(s)

2018-07-12 02:22:22 - [MESSAGE][PASSED] - Wait for page load successfully

2018-07-12 02:22:25 - [MESSAGE][PASSED] - Wait for page load successfully

2018-07-12 02:22:28 - [MESSAGE][PASSED] - Wait for page load successfully

2018-07-12 02:22:40 - [MESSAGE][PASSED] - Scroll to object 'Object Repository/Generic/NEXT_BUTTON' successfully

2018-07-12 02:22:46 - [MESSAGE][PASSED] - Object: 'Object Repository/Generic/NEXT_BUTTON' is clicked on

2018-07-12 02:22:51 - [MESSAGE][PASSED] - Delayed 5 second(s)

2018-07-12 02:22:57 - [MESSAGE][PASSED] - Scroll to object 'Object Repository/BEP/Generic/RD_RLApprove' successfully

2018-07-12 02:23:04 - [MESSAGE][PASSED] - Object: 'Object Repository/BEP/Generic/RD_RLApprove' is clicked on

2018-07-12 02:23:09 - [MESSAGE][PASSED] - Delayed 5 second(s)

2018-07-12 02:23:21 - [MESSAGE][PASSED] - Text 'Software Testing' is set on object 'Object Repository/BEP/Generic/BEP_CASENOTES'

2018-07-12 02:23:26 - [MESSAGE][PASSED] - Delayed 5 second(s)

2018-07-12 02:23:32 - [MESSAGE][PASSED] - Scroll to object 'Object Repository/BEP/Generic/FINISH_ASSIGNMENT' successfully

2018-07-12 02:23:41 - [MESSAGE][PASSED] - Wait for page load successfully

2018-07-12 02:23:41 - [MESSAGE][PASSED] - com.helper.commonfunct.BEP_CommonMethod.RDapprove is PASSED

2018-07-12 02:23:41 - [TEST_STEP][PASSED] - com.helper.commonfunct.commonutilities.searchStatus: com.helper.commonfunct.commonutilities.searchStatus is PASSED

2018-07-12 02:23:44 - [MESSAGE][PASSED] - Wait for page load successfully

2018-07-12 02:24:04 - [MESSAGE][PASSED] - Delayed 2 second(s)

2018-07-12 02:24:13 - [MESSAGE][PASSED] - Delayed 2 second(s)

2018-07-12 02:24:22 - [MESSAGE][PASSED] - com.helper.commonfunct.commonutilities.searchStatus is PASSED

2018-07-12 02:24:22 - [TEST_STEP][PASSED] - Statement - Status = text: null

2018-07-12 02:24:25 - [TEST_STEP][PASSED] - Statement - println(Status): null

2018-07-12 02:24:25 - [TEST_STEP][PASSED] - Statement - If (Status == "Pending-RDApproval"): null

2018-07-12 02:24:25 - [TEST_STEP][PASSED] - Statement - Else If (Status == "Pending-RLApproval"): com.helper.commonfunct.BEP_CommonMethod.RLapprove is PASSED

2018-07-12 02:24:25 - [TEST_STEP][PASSED] - Statement - If (RLReject == false): com.helper.commonfunct.BEP_CommonMethod.RLapprove is PASSED

2018-07-12 02:24:25 - [TEST_STEP][PASSED] - com.helper.commonfunct.commonutilities.login: com.helper.commonfunct.commonutilities.login is PASSED

2018-07-12 02:24:25 - [MESSAGE][WARNING] - A browser is already opened. Closing browser and opening a new one

2018-07-12 02:24:37 - [MESSAGE][PASSED] - Browser is opened with url: ''

2018-07-12 02:24:41 - [MESSAGE][PASSED] - Navigate to 'https://vdaqa.rpega.com:9030/daqa/PRServlet' successfully

2018-07-12 02:24:53 - [MESSAGE][PASSED] - Text 'panee@pegasystems.com' is set on object 'Object Repository/Generic/input_UserIdentifier'

2018-07-12 02:25:05 - [MESSAGE][PASSED] - Text 'install' is set on object 'Object Repository/Generic/input_Password'

2018-07-12 02:25:13 - [MESSAGE][PASSED] - Keys 'ENTER + ' sent to object: 'Object Repository/Generic/input_Password'

2018-07-12 02:25:13 - [MESSAGE][PASSED] - com.helper.commonfunct.commonutilities.login is PASSED

2018-07-12 02:25:13 - [TEST_STEP][PASSED] - com.helper.commonfunct.commonutilities.search: com.helper.commonfunct.commonutilities.search is PASSED

2018-07-12 02:25:18 - [MESSAGE][PASSED] - Current window maximized

2018-07-12 02:25:23 - [MESSAGE][PASSED] - Delayed 5 second(s)

2018-07-12 02:25:35 - [MESSAGE][PASSED] - Text 'BEP-12Jul2018-3' is set on object 'Object Repository/EngInfo/search'

2018-07-12 02:25:38 - [MESSAGE][PASSED] - Delayed 3 second(s)

2018-07-12 02:25:44 - [MESSAGE][PASSED] - Keys 'ENTER + ' sent to object: 'Object Repository/EngInfo/search'

2018-07-12 02:25:51 - [MESSAGE][WARNING] - No alert found after 3 second(s).
[[ATTACHMENT|C:\\DAUIAutomation\\Reports\\Estimate\\20180712_020650\\1531376747904.png]]

2018-07-12 02:25:54 - [MESSAGE][PASSED] - Wait for page load successfully

2018-07-12 02:25:54 - [MESSAGE][PASSED] - com.helper.commonfunct.commonutilities.search is PASSED

2018-07-12 02:25:54 - [TEST_STEP][PASSED] - com.helper.commonfunct.BEP_CommonMethod.RLapprove: com.helper.commonfunct.BEP_CommonMethod.RLapprove is PASSED

2018-07-12 02:25:59 - [MESSAGE][PASSED] - Delayed 5 second(s)

2018-07-12 02:26:15 - [MESSAGE][PASSED] - Delayed 7 second(s)

2018-07-12 02:26:23 - [MESSAGE][PASSED] - Delayed 5 second(s)

2018-07-12 02:26:29 - [MESSAGE][PASSED] - Wait for page load successfully

2018-07-12 02:26:32 - [MESSAGE][PASSED] - Wait for page load successfully

2018-07-12 02:26:35 - [MESSAGE][PASSED] - Wait for page load successfully

2018-07-12 02:26:47 - [MESSAGE][PASSED] - Scroll to object 'Object Repository/Generic/NEXT_BUTTON' successfully

2018-07-12 02:26:53 - [MESSAGE][PASSED] - Object: 'Object Repository/Generic/NEXT_BUTTON' is clicked on

2018-07-12 02:26:58 - [MESSAGE][PASSED] - Delayed 5 second(s)

2018-07-12 02:26:58 - [MESSAGE][WARNING] - Timeout '0' is invalid. Using default page load timeout: '30'

2018-07-12 02:27:04 - [MESSAGE][PASSED] - Scroll to object 'Object Repository/BEP/Generic/RD_RLApprove' successfully

2018-07-12 02:27:11 - [MESSAGE][PASSED] - Object: 'Object Repository/BEP/Generic/RD_RLApprove' is clicked on

2018-07-12 02:27:16 - [MESSAGE][PASSED] - Delayed 5 second(s)

2018-07-12 02:27:28 - [MESSAGE][PASSED] - Text 'Software Testing' is set on object 'Object Repository/BEP/Generic/BEP_CASENOTES'

2018-07-12 02:27:33 - [MESSAGE][PASSED] - Delayed 5 second(s)

2018-07-12 02:27:33 - [MESSAGE][WARNING] - Timeout '0' is invalid. Using default page load timeout: '30'

2018-07-12 02:27:39 - [MESSAGE][PASSED] - Scroll to object 'Object Repository/BEP/Generic/FINISH_ASSIGNMENT' successfully

2018-07-12 02:27:50 - [MESSAGE][PASSED] - Delayed 5 second(s)

2018-07-12 02:27:53 - [MESSAGE][PASSED] - Wait for page load successfully

2018-07-12 02:27:53 - [MESSAGE][PASSED] - com.helper.commonfunct.BEP_CommonMethod.RLapprove is PASSED

2018-07-12 02:27:53 - [TEST_STEP][PASSED] - com.helper.commonfunct.commonutilities.searchStatus: com.helper.commonfunct.commonutilities.searchStatus is PASSED

2018-07-12 02:27:56 - [MESSAGE][PASSED] - Wait for page load successfully

2018-07-12 02:28:16 - [MESSAGE][PASSED] - Delayed 2 second(s)

2018-07-12 02:28:24 - [MESSAGE][PASSED] - Delayed 2 second(s)

2018-07-12 02:28:33 - [MESSAGE][PASSED] - com.helper.commonfunct.commonutilities.searchStatus is PASSED

2018-07-12 02:28:33 - [TEST_STEP][PASSED] - Statement - Status = text: null

2018-07-12 02:28:36 - [TEST_STEP][PASSED] - Statement - println(Status): null

2018-07-12 02:28:36 - [TEST_STEP][PASSED] - Statement - If (Status == "Pending-RDApproval"): null

2018-07-12 02:28:36 - [TEST_STEP][PASSED] - Statement - Else If (Status == "Pending-RLApproval"): null

2018-07-12 02:28:36 - [TEST_STEP][PASSED] - Statement - Else If (Status == "Pending-Update"): null

2018-07-12 02:28:36 - [TEST_STEP][PASSED] - Statement - Else If (Status == "Completed"): null

2018-07-12 02:28:36 - [TEST_STEP][PASSED] - Statement - Else If (Status == "Pending-Meeting"): null

2018-07-12 02:28:36 - [TEST_STEP][PASSED] - Statement - Else If (Status == "Pending-EmailCustomer"): com.helper.commonfunct.BEP_CommonMethod.SkipEmail is PASSED

2018-07-12 02:28:36 - [TEST_STEP][PASSED] - Statement - If (SendEmail == true): null

2018-07-12 02:28:36 - [TEST_STEP][PASSED] - Statement - Else: com.helper.commonfunct.BEP_CommonMethod.SkipEmail is PASSED

2018-07-12 02:28:36 - [TEST_STEP][PASSED] - com.helper.commonfunct.commonutilities.login: com.helper.commonfunct.commonutilities.login is PASSED

2018-07-12 02:28:36 - [MESSAGE][WARNING] - A browser is already opened. Closing browser and opening a new one

2018-07-12 02:28:49 - [MESSAGE][PASSED] - Browser is opened with url: ''

2018-07-12 02:28:52 - [MESSAGE][PASSED] - Navigate to 'https://vdaqa.rpega.com:9030/daqa/PRServlet' successfully

2018-07-12 02:29:05 - [MESSAGE][PASSED] - Text 'hendj@pegasystems.com' is set on object 'Object Repository/Generic/input_UserIdentifier'

2018-07-12 02:29:17 - [MESSAGE][PASSED] - Text 'install' is set on object 'Object Repository/Generic/input_Password'

2018-07-12 02:29:25 - [MESSAGE][PASSED] - Keys 'ENTER + ' sent to object: 'Object Repository/Generic/input_Password'

2018-07-12 02:29:25 - [MESSAGE][PASSED] - com.helper.commonfunct.commonutilities.login is PASSED

2018-07-12 02:29:25 - [TEST_STEP][PASSED] - com.helper.commonfunct.commonutilities.search: com.helper.commonfunct.commonutilities.search is PASSED

2018-07-12 02:29:29 - [MESSAGE][PASSED] - Current window maximized

2018-07-12 02:29:34 - [MESSAGE][PASSED] - Delayed 5 second(s)

2018-07-12 02:29:46 - [MESSAGE][PASSED] - Text 'BEP-12Jul2018-3' is set on object 'Object Repository/EngInfo/search'

2018-07-12 02:29:49 - [MESSAGE][PASSED] - Delayed 3 second(s)

2018-07-12 02:29:56 - [MESSAGE][PASSED] - Keys 'ENTER + ' sent to object: 'Object Repository/EngInfo/search'

2018-07-12 02:30:02 - [MESSAGE][WARNING] - No alert found after 3 second(s).
[[ATTACHMENT|C:\\DAUIAutomation\\Reports\\Estimate\\20180712_020650\\1531376999549.png]]

2018-07-12 02:30:05 - [MESSAGE][PASSED] - Wait for page load successfully

2018-07-12 02:30:05 - [MESSAGE][PASSED] - com.helper.commonfunct.commonutilities.search is PASSED

2018-07-12 02:30:05 - [TEST_STEP][PASSED] - com.helper.commonfunct.BEP_CommonMethod.SkipEmail: com.helper.commonfunct.BEP_CommonMethod.SkipEmail is PASSED

2018-07-12 02:30:10 - [MESSAGE][PASSED] - Delayed 5 second(s)

2018-07-12 02:30:27 - [MESSAGE][PASSED] - Delayed 7 second(s)

2018-07-12 02:30:35 - [MESSAGE][PASSED] - Delayed 5 second(s)

2018-07-12 02:30:41 - [MESSAGE][PASSED] - Wait for page load successfully

2018-07-12 02:30:44 - [MESSAGE][PASSED] - Wait for page load successfully

2018-07-12 02:30:47 - [MESSAGE][PASSED] - Wait for page load successfully

2018-07-12 02:30:59 - [MESSAGE][PASSED] - Object: 'Object Repository/BEP/Generic/ECR_CHECKBOX' is clicked on

2018-07-12 02:31:01 - [MESSAGE][PASSED] - Delayed 2 second(s)

2018-07-12 02:31:07 - [MESSAGE][PASSED] - Object: 'Object Repository/BEP/Generic/SKIP_EMAIL_XPATH' is clicked on

2018-07-12 02:31:09 - [MESSAGE][PASSED] - Delayed 2 second(s)

2018-07-12 02:31:15 - [MESSAGE][PASSED] - Keys 'Software Testing' sent to object: 'Object Repository/BEP/Generic/DispositionReason'

2018-07-12 02:31:17 - [MESSAGE][PASSED] - Delayed 2 second(s)

2018-07-12 02:31:42 - [MESSAGE][PASSED] - All options with value 'RFP in process' are selected in object 'Object Repository/BEP/Generic/ReasonCode' 

2018-07-12 02:31:44 - [MESSAGE][PASSED] - Delayed 2 second(s)

2018-07-12 02:31:50 - [MESSAGE][PASSED] - Object: 'Object Repository/BEP/Generic/test' is clicked on

2018-07-12 02:31:52 - [MESSAGE][PASSED] - Delayed 2 second(s)

2018-07-12 02:31:58 - [MESSAGE][PASSED] - Object: 'Object Repository/BEP/Generic/Modal_OK' is clicked on

2018-07-12 02:32:03 - [MESSAGE][PASSED] - Delayed 5 second(s)

2018-07-12 02:32:03 - [MESSAGE][PASSED] - com.helper.commonfunct.BEP_CommonMethod.SkipEmail is PASSED

2018-07-12 02:32:03 - [TEST_STEP][PASSED] - com.helper.commonfunct.commonutilities.searchStatus: com.helper.commonfunct.commonutilities.searchStatus is PASSED

2018-07-12 02:32:06 - [MESSAGE][PASSED] - Wait for page load successfully

2018-07-12 02:32:21 - [MESSAGE][PASSED] - com.helper.commonfunct.commonutilities.searchStatus is PASSED

2018-07-12 02:32:21 - [MESSAGE][PASSED] - Call Test Case 'Test Cases/BEP/Create_Approve_Reject/All_Approval_Reject' successfully]]></system-out>
         <system-err><![CDATA[]]></system-err>
      </testcase>
      <testcase name="Test Cases/BEP/TestCases/TC_CreateBEP_EmailOutput_SendEmail_NoECR" classname="Test Cases/BEP/TestCases/TC_CreateBEP_EmailOutput_SendEmail_NoECR" status="PASSED">
         <system-out><![CDATA[2018-07-12 02:32:21 - [TEST_CASE][PASSED] - Test Cases/BEP/TestCases/TC_CreateBEP_EmailOutput_SendEmail_NoECR: Test Cases/BEP/TestCases/TC_CreateBEP_EmailOutput_SendEmail_NoECR

2018-07-12 02:32:21 - [TEST_STEP][PASSED] - callTestCase: Call Test Case 'Test Cases/BEP/Create_Approve_Reject/Create_BEP_EmailOutput' successfully

2018-07-12 02:32:21 - [TEST_CASE][PASSED] - Test Cases/BEP/Create_Approve_Reject/Create_BEP_EmailOutput: Test Cases/BEP/Create_Approve_Reject/Create_BEP_EmailOutput

2018-07-12 02:32:21 - [TEST_STEP][PASSED] - com.helper.commonfunct.commonutilities.login: com.helper.commonfunct.commonutilities.login is PASSED

2018-07-12 02:32:21 - [MESSAGE][WARNING] - A browser is already opened. Closing browser and opening a new one

2018-07-12 02:32:34 - [MESSAGE][PASSED] - Browser is opened with url: ''

2018-07-12 02:32:38 - [MESSAGE][PASSED] - Navigate to 'https://vdaqa.rpega.com:9030/daqa/PRServlet' successfully

2018-07-12 02:32:50 - [MESSAGE][PASSED] - Text 'hendj@pegasystems.com' is set on object 'Object Repository/Generic/input_UserIdentifier'

2018-07-12 02:33:02 - [MESSAGE][PASSED] - Text 'install' is set on object 'Object Repository/Generic/input_Password'

2018-07-12 02:33:10 - [MESSAGE][PASSED] - Keys 'ENTER + ' sent to object: 'Object Repository/Generic/input_Password'

2018-07-12 02:33:10 - [MESSAGE][PASSED] - com.helper.commonfunct.commonutilities.login is PASSED

2018-07-12 02:33:10 - [TEST_STEP][PASSED] - com.helper.commonfunct.BEP_CommonMethod.Estimate: com.helper.commonfunct.BEP_CommonMethod.Estimate is PASSED

2018-07-12 02:33:14 - [MESSAGE][PASSED] - Current window maximized

2018-07-12 02:33:16 - [MESSAGE][PASSED] - Delayed 2 second(s)

2018-07-12 02:33:22 - [MESSAGE][PASSED] - Object: 'Object Repository/Generic/New' is clicked on

2018-07-12 02:33:26 - [MESSAGE][PASSED] - Delayed 4 second(s)

2018-07-12 02:33:33 - [MESSAGE][PASSED] - Object: 'Object Repository/BEP/Generic/EstimateLink' is clicked on

2018-07-12 02:33:37 - [MESSAGE][PASSED] - Delayed 4 second(s)

2018-07-12 02:33:43 - [MESSAGE][PASSED] - Object: 'Object Repository/ECR/Generic/WOTAB' is clicked on

2018-07-12 02:33:46 - [MESSAGE][PASSED] - Wait for page load successfully

2018-07-12 02:33:57 - [MESSAGE][PASSED] - Delayed 5 second(s)

2018-07-12 02:34:31 - [MESSAGE][WARNING] - Object 'Object Repository/BEP/Generic/import' is not visible after 30 second(s)

2018-07-12 02:34:42 - [MESSAGE][PASSED] - Delayed 5 second(s)

2018-07-12 02:34:48 - [MESSAGE][PASSED] - File 'C:\DAUIAutomation\Data Files\BEP\Estimate.xlsm' sent to object: 'Object Repository/Generic/FilePath'

2018-07-12 02:34:53 - [MESSAGE][PASSED] - Delayed 5 second(s)

2018-07-12 02:35:00 - [MESSAGE][PASSED] - Object: 'Object Repository/Generic/button_Submit' is clicked on

2018-07-12 02:35:10 - [MESSAGE][PASSED] - Delayed 10 second(s)

2018-07-12 02:35:22 - [MESSAGE][PASSED] - Text 'BOFA' is set on object 'Object Repository/Generic/ORG'

2018-07-12 02:35:29 - [MESSAGE][PASSED] - Delayed 7 second(s)

2018-07-12 02:35:35 - [MESSAGE][PASSED] - Keys 'TAB + ' sent to object: 'Object Repository/Generic/ORG'

2018-07-12 02:35:42 - [MESSAGE][PASSED] - Delayed 7 second(s)

2018-07-12 02:35:54 - [MESSAGE][PASSED] - Text 'BOFA' is set on object 'Object Repository/Generic/ACC'

2018-07-12 02:36:01 - [MESSAGE][PASSED] - Delayed 7 second(s)

2018-07-12 02:36:07 - [MESSAGE][PASSED] - Keys 'TAB + ' sent to object: 'Object Repository/Generic/ACC'

2018-07-12 02:36:12 - [MESSAGE][PASSED] - Delayed 5 second(s)

2018-07-12 02:36:20 - [MESSAGE][PASSED] - Text 'The engagement you entered doesn't match' is present on page 

2018-07-12 02:36:32 - [MESSAGE][PASSED] - Text 'AUTOTEST1' is set on object 'Object Repository/Generic/ENG_DESC'

2018-07-12 02:36:37 - [MESSAGE][PASSED] - Delayed 5 second(s)

2018-07-12 02:36:48 - [MESSAGE][PASSED] - Delayed 5 second(s)

2018-07-12 02:37:12 - [MESSAGE][PASSED] - All options with value 'PRD-409' are selected in object 'Object Repository/Generic/PlatformID' 

2018-07-12 02:37:17 - [MESSAGE][PASSED] - Delayed 5 second(s)

2018-07-12 02:37:42 - [MESSAGE][PASSED] - All options with value 'RLS-3176' are selected in object 'Object Repository/Generic/PlatformVersion' 

2018-07-12 02:37:47 - [MESSAGE][PASSED] - Delayed 5 second(s)

2018-07-12 02:37:53 - [MESSAGE][PASSED] - Object: 'Object Repository/Generic/PlatformTrue' is clicked on

2018-07-12 02:37:58 - [MESSAGE][PASSED] - Delayed 5 second(s)

2018-07-12 02:38:19 - [MESSAGE][PASSED] - All options with value 'hendj@pegasystems.com' are selected in object 'Object Repository/EngInfo/PL' 

2018-07-12 02:38:24 - [MESSAGE][PASSED] - Delayed 5 second(s)

2018-07-12 02:38:31 - [MESSAGE][PASSED] - Text 'PL Team Leader' is present on page 

2018-07-12 02:38:52 - [MESSAGE][PASSED] - All options with value 'higgr@pegasystems.com' are selected in object 'Object Repository/EngInfo/PLTL' 

2018-07-12 02:38:57 - [MESSAGE][PASSED] - Delayed 5 second(s)

2018-07-12 02:39:21 - [MESSAGE][PASSED] - All options with value 'waink@pegasystems.com' are selected in object 'Object Repository/EngInfo/RD' 

2018-07-12 02:39:26 - [MESSAGE][PASSED] - Delayed 5 second(s)

2018-07-12 02:39:48 - [MESSAGE][PASSED] - All options with value 'panee@pegasystems.com' are selected in object 'Object Repository/EngInfo/RL' 

2018-07-12 02:39:53 - [MESSAGE][PASSED] - Delayed 5 second(s)

2018-07-12 02:39:59 - [MESSAGE][PASSED] - Scroll to object 'Object Repository/Generic/NEXT_BUTTON' successfully

2018-07-12 02:40:05 - [MESSAGE][PASSED] - Object: 'Object Repository/Generic/NEXT_BUTTON' is clicked on

2018-07-12 02:40:10 - [MESSAGE][PASSED] - Delayed 5 second(s)

2018-07-12 02:40:13 - [MESSAGE][PASSED] - Wait for page load successfully

2018-07-12 02:40:15 - [MESSAGE][PASSED] - Delayed 2 second(s)

2018-07-12 02:40:21 - [MESSAGE][PASSED] - Text of object 'Object Repository/BEP/Generic/DurationLow' is cleared

2018-07-12 02:40:23 - [MESSAGE][PASSED] - Delayed 2 second(s)

2018-07-12 02:40:35 - [MESSAGE][PASSED] - Text '15' is set on object 'Object Repository/BEP/Generic/DurationLow'

2018-07-12 02:40:37 - [MESSAGE][PASSED] - Delayed 2 second(s)

2018-07-12 02:40:43 - [MESSAGE][PASSED] - Text of object 'Object Repository/BEP/Generic/DurationHigh' is cleared

2018-07-12 02:40:45 - [MESSAGE][PASSED] - Delayed 2 second(s)

2018-07-12 02:40:57 - [MESSAGE][PASSED] - Text '15' is set on object 'Object Repository/BEP/Generic/DurationHigh'

2018-07-12 02:40:59 - [MESSAGE][PASSED] - Delayed 2 second(s)

2018-07-12 02:41:05 - [MESSAGE][PASSED] - Text of object 'Object Repository/BEP/Generic/PartnerHoursLow' is cleared

2018-07-12 02:41:07 - [MESSAGE][PASSED] - Delayed 2 second(s)

2018-07-12 02:41:19 - [MESSAGE][PASSED] - Text '15' is set on object 'Object Repository/BEP/Generic/PartnerHoursLow'

2018-07-12 02:41:22 - [MESSAGE][PASSED] - Delayed 2 second(s)

2018-07-12 02:41:28 - [MESSAGE][PASSED] - Text of object 'Object Repository/BEP/Generic/PartnerHoursHigh' is cleared

2018-07-12 02:41:30 - [MESSAGE][PASSED] - Delayed 2 second(s)

2018-07-12 02:41:42 - [MESSAGE][PASSED] - Text '15' is set on object 'Object Repository/BEP/Generic/PartnerHoursHigh'

2018-07-12 02:41:44 - [MESSAGE][PASSED] - Delayed 2 second(s)

2018-07-12 02:41:50 - [MESSAGE][PASSED] - Object: 'Object Repository/BEP/Generic/EstimationMethod' is clicked on

2018-07-12 02:41:55 - [MESSAGE][PASSED] - Delayed 5 second(s)

2018-07-12 02:42:01 - [MESSAGE][PASSED] - Keys 'BSW' sent to object: 'Object Repository/BEP/Generic/EstimationMethod'

2018-07-12 02:42:06 - [MESSAGE][PASSED] - Delayed 5 second(s)

2018-07-12 02:42:12 - [MESSAGE][PASSED] - Scroll to object 'Object Repository/Generic/NEXT_BUTTON' successfully

2018-07-12 02:42:18 - [MESSAGE][PASSED] - Object: 'Object Repository/Generic/NEXT_BUTTON' is clicked on

2018-07-12 02:42:23 - [MESSAGE][PASSED] - Delayed 5 second(s)

2018-07-12 02:42:30 - [MESSAGE][PASSED] - Object: 'Object Repository/BEP/Generic/BEPOutputEmail' is clicked on

2018-07-12 02:42:32 - [MESSAGE][PASSED] - Delayed 2 second(s)

2018-07-12 02:42:38 - [MESSAGE][PASSED] - Object: 'Object Repository/BEP/Generic/RECEIPIENT' is clicked on

2018-07-12 02:42:40 - [MESSAGE][PASSED] - Delayed 2 second(s)

2018-07-12 02:42:46 - [MESSAGE][PASSED] - Object: 'Object Repository/BEP/Generic/AddEmailID' is clicked on

2018-07-12 02:42:48 - [MESSAGE][PASSED] - Delayed 2 second(s)

2018-07-12 02:42:54 - [MESSAGE][PASSED] - Keys 'nagaveni.nipinale@in.pega.com' sent to object: 'Object Repository/BEP/Generic/MAILID_XPATH'

2018-07-12 02:42:56 - [MESSAGE][PASSED] - Delayed 2 second(s)

2018-07-12 02:43:03 - [MESSAGE][PASSED] - Object: 'Object Repository/BEP/Generic/modal_submit' is clicked on

2018-07-12 02:43:05 - [MESSAGE][PASSED] - Delayed 2 second(s)

2018-07-12 02:43:11 - [MESSAGE][PASSED] - Keys 'Test Automation' sent to object: 'Object Repository/BEP/Generic/Email_Subject'

2018-07-12 02:43:17 - [MESSAGE][PASSED] - Scroll to object 'Object Repository/Generic/NEXT_BUTTON' successfully

2018-07-12 02:43:23 - [MESSAGE][PASSED] - Object: 'Object Repository/Generic/NEXT_BUTTON' is clicked on

2018-07-12 02:43:29 - [MESSAGE][PASSED] - Scroll to object 'Object Repository/Generic/FINISH_BUTTON' successfully

2018-07-12 02:43:35 - [MESSAGE][PASSED] - Object: 'Object Repository/Generic/FINISH_BUTTON' is clicked on

2018-07-12 02:43:42 - [MESSAGE][PASSED] - Wait for page load successfully

2018-07-12 02:43:47 - [MESSAGE][PASSED] - Delayed 5 second(s)

2018-07-12 02:43:53 - [MESSAGE][PASSED] - Text of object 'Object Repository/Generic/WOID' is: 'BEP-12Jul2018-6'

2018-07-12 02:43:53 - [MESSAGE][PASSED] - com.helper.commonfunct.BEP_CommonMethod.Estimate is PASSED

2018-07-12 02:43:53 - [TEST_STEP][PASSED] - com.helper.commonfunct.commonutilities.searchStatus: com.helper.commonfunct.commonutilities.searchStatus is PASSED

2018-07-12 02:43:56 - [MESSAGE][PASSED] - Wait for page load successfully

2018-07-12 02:44:16 - [MESSAGE][PASSED] - Delayed 2 second(s)

2018-07-12 02:44:24 - [MESSAGE][PASSED] - Delayed 2 second(s)

2018-07-12 02:44:33 - [MESSAGE][PASSED] - com.helper.commonfunct.commonutilities.searchStatus is PASSED

2018-07-12 02:44:33 - [MESSAGE][PASSED] - Call Test Case 'Test Cases/BEP/Create_Approve_Reject/Create_BEP_EmailOutput' successfully

2018-07-12 02:44:33 - [TEST_STEP][PASSED] - Statement - SendEmail = true: null

2018-07-12 02:44:33 - [TEST_STEP][PASSED] - Statement - CreateECR = false: null

2018-07-12 02:44:33 - [TEST_STEP][PASSED] - callTestCase: Call Test Case 'Test Cases/BEP/Create_Approve_Reject/All_Approval_Reject' successfully

2018-07-12 02:44:33 - [TEST_CASE][PASSED] - Test Cases/BEP/Create_Approve_Reject/All_Approval_Reject: Test Cases/BEP/Create_Approve_Reject/All_Approval_Reject

2018-07-12 02:44:34 - [TEST_STEP][NOT_RUN] - com.helper.commonfunct.commonutilities.login: NOT_RUN: com.helper.commonfunct.commonutilities.login

2018-07-12 02:44:34 - [MESSAGE][NOT_RUN] - NOT_RUN: com.helper.commonfunct.commonutilities.login

2018-07-12 02:44:34 - [TEST_STEP][NOT_RUN] - com.helper.commonfunct.commonutilities.search: NOT_RUN: com.helper.commonfunct.commonutilities.search

2018-07-12 02:44:34 - [MESSAGE][NOT_RUN] - NOT_RUN: com.helper.commonfunct.commonutilities.search

2018-07-12 02:44:34 - [TEST_STEP][NOT_RUN] - switchToFrame: NOT_RUN: switchToFrame

2018-07-12 02:44:34 - [MESSAGE][NOT_RUN] - NOT_RUN: switchToFrame

2018-07-12 02:44:34 - [TEST_STEP][NOT_RUN] - com.helper.commonfunct.commonutilities.setprop: NOT_RUN: com.helper.commonfunct.commonutilities.setprop

2018-07-12 02:44:34 - [MESSAGE][NOT_RUN] - NOT_RUN: com.helper.commonfunct.commonutilities.setprop

2018-07-12 02:44:34 - [TEST_STEP][PASSED] - Statement - While (WOSTATUS.contains("PENDING") && AssignmentList.size() > 0): com.helper.commonfunct.commonutilities.searchStatus is PASSED

2018-07-12 02:44:34 - [TEST_STEP][PASSED] - Statement - Status = text: null

2018-07-12 02:44:37 - [TEST_STEP][PASSED] - Statement - println(Status): null

2018-07-12 02:44:37 - [TEST_STEP][PASSED] - Statement - If (Status == "Pending-RDApproval"): com.helper.commonfunct.BEP_CommonMethod.RDapprove is PASSED

2018-07-12 02:44:37 - [TEST_STEP][PASSED] - Statement - If (RDReject == false): com.helper.commonfunct.BEP_CommonMethod.RDapprove is PASSED

2018-07-12 02:44:37 - [TEST_STEP][PASSED] - Statement - If (RouteToRL == true): com.helper.commonfunct.BEP_CommonMethod.RDapprove is PASSED

2018-07-12 02:44:37 - [TEST_STEP][PASSED] - com.helper.commonfunct.commonutilities.login: com.helper.commonfunct.commonutilities.login is PASSED

2018-07-12 02:44:37 - [MESSAGE][WARNING] - A browser is already opened. Closing browser and opening a new one

2018-07-12 02:44:49 - [MESSAGE][PASSED] - Browser is opened with url: ''

2018-07-12 02:44:53 - [MESSAGE][PASSED] - Navigate to 'https://vdaqa.rpega.com:9030/daqa/PRServlet' successfully

2018-07-12 02:45:05 - [MESSAGE][PASSED] - Text 'waink@pegasystems.com' is set on object 'Object Repository/Generic/input_UserIdentifier'

2018-07-12 02:45:17 - [MESSAGE][PASSED] - Text 'install' is set on object 'Object Repository/Generic/input_Password'

2018-07-12 02:45:26 - [MESSAGE][PASSED] - Keys 'ENTER + ' sent to object: 'Object Repository/Generic/input_Password'

2018-07-12 02:45:26 - [MESSAGE][PASSED] - com.helper.commonfunct.commonutilities.login is PASSED

2018-07-12 02:45:26 - [TEST_STEP][PASSED] - com.helper.commonfunct.commonutilities.search: com.helper.commonfunct.commonutilities.search is PASSED

2018-07-12 02:45:30 - [MESSAGE][PASSED] - Current window maximized

2018-07-12 02:45:35 - [MESSAGE][PASSED] - Delayed 5 second(s)

2018-07-12 02:45:47 - [MESSAGE][PASSED] - Text 'BEP-12Jul2018-6' is set on object 'Object Repository/EngInfo/search'

2018-07-12 02:45:50 - [MESSAGE][PASSED] - Delayed 3 second(s)

2018-07-12 02:45:56 - [MESSAGE][PASSED] - Keys 'ENTER + ' sent to object: 'Object Repository/EngInfo/search'

2018-07-12 02:46:03 - [MESSAGE][WARNING] - No alert found after 3 second(s).
[[ATTACHMENT|C:\\DAUIAutomation\\Reports\\Estimate\\20180712_020650\\1531377960355.png]]

2018-07-12 02:46:06 - [MESSAGE][PASSED] - Wait for page load successfully

2018-07-12 02:46:06 - [MESSAGE][PASSED] - com.helper.commonfunct.commonutilities.search is PASSED

2018-07-12 02:46:06 - [TEST_STEP][PASSED] - com.helper.commonfunct.BEP_CommonMethod.RDapprove: com.helper.commonfunct.BEP_CommonMethod.RDapprove is PASSED

2018-07-12 02:46:11 - [MESSAGE][PASSED] - Delayed 5 second(s)

2018-07-12 02:46:27 - [MESSAGE][PASSED] - Delayed 7 second(s)

2018-07-12 02:46:35 - [MESSAGE][PASSED] - Delayed 5 second(s)

2018-07-12 02:46:42 - [MESSAGE][PASSED] - Wait for page load successfully

2018-07-12 02:46:45 - [MESSAGE][PASSED] - Wait for page load successfully

2018-07-12 02:46:48 - [MESSAGE][PASSED] - Wait for page load successfully

2018-07-12 02:47:00 - [MESSAGE][PASSED] - Scroll to object 'Object Repository/Generic/NEXT_BUTTON' successfully

2018-07-12 02:47:06 - [MESSAGE][PASSED] - Object: 'Object Repository/Generic/NEXT_BUTTON' is clicked on

2018-07-12 02:47:11 - [MESSAGE][PASSED] - Delayed 5 second(s)

2018-07-12 02:47:17 - [MESSAGE][PASSED] - Scroll to object 'Object Repository/BEP/Generic/RD_RLApprove' successfully

2018-07-12 02:47:23 - [MESSAGE][PASSED] - Object: 'Object Repository/BEP/Generic/RD_RLApprove' is clicked on

2018-07-12 02:47:28 - [MESSAGE][PASSED] - Delayed 5 second(s)

2018-07-12 02:47:40 - [MESSAGE][PASSED] - Text 'Software Testing' is set on object 'Object Repository/BEP/Generic/BEP_CASENOTES'

2018-07-12 02:47:45 - [MESSAGE][PASSED] - Delayed 5 second(s)

2018-07-12 02:47:51 - [MESSAGE][PASSED] - Scroll to object 'Object Repository/BEP/Generic/FINISH_ASSIGNMENT' successfully

2018-07-12 02:48:05 - [MESSAGE][PASSED] - Wait for page load successfully

2018-07-12 02:48:05 - [MESSAGE][PASSED] - com.helper.commonfunct.BEP_CommonMethod.RDapprove is PASSED

2018-07-12 02:48:05 - [TEST_STEP][PASSED] - com.helper.commonfunct.commonutilities.searchStatus: com.helper.commonfunct.commonutilities.searchStatus is PASSED

2018-07-12 02:48:08 - [MESSAGE][PASSED] - Wait for page load successfully

2018-07-12 02:48:28 - [MESSAGE][PASSED] - Delayed 2 second(s)

2018-07-12 02:48:36 - [MESSAGE][PASSED] - Delayed 2 second(s)

2018-07-12 02:48:45 - [MESSAGE][PASSED] - com.helper.commonfunct.commonutilities.searchStatus is PASSED

2018-07-12 02:48:45 - [TEST_STEP][PASSED] - Statement - Status = text: null

2018-07-12 02:48:48 - [TEST_STEP][PASSED] - Statement - println(Status): null

2018-07-12 02:48:48 - [TEST_STEP][PASSED] - Statement - If (Status == "Pending-RDApproval"): null

2018-07-12 02:48:48 - [TEST_STEP][PASSED] - Statement - Else If (Status == "Pending-RLApproval"): com.helper.commonfunct.BEP_CommonMethod.RLapprove is PASSED

2018-07-12 02:48:48 - [TEST_STEP][PASSED] - Statement - If (RLReject == false): com.helper.commonfunct.BEP_CommonMethod.RLapprove is PASSED

2018-07-12 02:48:48 - [TEST_STEP][PASSED] - com.helper.commonfunct.commonutilities.login: com.helper.commonfunct.commonutilities.login is PASSED

2018-07-12 02:48:48 - [MESSAGE][WARNING] - A browser is already opened. Closing browser and opening a new one

2018-07-12 02:49:01 - [MESSAGE][PASSED] - Browser is opened with url: ''

2018-07-12 02:49:04 - [MESSAGE][PASSED] - Navigate to 'https://vdaqa.rpega.com:9030/daqa/PRServlet' successfully

2018-07-12 02:49:16 - [MESSAGE][PASSED] - Text 'panee@pegasystems.com' is set on object 'Object Repository/Generic/input_UserIdentifier'

2018-07-12 02:49:28 - [MESSAGE][PASSED] - Text 'install' is set on object 'Object Repository/Generic/input_Password'

2018-07-12 02:49:36 - [MESSAGE][PASSED] - Keys 'ENTER + ' sent to object: 'Object Repository/Generic/input_Password'

2018-07-12 02:49:36 - [MESSAGE][PASSED] - com.helper.commonfunct.commonutilities.login is PASSED

2018-07-12 02:49:36 - [TEST_STEP][PASSED] - com.helper.commonfunct.commonutilities.search: com.helper.commonfunct.commonutilities.search is PASSED

2018-07-12 02:49:41 - [MESSAGE][PASSED] - Current window maximized

2018-07-12 02:49:46 - [MESSAGE][PASSED] - Delayed 5 second(s)

2018-07-12 02:49:58 - [MESSAGE][PASSED] - Text 'BEP-12Jul2018-6' is set on object 'Object Repository/EngInfo/search'

2018-07-12 02:50:01 - [MESSAGE][PASSED] - Delayed 3 second(s)

2018-07-12 02:50:07 - [MESSAGE][PASSED] - Keys 'ENTER + ' sent to object: 'Object Repository/EngInfo/search'

2018-07-12 02:50:14 - [MESSAGE][WARNING] - No alert found after 3 second(s).
[[ATTACHMENT|C:\\DAUIAutomation\\Reports\\Estimate\\20180712_020650\\1531378210772.png]]

2018-07-12 02:50:17 - [MESSAGE][PASSED] - Wait for page load successfully

2018-07-12 02:50:17 - [MESSAGE][PASSED] - com.helper.commonfunct.commonutilities.search is PASSED

2018-07-12 02:50:17 - [TEST_STEP][PASSED] - com.helper.commonfunct.BEP_CommonMethod.RLapprove: com.helper.commonfunct.BEP_CommonMethod.RLapprove is PASSED

2018-07-12 02:50:22 - [MESSAGE][PASSED] - Delayed 5 second(s)

2018-07-12 02:50:38 - [MESSAGE][PASSED] - Delayed 7 second(s)

2018-07-12 02:50:46 - [MESSAGE][PASSED] - Delayed 5 second(s)

2018-07-12 02:50:52 - [MESSAGE][PASSED] - Wait for page load successfully

2018-07-12 02:50:55 - [MESSAGE][PASSED] - Wait for page load successfully

2018-07-12 02:50:58 - [MESSAGE][PASSED] - Wait for page load successfully

2018-07-12 02:51:10 - [MESSAGE][PASSED] - Scroll to object 'Object Repository/Generic/NEXT_BUTTON' successfully

2018-07-12 02:51:16 - [MESSAGE][PASSED] - Object: 'Object Repository/Generic/NEXT_BUTTON' is clicked on

2018-07-12 02:51:21 - [MESSAGE][PASSED] - Delayed 5 second(s)

2018-07-12 02:51:21 - [MESSAGE][WARNING] - Timeout '0' is invalid. Using default page load timeout: '30'

2018-07-12 02:51:27 - [MESSAGE][PASSED] - Scroll to object 'Object Repository/BEP/Generic/RD_RLApprove' successfully

2018-07-12 02:51:33 - [MESSAGE][PASSED] - Object: 'Object Repository/BEP/Generic/RD_RLApprove' is clicked on

2018-07-12 02:51:38 - [MESSAGE][PASSED] - Delayed 5 second(s)

2018-07-12 02:51:51 - [MESSAGE][PASSED] - Text 'Software Testing' is set on object 'Object Repository/BEP/Generic/BEP_CASENOTES'

2018-07-12 02:51:56 - [MESSAGE][PASSED] - Delayed 5 second(s)

2018-07-12 02:51:56 - [MESSAGE][WARNING] - Timeout '0' is invalid. Using default page load timeout: '30'

2018-07-12 02:52:02 - [MESSAGE][PASSED] - Scroll to object 'Object Repository/BEP/Generic/FINISH_ASSIGNMENT' successfully

2018-07-12 02:52:13 - [MESSAGE][PASSED] - Delayed 5 second(s)

2018-07-12 02:52:16 - [MESSAGE][PASSED] - Wait for page load successfully

2018-07-12 02:52:16 - [MESSAGE][PASSED] - com.helper.commonfunct.BEP_CommonMethod.RLapprove is PASSED

2018-07-12 02:52:16 - [TEST_STEP][PASSED] - com.helper.commonfunct.commonutilities.searchStatus: com.helper.commonfunct.commonutilities.searchStatus is PASSED

2018-07-12 02:52:19 - [MESSAGE][PASSED] - Wait for page load successfully

2018-07-12 02:52:39 - [MESSAGE][PASSED] - Delayed 2 second(s)

2018-07-12 02:52:47 - [MESSAGE][PASSED] - Delayed 2 second(s)

2018-07-12 02:52:56 - [MESSAGE][PASSED] - com.helper.commonfunct.commonutilities.searchStatus is PASSED

2018-07-12 02:52:56 - [TEST_STEP][PASSED] - Statement - Status = text: null

2018-07-12 02:52:59 - [TEST_STEP][PASSED] - Statement - println(Status): null

2018-07-12 02:52:59 - [TEST_STEP][PASSED] - Statement - If (Status == "Pending-RDApproval"): null

2018-07-12 02:52:59 - [TEST_STEP][PASSED] - Statement - Else If (Status == "Pending-RLApproval"): null

2018-07-12 02:52:59 - [TEST_STEP][PASSED] - Statement - Else If (Status == "Pending-Update"): null

2018-07-12 02:52:59 - [TEST_STEP][PASSED] - Statement - Else If (Status == "Completed"): null

2018-07-12 02:52:59 - [TEST_STEP][PASSED] - Statement - Else If (Status == "Pending-Meeting"): null

2018-07-12 02:52:59 - [TEST_STEP][PASSED] - Statement - Else If (Status == "Pending-EmailCustomer"): com.helper.commonfunct.BEP_CommonMethod.EmailCustomer is PASSED

2018-07-12 02:52:59 - [TEST_STEP][PASSED] - Statement - If (SendEmail == true): com.helper.commonfunct.BEP_CommonMethod.EmailCustomer is PASSED

2018-07-12 02:52:59 - [TEST_STEP][PASSED] - com.helper.commonfunct.commonutilities.login: com.helper.commonfunct.commonutilities.login is PASSED

2018-07-12 02:52:59 - [MESSAGE][WARNING] - A browser is already opened. Closing browser and opening a new one

2018-07-12 02:53:12 - [MESSAGE][PASSED] - Browser is opened with url: ''

2018-07-12 02:53:15 - [MESSAGE][PASSED] - Navigate to 'https://vdaqa.rpega.com:9030/daqa/PRServlet' successfully

2018-07-12 02:53:27 - [MESSAGE][PASSED] - Text 'hendj@pegasystems.com' is set on object 'Object Repository/Generic/input_UserIdentifier'

2018-07-12 02:53:40 - [MESSAGE][PASSED] - Text 'install' is set on object 'Object Repository/Generic/input_Password'

2018-07-12 02:53:48 - [MESSAGE][PASSED] - Keys 'ENTER + ' sent to object: 'Object Repository/Generic/input_Password'

2018-07-12 02:53:48 - [MESSAGE][PASSED] - com.helper.commonfunct.commonutilities.login is PASSED

2018-07-12 02:53:48 - [TEST_STEP][PASSED] - com.helper.commonfunct.commonutilities.search: com.helper.commonfunct.commonutilities.search is PASSED

2018-07-12 02:53:52 - [MESSAGE][PASSED] - Current window maximized

2018-07-12 02:53:57 - [MESSAGE][PASSED] - Delayed 5 second(s)

2018-07-12 02:54:09 - [MESSAGE][PASSED] - Text 'BEP-12Jul2018-6' is set on object 'Object Repository/EngInfo/search'

2018-07-12 02:54:12 - [MESSAGE][PASSED] - Delayed 3 second(s)

2018-07-12 02:54:18 - [MESSAGE][PASSED] - Keys 'ENTER + ' sent to object: 'Object Repository/EngInfo/search'

2018-07-12 02:54:25 - [MESSAGE][WARNING] - No alert found after 3 second(s).
[[ATTACHMENT|C:\\DAUIAutomation\\Reports\\Estimate\\20180712_020650\\1531378462028.png]]

2018-07-12 02:54:28 - [MESSAGE][PASSED] - Wait for page load successfully

2018-07-12 02:54:28 - [MESSAGE][PASSED] - com.helper.commonfunct.commonutilities.search is PASSED

2018-07-12 02:54:28 - [TEST_STEP][PASSED] - com.helper.commonfunct.BEP_CommonMethod.EmailCustomer: com.helper.commonfunct.BEP_CommonMethod.EmailCustomer is PASSED

2018-07-12 02:54:33 - [MESSAGE][PASSED] - Delayed 5 second(s)

2018-07-12 02:54:49 - [MESSAGE][PASSED] - Delayed 7 second(s)

2018-07-12 02:54:57 - [MESSAGE][PASSED] - Delayed 5 second(s)

2018-07-12 02:55:03 - [MESSAGE][PASSED] - Wait for page load successfully

2018-07-12 02:55:06 - [MESSAGE][PASSED] - Wait for page load successfully

2018-07-12 02:55:09 - [MESSAGE][PASSED] - Wait for page load successfully

2018-07-12 02:55:21 - [MESSAGE][PASSED] - Object: 'Object Repository/BEP/Generic/SEND_EMAIL' is clicked on

2018-07-12 02:55:26 - [MESSAGE][PASSED] - Delayed 5 second(s)

2018-07-12 02:55:26 - [MESSAGE][PASSED] - com.helper.commonfunct.BEP_CommonMethod.EmailCustomer is PASSED

2018-07-12 02:55:26 - [TEST_STEP][PASSED] - com.helper.commonfunct.commonutilities.searchStatus: com.helper.commonfunct.commonutilities.searchStatus is PASSED

2018-07-12 02:55:29 - [MESSAGE][PASSED] - Wait for page load successfully

2018-07-12 02:55:45 - [MESSAGE][PASSED] - com.helper.commonfunct.commonutilities.searchStatus is PASSED

2018-07-12 02:55:45 - [MESSAGE][PASSED] - Call Test Case 'Test Cases/BEP/Create_Approve_Reject/All_Approval_Reject' successfully]]></system-out>
         <system-err><![CDATA[]]></system-err>
      </testcase>
      <testcase name="Test Cases/BEP/TestCases/TC_CreateBEP_EmailOutput_SkipEmail_CreateECR" classname="Test Cases/BEP/TestCases/TC_CreateBEP_EmailOutput_SkipEmail_CreateECR" status="PASSED">
         <system-out><![CDATA[2018-07-12 02:55:45 - [TEST_CASE][PASSED] - Test Cases/BEP/TestCases/TC_CreateBEP_EmailOutput_SkipEmail_CreateECR: Test Cases/BEP/TestCases/TC_CreateBEP_EmailOutput_SkipEmail_CreateECR

2018-07-12 02:55:45 - [TEST_STEP][PASSED] - callTestCase: Call Test Case 'Test Cases/BEP/Create_Approve_Reject/Create_BEP_EmailOutput' successfully

2018-07-12 02:55:45 - [TEST_CASE][PASSED] - Test Cases/BEP/Create_Approve_Reject/Create_BEP_EmailOutput: Test Cases/BEP/Create_Approve_Reject/Create_BEP_EmailOutput

2018-07-12 02:55:45 - [TEST_STEP][PASSED] - com.helper.commonfunct.commonutilities.login: com.helper.commonfunct.commonutilities.login is PASSED

2018-07-12 02:55:45 - [MESSAGE][WARNING] - A browser is already opened. Closing browser and opening a new one

2018-07-12 02:55:58 - [MESSAGE][PASSED] - Browser is opened with url: ''

2018-07-12 02:56:01 - [MESSAGE][PASSED] - Navigate to 'https://vdaqa.rpega.com:9030/daqa/PRServlet' successfully

2018-07-12 02:56:14 - [MESSAGE][PASSED] - Text 'hendj@pegasystems.com' is set on object 'Object Repository/Generic/input_UserIdentifier'

2018-07-12 02:56:26 - [MESSAGE][PASSED] - Text 'install' is set on object 'Object Repository/Generic/input_Password'

2018-07-12 02:56:34 - [MESSAGE][PASSED] - Keys 'ENTER + ' sent to object: 'Object Repository/Generic/input_Password'

2018-07-12 02:56:34 - [MESSAGE][PASSED] - com.helper.commonfunct.commonutilities.login is PASSED

2018-07-12 02:56:34 - [TEST_STEP][PASSED] - com.helper.commonfunct.BEP_CommonMethod.Estimate: com.helper.commonfunct.BEP_CommonMethod.Estimate is PASSED

2018-07-12 02:56:38 - [MESSAGE][PASSED] - Current window maximized

2018-07-12 02:56:40 - [MESSAGE][PASSED] - Delayed 2 second(s)

2018-07-12 02:56:46 - [MESSAGE][PASSED] - Object: 'Object Repository/Generic/New' is clicked on

2018-07-12 02:56:50 - [MESSAGE][PASSED] - Delayed 4 second(s)

2018-07-12 02:56:56 - [MESSAGE][PASSED] - Object: 'Object Repository/BEP/Generic/EstimateLink' is clicked on

2018-07-12 02:57:00 - [MESSAGE][PASSED] - Delayed 4 second(s)

2018-07-12 02:57:06 - [MESSAGE][PASSED] - Object: 'Object Repository/ECR/Generic/WOTAB' is clicked on

2018-07-12 02:57:09 - [MESSAGE][PASSED] - Wait for page load successfully

2018-07-12 02:57:21 - [MESSAGE][PASSED] - Delayed 5 second(s)

2018-07-12 02:57:55 - [MESSAGE][WARNING] - Object 'Object Repository/BEP/Generic/import' is not visible after 30 second(s)

2018-07-12 02:58:06 - [MESSAGE][PASSED] - Delayed 5 second(s)

2018-07-12 02:58:12 - [MESSAGE][PASSED] - File 'C:\DAUIAutomation\Data Files\BEP\Estimate.xlsm' sent to object: 'Object Repository/Generic/FilePath'

2018-07-12 02:58:17 - [MESSAGE][PASSED] - Delayed 5 second(s)

2018-07-12 02:58:23 - [MESSAGE][PASSED] - Object: 'Object Repository/Generic/button_Submit' is clicked on

2018-07-12 02:58:33 - [MESSAGE][PASSED] - Delayed 10 second(s)

2018-07-12 02:58:45 - [MESSAGE][PASSED] - Text 'BOFA' is set on object 'Object Repository/Generic/ORG'

2018-07-12 02:58:52 - [MESSAGE][PASSED] - Delayed 7 second(s)

2018-07-12 02:58:59 - [MESSAGE][PASSED] - Keys 'TAB + ' sent to object: 'Object Repository/Generic/ORG'

2018-07-12 02:59:06 - [MESSAGE][PASSED] - Delayed 7 second(s)

2018-07-12 02:59:18 - [MESSAGE][PASSED] - Text 'BOFA' is set on object 'Object Repository/Generic/ACC'

2018-07-12 02:59:25 - [MESSAGE][PASSED] - Delayed 7 second(s)

2018-07-12 02:59:31 - [MESSAGE][PASSED] - Keys 'TAB + ' sent to object: 'Object Repository/Generic/ACC'

2018-07-12 02:59:36 - [MESSAGE][PASSED] - Delayed 5 second(s)

2018-07-12 02:59:43 - [MESSAGE][PASSED] - Text 'The engagement you entered doesn't match' is present on page 

2018-07-12 02:59:55 - [MESSAGE][PASSED] - Text 'AUTOTEST1' is set on object 'Object Repository/Generic/ENG_DESC'

2018-07-12 03:00:00 - [MESSAGE][PASSED] - Delayed 5 second(s)

2018-07-12 03:00:12 - [MESSAGE][PASSED] - Delayed 5 second(s)

2018-07-12 03:00:36 - [MESSAGE][PASSED] - All options with value 'PRD-409' are selected in object 'Object Repository/Generic/PlatformID' 

2018-07-12 03:00:41 - [MESSAGE][PASSED] - Delayed 5 second(s)

2018-07-12 03:01:05 - [MESSAGE][PASSED] - All options with value 'RLS-3176' are selected in object 'Object Repository/Generic/PlatformVersion' 

2018-07-12 03:01:10 - [MESSAGE][PASSED] - Delayed 5 second(s)

2018-07-12 03:01:16 - [MESSAGE][PASSED] - Object: 'Object Repository/Generic/PlatformTrue' is clicked on

2018-07-12 03:01:21 - [MESSAGE][PASSED] - Delayed 5 second(s)

2018-07-12 03:01:42 - [MESSAGE][PASSED] - All options with value 'hendj@pegasystems.com' are selected in object 'Object Repository/EngInfo/PL' 

2018-07-12 03:01:47 - [MESSAGE][PASSED] - Delayed 5 second(s)

2018-07-12 03:01:54 - [MESSAGE][PASSED] - Text 'PL Team Leader' is present on page 

2018-07-12 03:02:16 - [MESSAGE][PASSED] - All options with value 'higgr@pegasystems.com' are selected in object 'Object Repository/EngInfo/PLTL' 

2018-07-12 03:02:21 - [MESSAGE][PASSED] - Delayed 5 second(s)

2018-07-12 03:02:45 - [MESSAGE][PASSED] - All options with value 'waink@pegasystems.com' are selected in object 'Object Repository/EngInfo/RD' 

2018-07-12 03:02:50 - [MESSAGE][PASSED] - Delayed 5 second(s)

2018-07-12 03:03:11 - [MESSAGE][PASSED] - All options with value 'panee@pegasystems.com' are selected in object 'Object Repository/EngInfo/RL' 

2018-07-12 03:03:16 - [MESSAGE][PASSED] - Delayed 5 second(s)

2018-07-12 03:03:22 - [MESSAGE][PASSED] - Scroll to object 'Object Repository/Generic/NEXT_BUTTON' successfully

2018-07-12 03:03:28 - [MESSAGE][PASSED] - Object: 'Object Repository/Generic/NEXT_BUTTON' is clicked on

2018-07-12 03:03:33 - [MESSAGE][PASSED] - Delayed 5 second(s)

2018-07-12 03:03:36 - [MESSAGE][PASSED] - Wait for page load successfully

2018-07-12 03:03:38 - [MESSAGE][PASSED] - Delayed 2 second(s)

2018-07-12 03:03:44 - [MESSAGE][PASSED] - Text of object 'Object Repository/BEP/Generic/DurationLow' is cleared

2018-07-12 03:03:46 - [MESSAGE][PASSED] - Delayed 2 second(s)

2018-07-12 03:03:58 - [MESSAGE][PASSED] - Text '15' is set on object 'Object Repository/BEP/Generic/DurationLow'

2018-07-12 03:04:00 - [MESSAGE][PASSED] - Delayed 2 second(s)

2018-07-12 03:04:06 - [MESSAGE][PASSED] - Text of object 'Object Repository/BEP/Generic/DurationHigh' is cleared

2018-07-12 03:04:08 - [MESSAGE][PASSED] - Delayed 2 second(s)

2018-07-12 03:04:21 - [MESSAGE][PASSED] - Text '15' is set on object 'Object Repository/BEP/Generic/DurationHigh'

2018-07-12 03:04:23 - [MESSAGE][PASSED] - Delayed 2 second(s)

2018-07-12 03:04:29 - [MESSAGE][PASSED] - Text of object 'Object Repository/BEP/Generic/PartnerHoursLow' is cleared

2018-07-12 03:04:31 - [MESSAGE][PASSED] - Delayed 2 second(s)

2018-07-12 03:04:43 - [MESSAGE][PASSED] - Text '15' is set on object 'Object Repository/BEP/Generic/PartnerHoursLow'

2018-07-12 03:04:45 - [MESSAGE][PASSED] - Delayed 2 second(s)

2018-07-12 03:04:51 - [MESSAGE][PASSED] - Text of object 'Object Repository/BEP/Generic/PartnerHoursHigh' is cleared

2018-07-12 03:04:53 - [MESSAGE][PASSED] - Delayed 2 second(s)

2018-07-12 03:05:05 - [MESSAGE][PASSED] - Text '15' is set on object 'Object Repository/BEP/Generic/PartnerHoursHigh'

2018-07-12 03:05:07 - [MESSAGE][PASSED] - Delayed 2 second(s)

2018-07-12 03:05:13 - [MESSAGE][PASSED] - Object: 'Object Repository/BEP/Generic/EstimationMethod' is clicked on

2018-07-12 03:05:18 - [MESSAGE][PASSED] - Delayed 5 second(s)

2018-07-12 03:05:24 - [MESSAGE][PASSED] - Keys 'BSW' sent to object: 'Object Repository/BEP/Generic/EstimationMethod'

2018-07-12 03:05:29 - [MESSAGE][PASSED] - Delayed 5 second(s)

2018-07-12 03:05:35 - [MESSAGE][PASSED] - Scroll to object 'Object Repository/Generic/NEXT_BUTTON' successfully

2018-07-12 03:05:42 - [MESSAGE][PASSED] - Object: 'Object Repository/Generic/NEXT_BUTTON' is clicked on

2018-07-12 03:05:47 - [MESSAGE][PASSED] - Delayed 5 second(s)

2018-07-12 03:05:53 - [MESSAGE][PASSED] - Object: 'Object Repository/BEP/Generic/BEPOutputEmail' is clicked on

2018-07-12 03:05:55 - [MESSAGE][PASSED] - Delayed 2 second(s)

2018-07-12 03:06:01 - [MESSAGE][PASSED] - Object: 'Object Repository/BEP/Generic/RECEIPIENT' is clicked on

2018-07-12 03:06:03 - [MESSAGE][PASSED] - Delayed 2 second(s)

2018-07-12 03:06:09 - [MESSAGE][PASSED] - Object: 'Object Repository/BEP/Generic/AddEmailID' is clicked on

2018-07-12 03:06:11 - [MESSAGE][PASSED] - Delayed 2 second(s)

2018-07-12 03:06:18 - [MESSAGE][PASSED] - Keys 'nagaveni.nipinale@in.pega.com' sent to object: 'Object Repository/BEP/Generic/MAILID_XPATH'

2018-07-12 03:06:20 - [MESSAGE][PASSED] - Delayed 2 second(s)

2018-07-12 03:06:26 - [MESSAGE][PASSED] - Object: 'Object Repository/BEP/Generic/modal_submit' is clicked on

2018-07-12 03:06:28 - [MESSAGE][PASSED] - Delayed 2 second(s)

2018-07-12 03:06:34 - [MESSAGE][PASSED] - Keys 'Test Automation' sent to object: 'Object Repository/BEP/Generic/Email_Subject'

2018-07-12 03:06:40 - [MESSAGE][PASSED] - Scroll to object 'Object Repository/Generic/NEXT_BUTTON' successfully

2018-07-12 03:06:46 - [MESSAGE][PASSED] - Object: 'Object Repository/Generic/NEXT_BUTTON' is clicked on

2018-07-12 03:06:52 - [MESSAGE][PASSED] - Scroll to object 'Object Repository/Generic/FINISH_BUTTON' successfully

2018-07-12 03:06:59 - [MESSAGE][PASSED] - Object: 'Object Repository/Generic/FINISH_BUTTON' is clicked on

2018-07-12 03:07:02 - [MESSAGE][PASSED] - Wait for page load successfully

2018-07-12 03:07:07 - [MESSAGE][PASSED] - Delayed 5 second(s)

2018-07-12 03:07:13 - [MESSAGE][PASSED] - Text of object 'Object Repository/Generic/WOID' is: 'BEP-12Jul2018-7'

2018-07-12 03:07:13 - [MESSAGE][PASSED] - com.helper.commonfunct.BEP_CommonMethod.Estimate is PASSED

2018-07-12 03:07:13 - [TEST_STEP][PASSED] - com.helper.commonfunct.commonutilities.searchStatus: com.helper.commonfunct.commonutilities.searchStatus is PASSED

2018-07-12 03:07:16 - [MESSAGE][PASSED] - Wait for page load successfully

2018-07-12 03:07:36 - [MESSAGE][PASSED] - Delayed 2 second(s)

2018-07-12 03:07:44 - [MESSAGE][PASSED] - Delayed 2 second(s)

2018-07-12 03:07:53 - [MESSAGE][PASSED] - com.helper.commonfunct.commonutilities.searchStatus is PASSED

2018-07-12 03:07:53 - [MESSAGE][PASSED] - Call Test Case 'Test Cases/BEP/Create_Approve_Reject/Create_BEP_EmailOutput' successfully

2018-07-12 03:07:53 - [TEST_STEP][PASSED] - Statement - SendEmail = false: null

2018-07-12 03:07:53 - [TEST_STEP][PASSED] - Statement - CreateECR = true: null

2018-07-12 03:07:53 - [TEST_STEP][PASSED] - callTestCase: Call Test Case 'Test Cases/BEP/Create_Approve_Reject/All_Approval_Reject' successfully

2018-07-12 03:07:53 - [TEST_CASE][PASSED] - Test Cases/BEP/Create_Approve_Reject/All_Approval_Reject: Test Cases/BEP/Create_Approve_Reject/All_Approval_Reject

2018-07-12 03:07:53 - [TEST_STEP][NOT_RUN] - com.helper.commonfunct.commonutilities.login: NOT_RUN: com.helper.commonfunct.commonutilities.login

2018-07-12 03:07:53 - [MESSAGE][NOT_RUN] - NOT_RUN: com.helper.commonfunct.commonutilities.login

2018-07-12 03:07:53 - [TEST_STEP][NOT_RUN] - com.helper.commonfunct.commonutilities.search: NOT_RUN: com.helper.commonfunct.commonutilities.search

2018-07-12 03:07:53 - [MESSAGE][NOT_RUN] - NOT_RUN: com.helper.commonfunct.commonutilities.search

2018-07-12 03:07:53 - [TEST_STEP][NOT_RUN] - switchToFrame: NOT_RUN: switchToFrame

2018-07-12 03:07:53 - [MESSAGE][NOT_RUN] - NOT_RUN: switchToFrame

2018-07-12 03:07:53 - [TEST_STEP][NOT_RUN] - com.helper.commonfunct.commonutilities.setprop: NOT_RUN: com.helper.commonfunct.commonutilities.setprop

2018-07-12 03:07:53 - [MESSAGE][NOT_RUN] - NOT_RUN: com.helper.commonfunct.commonutilities.setprop

2018-07-12 03:07:53 - [TEST_STEP][PASSED] - Statement - While (WOSTATUS.contains("PENDING") && AssignmentList.size() > 0): com.helper.commonfunct.commonutilities.searchStatus is PASSED

2018-07-12 03:07:53 - [TEST_STEP][PASSED] - Statement - Status = text: null

2018-07-12 03:07:56 - [TEST_STEP][PASSED] - Statement - println(Status): null

2018-07-12 03:07:56 - [TEST_STEP][PASSED] - Statement - If (Status == "Pending-RDApproval"): com.helper.commonfunct.BEP_CommonMethod.RDapprove is PASSED

2018-07-12 03:07:56 - [TEST_STEP][PASSED] - Statement - If (RDReject == false): com.helper.commonfunct.BEP_CommonMethod.RDapprove is PASSED

2018-07-12 03:07:56 - [TEST_STEP][PASSED] - Statement - If (RouteToRL == true): com.helper.commonfunct.BEP_CommonMethod.RDapprove is PASSED

2018-07-12 03:07:56 - [TEST_STEP][PASSED] - com.helper.commonfunct.commonutilities.login: com.helper.commonfunct.commonutilities.login is PASSED

2018-07-12 03:07:56 - [MESSAGE][WARNING] - A browser is already opened. Closing browser and opening a new one

2018-07-12 03:08:09 - [MESSAGE][PASSED] - Browser is opened with url: ''

2018-07-12 03:08:12 - [MESSAGE][PASSED] - Navigate to 'https://vdaqa.rpega.com:9030/daqa/PRServlet' successfully

2018-07-12 03:08:24 - [MESSAGE][PASSED] - Text 'waink@pegasystems.com' is set on object 'Object Repository/Generic/input_UserIdentifier'

2018-07-12 03:08:37 - [MESSAGE][PASSED] - Text 'install' is set on object 'Object Repository/Generic/input_Password'

2018-07-12 03:08:45 - [MESSAGE][PASSED] - Keys 'ENTER + ' sent to object: 'Object Repository/Generic/input_Password'

2018-07-12 03:08:45 - [MESSAGE][PASSED] - com.helper.commonfunct.commonutilities.login is PASSED

2018-07-12 03:08:45 - [TEST_STEP][PASSED] - com.helper.commonfunct.commonutilities.search: com.helper.commonfunct.commonutilities.search is PASSED

2018-07-12 03:08:49 - [MESSAGE][PASSED] - Current window maximized

2018-07-12 03:08:54 - [MESSAGE][PASSED] - Delayed 5 second(s)

2018-07-12 03:09:06 - [MESSAGE][PASSED] - Text 'BEP-12Jul2018-7' is set on object 'Object Repository/EngInfo/search'

2018-07-12 03:09:09 - [MESSAGE][PASSED] - Delayed 3 second(s)

2018-07-12 03:09:15 - [MESSAGE][PASSED] - Keys 'ENTER + ' sent to object: 'Object Repository/EngInfo/search'

2018-07-12 03:09:22 - [MESSAGE][WARNING] - No alert found after 3 second(s).
[[ATTACHMENT|C:\\DAUIAutomation\\Reports\\Estimate\\20180712_020650\\1531379359041.png]]

2018-07-12 03:09:25 - [MESSAGE][PASSED] - Wait for page load successfully

2018-07-12 03:09:25 - [MESSAGE][PASSED] - com.helper.commonfunct.commonutilities.search is PASSED

2018-07-12 03:09:25 - [TEST_STEP][PASSED] - com.helper.commonfunct.BEP_CommonMethod.RDapprove: com.helper.commonfunct.BEP_CommonMethod.RDapprove is PASSED

2018-07-12 03:09:30 - [MESSAGE][PASSED] - Delayed 5 second(s)

2018-07-12 03:09:46 - [MESSAGE][PASSED] - Delayed 7 second(s)

2018-07-12 03:09:54 - [MESSAGE][PASSED] - Delayed 5 second(s)

2018-07-12 03:10:00 - [MESSAGE][PASSED] - Wait for page load successfully

2018-07-12 03:10:03 - [MESSAGE][PASSED] - Wait for page load successfully

2018-07-12 03:10:06 - [MESSAGE][PASSED] - Wait for page load successfully

2018-07-12 03:10:18 - [MESSAGE][PASSED] - Scroll to object 'Object Repository/Generic/NEXT_BUTTON' successfully

2018-07-12 03:10:24 - [MESSAGE][PASSED] - Object: 'Object Repository/Generic/NEXT_BUTTON' is clicked on

2018-07-12 03:10:29 - [MESSAGE][PASSED] - Delayed 5 second(s)

2018-07-12 03:10:36 - [MESSAGE][PASSED] - Scroll to object 'Object Repository/BEP/Generic/RD_RLApprove' successfully

2018-07-12 03:10:42 - [MESSAGE][PASSED] - Object: 'Object Repository/BEP/Generic/RD_RLApprove' is clicked on

2018-07-12 03:10:47 - [MESSAGE][PASSED] - Delayed 5 second(s)

2018-07-12 03:10:59 - [MESSAGE][PASSED] - Text 'Software Testing' is set on object 'Object Repository/BEP/Generic/BEP_CASENOTES'

2018-07-12 03:11:04 - [MESSAGE][PASSED] - Delayed 5 second(s)

2018-07-12 03:11:10 - [MESSAGE][PASSED] - Scroll to object 'Object Repository/BEP/Generic/FINISH_ASSIGNMENT' successfully

2018-07-12 03:11:19 - [MESSAGE][PASSED] - Wait for page load successfully

2018-07-12 03:11:19 - [MESSAGE][PASSED] - com.helper.commonfunct.BEP_CommonMethod.RDapprove is PASSED

2018-07-12 03:11:19 - [TEST_STEP][PASSED] - com.helper.commonfunct.commonutilities.searchStatus: com.helper.commonfunct.commonutilities.searchStatus is PASSED

2018-07-12 03:11:22 - [MESSAGE][PASSED] - Wait for page load successfully

2018-07-12 03:11:42 - [MESSAGE][PASSED] - Delayed 2 second(s)

2018-07-12 03:11:50 - [MESSAGE][PASSED] - Delayed 2 second(s)

2018-07-12 03:11:59 - [MESSAGE][PASSED] - com.helper.commonfunct.commonutilities.searchStatus is PASSED

2018-07-12 03:11:59 - [TEST_STEP][PASSED] - Statement - Status = text: null

2018-07-12 03:12:02 - [TEST_STEP][PASSED] - Statement - println(Status): null

2018-07-12 03:12:02 - [TEST_STEP][PASSED] - Statement - If (Status == "Pending-RDApproval"): null

2018-07-12 03:12:02 - [TEST_STEP][PASSED] - Statement - Else If (Status == "Pending-RLApproval"): com.helper.commonfunct.BEP_CommonMethod.RLapprove is PASSED

2018-07-12 03:12:02 - [TEST_STEP][PASSED] - Statement - If (RLReject == false): com.helper.commonfunct.BEP_CommonMethod.RLapprove is PASSED

2018-07-12 03:12:02 - [TEST_STEP][PASSED] - com.helper.commonfunct.commonutilities.login: com.helper.commonfunct.commonutilities.login is PASSED

2018-07-12 03:12:02 - [MESSAGE][WARNING] - A browser is already opened. Closing browser and opening a new one

2018-07-12 03:12:15 - [MESSAGE][PASSED] - Browser is opened with url: ''

2018-07-12 03:12:19 - [MESSAGE][PASSED] - Navigate to 'https://vdaqa.rpega.com:9030/daqa/PRServlet' successfully

2018-07-12 03:12:31 - [MESSAGE][PASSED] - Text 'panee@pegasystems.com' is set on object 'Object Repository/Generic/input_UserIdentifier'

2018-07-12 03:12:43 - [MESSAGE][PASSED] - Text 'install' is set on object 'Object Repository/Generic/input_Password'

2018-07-12 03:12:51 - [MESSAGE][PASSED] - Keys 'ENTER + ' sent to object: 'Object Repository/Generic/input_Password'

2018-07-12 03:12:51 - [MESSAGE][PASSED] - com.helper.commonfunct.commonutilities.login is PASSED

2018-07-12 03:12:51 - [TEST_STEP][PASSED] - com.helper.commonfunct.commonutilities.search: com.helper.commonfunct.commonutilities.search is PASSED

2018-07-12 03:12:55 - [MESSAGE][PASSED] - Current window maximized

2018-07-12 03:13:00 - [MESSAGE][PASSED] - Delayed 5 second(s)

2018-07-12 03:13:12 - [MESSAGE][PASSED] - Text 'BEP-12Jul2018-7' is set on object 'Object Repository/EngInfo/search'

2018-07-12 03:13:15 - [MESSAGE][PASSED] - Delayed 3 second(s)

2018-07-12 03:13:21 - [MESSAGE][PASSED] - Keys 'ENTER + ' sent to object: 'Object Repository/EngInfo/search'

2018-07-12 03:13:28 - [MESSAGE][WARNING] - No alert found after 3 second(s).
[[ATTACHMENT|C:\\DAUIAutomation\\Reports\\Estimate\\20180712_020650\\1531379605550.png]]

2018-07-12 03:13:31 - [MESSAGE][PASSED] - Wait for page load successfully

2018-07-12 03:13:31 - [MESSAGE][PASSED] - com.helper.commonfunct.commonutilities.search is PASSED

2018-07-12 03:13:31 - [TEST_STEP][PASSED] - com.helper.commonfunct.BEP_CommonMethod.RLapprove: com.helper.commonfunct.BEP_CommonMethod.RLapprove is PASSED

2018-07-12 03:13:36 - [MESSAGE][PASSED] - Delayed 5 second(s)

2018-07-12 03:13:53 - [MESSAGE][PASSED] - Delayed 7 second(s)

2018-07-12 03:14:01 - [MESSAGE][PASSED] - Delayed 5 second(s)

2018-07-12 03:14:07 - [MESSAGE][PASSED] - Wait for page load successfully

2018-07-12 03:14:10 - [MESSAGE][PASSED] - Wait for page load successfully

2018-07-12 03:14:13 - [MESSAGE][PASSED] - Wait for page load successfully

2018-07-12 03:14:25 - [MESSAGE][PASSED] - Scroll to object 'Object Repository/Generic/NEXT_BUTTON' successfully

2018-07-12 03:14:31 - [MESSAGE][PASSED] - Object: 'Object Repository/Generic/NEXT_BUTTON' is clicked on

2018-07-12 03:14:36 - [MESSAGE][PASSED] - Delayed 5 second(s)

2018-07-12 03:14:36 - [MESSAGE][WARNING] - Timeout '0' is invalid. Using default page load timeout: '30'

2018-07-12 03:14:42 - [MESSAGE][PASSED] - Scroll to object 'Object Repository/BEP/Generic/RD_RLApprove' successfully

2018-07-12 03:14:48 - [MESSAGE][PASSED] - Object: 'Object Repository/BEP/Generic/RD_RLApprove' is clicked on

2018-07-12 03:14:53 - [MESSAGE][PASSED] - Delayed 5 second(s)

2018-07-12 03:15:06 - [MESSAGE][PASSED] - Text 'Software Testing' is set on object 'Object Repository/BEP/Generic/BEP_CASENOTES'

2018-07-12 03:15:11 - [MESSAGE][PASSED] - Delayed 5 second(s)

2018-07-12 03:15:11 - [MESSAGE][WARNING] - Timeout '0' is invalid. Using default page load timeout: '30'

2018-07-12 03:15:17 - [MESSAGE][PASSED] - Scroll to object 'Object Repository/BEP/Generic/FINISH_ASSIGNMENT' successfully

2018-07-12 03:15:28 - [MESSAGE][PASSED] - Delayed 5 second(s)

2018-07-12 03:15:31 - [MESSAGE][PASSED] - Wait for page load successfully

2018-07-12 03:15:31 - [MESSAGE][PASSED] - com.helper.commonfunct.BEP_CommonMethod.RLapprove is PASSED

2018-07-12 03:15:31 - [TEST_STEP][PASSED] - com.helper.commonfunct.commonutilities.searchStatus: com.helper.commonfunct.commonutilities.searchStatus is PASSED

2018-07-12 03:15:34 - [MESSAGE][PASSED] - Wait for page load successfully

2018-07-12 03:15:54 - [MESSAGE][PASSED] - Delayed 2 second(s)

2018-07-12 03:16:02 - [MESSAGE][PASSED] - Delayed 2 second(s)

2018-07-12 03:16:11 - [MESSAGE][PASSED] - com.helper.commonfunct.commonutilities.searchStatus is PASSED

2018-07-12 03:16:11 - [TEST_STEP][PASSED] - Statement - Status = text: null

2018-07-12 03:16:14 - [TEST_STEP][PASSED] - Statement - println(Status): null

2018-07-12 03:16:14 - [TEST_STEP][PASSED] - Statement - If (Status == "Pending-RDApproval"): null

2018-07-12 03:16:14 - [TEST_STEP][PASSED] - Statement - Else If (Status == "Pending-RLApproval"): null

2018-07-12 03:16:14 - [TEST_STEP][PASSED] - Statement - Else If (Status == "Pending-Update"): null

2018-07-12 03:16:14 - [TEST_STEP][PASSED] - Statement - Else If (Status == "Completed"): null

2018-07-12 03:16:14 - [TEST_STEP][PASSED] - Statement - Else If (Status == "Pending-Meeting"): null

2018-07-12 03:16:14 - [TEST_STEP][PASSED] - Statement - Else If (Status == "Pending-EmailCustomer"): com.helper.commonfunct.BEP_CommonMethod.SkipEmail is PASSED

2018-07-12 03:16:14 - [TEST_STEP][PASSED] - Statement - If (SendEmail == true): null

2018-07-12 03:16:14 - [TEST_STEP][PASSED] - Statement - Else: com.helper.commonfunct.BEP_CommonMethod.SkipEmail is PASSED

2018-07-12 03:16:14 - [TEST_STEP][PASSED] - com.helper.commonfunct.commonutilities.login: com.helper.commonfunct.commonutilities.login is PASSED

2018-07-12 03:16:14 - [MESSAGE][WARNING] - A browser is already opened. Closing browser and opening a new one

2018-07-12 03:16:27 - [MESSAGE][PASSED] - Browser is opened with url: ''

2018-07-12 03:16:30 - [MESSAGE][PASSED] - Navigate to 'https://vdaqa.rpega.com:9030/daqa/PRServlet' successfully

2018-07-12 03:16:42 - [MESSAGE][PASSED] - Text 'hendj@pegasystems.com' is set on object 'Object Repository/Generic/input_UserIdentifier'

2018-07-12 03:16:54 - [MESSAGE][PASSED] - Text 'install' is set on object 'Object Repository/Generic/input_Password'

2018-07-12 03:17:02 - [MESSAGE][PASSED] - Keys 'ENTER + ' sent to object: 'Object Repository/Generic/input_Password'

2018-07-12 03:17:02 - [MESSAGE][PASSED] - com.helper.commonfunct.commonutilities.login is PASSED

2018-07-12 03:17:02 - [TEST_STEP][PASSED] - com.helper.commonfunct.commonutilities.search: com.helper.commonfunct.commonutilities.search is PASSED

2018-07-12 03:17:07 - [MESSAGE][PASSED] - Current window maximized

2018-07-12 03:17:12 - [MESSAGE][PASSED] - Delayed 5 second(s)

2018-07-12 03:17:24 - [MESSAGE][PASSED] - Text 'BEP-12Jul2018-7' is set on object 'Object Repository/EngInfo/search'

2018-07-12 03:17:27 - [MESSAGE][PASSED] - Delayed 3 second(s)

2018-07-12 03:17:33 - [MESSAGE][PASSED] - Keys 'ENTER + ' sent to object: 'Object Repository/EngInfo/search'

2018-07-12 03:17:40 - [MESSAGE][WARNING] - No alert found after 3 second(s).
[[ATTACHMENT|C:\\DAUIAutomation\\Reports\\Estimate\\20180712_020650\\1531379856844.png]]

2018-07-12 03:17:43 - [MESSAGE][PASSED] - Wait for page load successfully

2018-07-12 03:17:43 - [MESSAGE][PASSED] - com.helper.commonfunct.commonutilities.search is PASSED

2018-07-12 03:17:43 - [TEST_STEP][PASSED] - com.helper.commonfunct.BEP_CommonMethod.SkipEmail: com.helper.commonfunct.BEP_CommonMethod.SkipEmail is PASSED

2018-07-12 03:17:48 - [MESSAGE][PASSED] - Delayed 5 second(s)

2018-07-12 03:18:04 - [MESSAGE][PASSED] - Delayed 7 second(s)

2018-07-12 03:18:12 - [MESSAGE][PASSED] - Delayed 5 second(s)

2018-07-12 03:18:18 - [MESSAGE][PASSED] - Wait for page load successfully

2018-07-12 03:18:21 - [MESSAGE][PASSED] - Wait for page load successfully

2018-07-12 03:18:24 - [MESSAGE][PASSED] - Wait for page load successfully

2018-07-12 03:18:36 - [MESSAGE][PASSED] - Object: 'Object Repository/BEP/Generic/ECR_CHECKBOX' is clicked on

2018-07-12 03:18:38 - [MESSAGE][PASSED] - Delayed 2 second(s)

2018-07-12 03:18:44 - [MESSAGE][PASSED] - Object: 'Object Repository/BEP/Generic/SKIP_EMAIL_XPATH' is clicked on

2018-07-12 03:18:46 - [MESSAGE][PASSED] - Delayed 2 second(s)

2018-07-12 03:18:53 - [MESSAGE][PASSED] - Keys 'Software Testing' sent to object: 'Object Repository/BEP/Generic/DispositionReason'

2018-07-12 03:18:55 - [MESSAGE][PASSED] - Delayed 2 second(s)

2018-07-12 03:19:19 - [MESSAGE][PASSED] - All options with value 'RFP in process' are selected in object 'Object Repository/BEP/Generic/ReasonCode' 

2018-07-12 03:19:21 - [MESSAGE][PASSED] - Delayed 2 second(s)

2018-07-12 03:19:27 - [MESSAGE][PASSED] - Object: 'Object Repository/BEP/Generic/test' is clicked on

2018-07-12 03:19:29 - [MESSAGE][PASSED] - Delayed 2 second(s)

2018-07-12 03:19:35 - [MESSAGE][PASSED] - Object: 'Object Repository/BEP/Generic/Modal_OK' is clicked on

2018-07-12 03:19:40 - [MESSAGE][PASSED] - Delayed 5 second(s)

2018-07-12 03:19:40 - [MESSAGE][PASSED] - com.helper.commonfunct.BEP_CommonMethod.SkipEmail is PASSED

2018-07-12 03:19:40 - [TEST_STEP][PASSED] - com.helper.commonfunct.commonutilities.searchStatus: com.helper.commonfunct.commonutilities.searchStatus is PASSED

2018-07-12 03:19:43 - [MESSAGE][PASSED] - Wait for page load successfully

2018-07-12 03:19:58 - [MESSAGE][PASSED] - com.helper.commonfunct.commonutilities.searchStatus is PASSED

2018-07-12 03:19:58 - [MESSAGE][PASSED] - Call Test Case 'Test Cases/BEP/Create_Approve_Reject/All_Approval_Reject' successfully]]></system-out>
         <system-err><![CDATA[]]></system-err>
      </testcase>
      <testcase name="Test Cases/BEP/TestCases/TC_CreateBEP_EmailOutput_SkipEmail_NOECR" classname="Test Cases/BEP/TestCases/TC_CreateBEP_EmailOutput_SkipEmail_NOECR" status="PASSED">
         <system-out><![CDATA[2018-07-12 03:19:58 - [TEST_CASE][PASSED] - Test Cases/BEP/TestCases/TC_CreateBEP_EmailOutput_SkipEmail_NOECR: Test Cases/BEP/TestCases/TC_CreateBEP_EmailOutput_SkipEmail_NOECR

2018-07-12 03:19:58 - [TEST_STEP][PASSED] - callTestCase: Call Test Case 'Test Cases/BEP/Create_Approve_Reject/Create_BEP_EmailOutput' successfully

2018-07-12 03:19:59 - [TEST_CASE][PASSED] - Test Cases/BEP/Create_Approve_Reject/Create_BEP_EmailOutput: Test Cases/BEP/Create_Approve_Reject/Create_BEP_EmailOutput

2018-07-12 03:19:59 - [TEST_STEP][PASSED] - com.helper.commonfunct.commonutilities.login: com.helper.commonfunct.commonutilities.login is PASSED

2018-07-12 03:19:59 - [MESSAGE][WARNING] - A browser is already opened. Closing browser and opening a new one

2018-07-12 03:20:11 - [MESSAGE][PASSED] - Browser is opened with url: ''

2018-07-12 03:20:15 - [MESSAGE][PASSED] - Navigate to 'https://vdaqa.rpega.com:9030/daqa/PRServlet' successfully

2018-07-12 03:20:27 - [MESSAGE][PASSED] - Text 'hendj@pegasystems.com' is set on object 'Object Repository/Generic/input_UserIdentifier'

2018-07-12 03:20:39 - [MESSAGE][PASSED] - Text 'install' is set on object 'Object Repository/Generic/input_Password'

2018-07-12 03:20:47 - [MESSAGE][PASSED] - Keys 'ENTER + ' sent to object: 'Object Repository/Generic/input_Password'

2018-07-12 03:20:47 - [MESSAGE][PASSED] - com.helper.commonfunct.commonutilities.login is PASSED

2018-07-12 03:20:47 - [TEST_STEP][PASSED] - com.helper.commonfunct.BEP_CommonMethod.Estimate: com.helper.commonfunct.BEP_CommonMethod.Estimate is PASSED

2018-07-12 03:20:51 - [MESSAGE][PASSED] - Current window maximized

2018-07-12 03:20:53 - [MESSAGE][PASSED] - Delayed 2 second(s)

2018-07-12 03:20:59 - [MESSAGE][PASSED] - Object: 'Object Repository/Generic/New' is clicked on

2018-07-12 03:21:03 - [MESSAGE][PASSED] - Delayed 4 second(s)

2018-07-12 03:21:09 - [MESSAGE][PASSED] - Object: 'Object Repository/BEP/Generic/EstimateLink' is clicked on

2018-07-12 03:21:13 - [MESSAGE][PASSED] - Delayed 4 second(s)

2018-07-12 03:21:20 - [MESSAGE][PASSED] - Object: 'Object Repository/ECR/Generic/WOTAB' is clicked on

2018-07-12 03:21:23 - [MESSAGE][PASSED] - Wait for page load successfully

2018-07-12 03:21:34 - [MESSAGE][PASSED] - Delayed 5 second(s)

2018-07-12 03:22:08 - [MESSAGE][WARNING] - Object 'Object Repository/BEP/Generic/import' is not visible after 30 second(s)

2018-07-12 03:22:19 - [MESSAGE][PASSED] - Delayed 5 second(s)

2018-07-12 03:22:25 - [MESSAGE][PASSED] - File 'C:\DAUIAutomation\Data Files\BEP\Estimate.xlsm' sent to object: 'Object Repository/Generic/FilePath'

2018-07-12 03:22:30 - [MESSAGE][PASSED] - Delayed 5 second(s)

2018-07-12 03:22:36 - [MESSAGE][PASSED] - Object: 'Object Repository/Generic/button_Submit' is clicked on

2018-07-12 03:22:46 - [MESSAGE][PASSED] - Delayed 10 second(s)

2018-07-12 03:22:58 - [MESSAGE][PASSED] - Text 'BOFA' is set on object 'Object Repository/Generic/ORG'

2018-07-12 03:23:05 - [MESSAGE][PASSED] - Delayed 7 second(s)

2018-07-12 03:23:12 - [MESSAGE][PASSED] - Keys 'TAB + ' sent to object: 'Object Repository/Generic/ORG'

2018-07-12 03:23:19 - [MESSAGE][PASSED] - Delayed 7 second(s)

2018-07-12 03:23:31 - [MESSAGE][PASSED] - Text 'BOFA' is set on object 'Object Repository/Generic/ACC'

2018-07-12 03:23:38 - [MESSAGE][PASSED] - Delayed 7 second(s)

2018-07-12 03:23:44 - [MESSAGE][PASSED] - Keys 'TAB + ' sent to object: 'Object Repository/Generic/ACC'

2018-07-12 03:23:49 - [MESSAGE][PASSED] - Delayed 5 second(s)

2018-07-12 03:23:56 - [MESSAGE][PASSED] - Text 'The engagement you entered doesn't match' is present on page 

2018-07-12 03:24:09 - [MESSAGE][PASSED] - Text 'AUTOTEST1' is set on object 'Object Repository/Generic/ENG_DESC'

2018-07-12 03:24:14 - [MESSAGE][PASSED] - Delayed 5 second(s)

2018-07-12 03:24:25 - [MESSAGE][PASSED] - Delayed 5 second(s)

2018-07-12 03:24:49 - [MESSAGE][PASSED] - All options with value 'PRD-409' are selected in object 'Object Repository/Generic/PlatformID' 

2018-07-12 03:24:54 - [MESSAGE][PASSED] - Delayed 5 second(s)

2018-07-12 03:25:18 - [MESSAGE][PASSED] - All options with value 'RLS-3176' are selected in object 'Object Repository/Generic/PlatformVersion' 

2018-07-12 03:25:23 - [MESSAGE][PASSED] - Delayed 5 second(s)

2018-07-12 03:25:29 - [MESSAGE][PASSED] - Object: 'Object Repository/Generic/PlatformTrue' is clicked on

2018-07-12 03:25:34 - [MESSAGE][PASSED] - Delayed 5 second(s)

2018-07-12 03:25:55 - [MESSAGE][PASSED] - All options with value 'hendj@pegasystems.com' are selected in object 'Object Repository/EngInfo/PL' 

2018-07-12 03:26:00 - [MESSAGE][PASSED] - Delayed 5 second(s)

2018-07-12 03:26:08 - [MESSAGE][PASSED] - Text 'PL Team Leader' is present on page 

2018-07-12 03:26:29 - [MESSAGE][PASSED] - All options with value 'higgr@pegasystems.com' are selected in object 'Object Repository/EngInfo/PLTL' 

2018-07-12 03:26:34 - [MESSAGE][PASSED] - Delayed 5 second(s)

2018-07-12 03:26:58 - [MESSAGE][PASSED] - All options with value 'waink@pegasystems.com' are selected in object 'Object Repository/EngInfo/RD' 

2018-07-12 03:27:03 - [MESSAGE][PASSED] - Delayed 5 second(s)

2018-07-12 03:27:24 - [MESSAGE][PASSED] - All options with value 'panee@pegasystems.com' are selected in object 'Object Repository/EngInfo/RL' 

2018-07-12 03:27:29 - [MESSAGE][PASSED] - Delayed 5 second(s)

2018-07-12 03:27:35 - [MESSAGE][PASSED] - Scroll to object 'Object Repository/Generic/NEXT_BUTTON' successfully

2018-07-12 03:27:41 - [MESSAGE][PASSED] - Object: 'Object Repository/Generic/NEXT_BUTTON' is clicked on

2018-07-12 03:27:46 - [MESSAGE][PASSED] - Delayed 5 second(s)

2018-07-12 03:27:49 - [MESSAGE][PASSED] - Wait for page load successfully

2018-07-12 03:27:51 - [MESSAGE][PASSED] - Delayed 2 second(s)

2018-07-12 03:27:57 - [MESSAGE][PASSED] - Text of object 'Object Repository/BEP/Generic/DurationLow' is cleared

2018-07-12 03:27:59 - [MESSAGE][PASSED] - Delayed 2 second(s)

2018-07-12 03:28:11 - [MESSAGE][PASSED] - Text '15' is set on object 'Object Repository/BEP/Generic/DurationLow'

2018-07-12 03:28:13 - [MESSAGE][PASSED] - Delayed 2 second(s)

2018-07-12 03:28:20 - [MESSAGE][PASSED] - Text of object 'Object Repository/BEP/Generic/DurationHigh' is cleared

2018-07-12 03:28:22 - [MESSAGE][PASSED] - Delayed 2 second(s)

2018-07-12 03:28:34 - [MESSAGE][PASSED] - Text '15' is set on object 'Object Repository/BEP/Generic/DurationHigh'

2018-07-12 03:28:36 - [MESSAGE][PASSED] - Delayed 2 second(s)

2018-07-12 03:28:42 - [MESSAGE][PASSED] - Text of object 'Object Repository/BEP/Generic/PartnerHoursLow' is cleared

2018-07-12 03:28:44 - [MESSAGE][PASSED] - Delayed 2 second(s)

2018-07-12 03:28:56 - [MESSAGE][PASSED] - Text '15' is set on object 'Object Repository/BEP/Generic/PartnerHoursLow'

2018-07-12 03:28:58 - [MESSAGE][PASSED] - Delayed 2 second(s)

2018-07-12 03:29:04 - [MESSAGE][PASSED] - Text of object 'Object Repository/BEP/Generic/PartnerHoursHigh' is cleared

2018-07-12 03:29:06 - [MESSAGE][PASSED] - Delayed 2 second(s)

2018-07-12 03:29:18 - [MESSAGE][PASSED] - Text '15' is set on object 'Object Repository/BEP/Generic/PartnerHoursHigh'

2018-07-12 03:29:20 - [MESSAGE][PASSED] - Delayed 2 second(s)

2018-07-12 03:29:26 - [MESSAGE][PASSED] - Object: 'Object Repository/BEP/Generic/EstimationMethod' is clicked on

2018-07-12 03:29:31 - [MESSAGE][PASSED] - Delayed 5 second(s)

2018-07-12 03:29:38 - [MESSAGE][PASSED] - Keys 'BSW' sent to object: 'Object Repository/BEP/Generic/EstimationMethod'

2018-07-12 03:29:43 - [MESSAGE][PASSED] - Delayed 5 second(s)

2018-07-12 03:29:49 - [MESSAGE][PASSED] - Scroll to object 'Object Repository/Generic/NEXT_BUTTON' successfully

2018-07-12 03:29:55 - [MESSAGE][PASSED] - Object: 'Object Repository/Generic/NEXT_BUTTON' is clicked on

2018-07-12 03:30:00 - [MESSAGE][PASSED] - Delayed 5 second(s)

2018-07-12 03:30:06 - [MESSAGE][PASSED] - Object: 'Object Repository/BEP/Generic/BEPOutputEmail' is clicked on

2018-07-12 03:30:08 - [MESSAGE][PASSED] - Delayed 2 second(s)

2018-07-12 03:30:14 - [MESSAGE][PASSED] - Object: 'Object Repository/BEP/Generic/RECEIPIENT' is clicked on

2018-07-12 03:30:16 - [MESSAGE][PASSED] - Delayed 2 second(s)

2018-07-12 03:30:22 - [MESSAGE][PASSED] - Object: 'Object Repository/BEP/Generic/AddEmailID' is clicked on

2018-07-12 03:30:24 - [MESSAGE][PASSED] - Delayed 2 second(s)

2018-07-12 03:30:31 - [MESSAGE][PASSED] - Keys 'nagaveni.nipinale@in.pega.com' sent to object: 'Object Repository/BEP/Generic/MAILID_XPATH'

2018-07-12 03:30:33 - [MESSAGE][PASSED] - Delayed 2 second(s)

2018-07-12 03:30:39 - [MESSAGE][PASSED] - Object: 'Object Repository/BEP/Generic/modal_submit' is clicked on

2018-07-12 03:30:41 - [MESSAGE][PASSED] - Delayed 2 second(s)

2018-07-12 03:30:47 - [MESSAGE][PASSED] - Keys 'Test Automation' sent to object: 'Object Repository/BEP/Generic/Email_Subject'

2018-07-12 03:30:53 - [MESSAGE][PASSED] - Scroll to object 'Object Repository/Generic/NEXT_BUTTON' successfully

2018-07-12 03:30:59 - [MESSAGE][PASSED] - Object: 'Object Repository/Generic/NEXT_BUTTON' is clicked on

2018-07-12 03:31:05 - [MESSAGE][PASSED] - Scroll to object 'Object Repository/Generic/FINISH_BUTTON' successfully

2018-07-12 03:31:12 - [MESSAGE][PASSED] - Object: 'Object Repository/Generic/FINISH_BUTTON' is clicked on

2018-07-12 03:31:15 - [MESSAGE][PASSED] - Wait for page load successfully

2018-07-12 03:31:20 - [MESSAGE][PASSED] - Delayed 5 second(s)

2018-07-12 03:31:26 - [MESSAGE][PASSED] - Text of object 'Object Repository/Generic/WOID' is: 'BEP-12Jul2018-8'

2018-07-12 03:31:26 - [MESSAGE][PASSED] - com.helper.commonfunct.BEP_CommonMethod.Estimate is PASSED

2018-07-12 03:31:26 - [TEST_STEP][PASSED] - com.helper.commonfunct.commonutilities.searchStatus: com.helper.commonfunct.commonutilities.searchStatus is PASSED

2018-07-12 03:31:29 - [MESSAGE][PASSED] - Wait for page load successfully

2018-07-12 03:31:49 - [MESSAGE][PASSED] - Delayed 2 second(s)

2018-07-12 03:31:57 - [MESSAGE][PASSED] - Delayed 2 second(s)

2018-07-12 03:32:06 - [MESSAGE][PASSED] - com.helper.commonfunct.commonutilities.searchStatus is PASSED

2018-07-12 03:32:06 - [MESSAGE][PASSED] - Call Test Case 'Test Cases/BEP/Create_Approve_Reject/Create_BEP_EmailOutput' successfully

2018-07-12 03:32:06 - [TEST_STEP][PASSED] - Statement - SendEmail = false: null

2018-07-12 03:32:06 - [TEST_STEP][PASSED] - Statement - CreateECR = false: null

2018-07-12 03:32:06 - [TEST_STEP][PASSED] - callTestCase: Call Test Case 'Test Cases/BEP/Create_Approve_Reject/All_Approval_Reject' successfully

2018-07-12 03:32:06 - [TEST_CASE][PASSED] - Test Cases/BEP/Create_Approve_Reject/All_Approval_Reject: Test Cases/BEP/Create_Approve_Reject/All_Approval_Reject

2018-07-12 03:32:06 - [TEST_STEP][NOT_RUN] - com.helper.commonfunct.commonutilities.login: NOT_RUN: com.helper.commonfunct.commonutilities.login

2018-07-12 03:32:06 - [MESSAGE][NOT_RUN] - NOT_RUN: com.helper.commonfunct.commonutilities.login

2018-07-12 03:32:06 - [TEST_STEP][NOT_RUN] - com.helper.commonfunct.commonutilities.search: NOT_RUN: com.helper.commonfunct.commonutilities.search

2018-07-12 03:32:06 - [MESSAGE][NOT_RUN] - NOT_RUN: com.helper.commonfunct.commonutilities.search

2018-07-12 03:32:06 - [TEST_STEP][NOT_RUN] - switchToFrame: NOT_RUN: switchToFrame

2018-07-12 03:32:06 - [MESSAGE][NOT_RUN] - NOT_RUN: switchToFrame

2018-07-12 03:32:06 - [TEST_STEP][NOT_RUN] - com.helper.commonfunct.commonutilities.setprop: NOT_RUN: com.helper.commonfunct.commonutilities.setprop

2018-07-12 03:32:06 - [MESSAGE][NOT_RUN] - NOT_RUN: com.helper.commonfunct.commonutilities.setprop

2018-07-12 03:32:06 - [TEST_STEP][PASSED] - Statement - While (WOSTATUS.contains("PENDING") && AssignmentList.size() > 0): com.helper.commonfunct.commonutilities.searchStatus is PASSED

2018-07-12 03:32:06 - [TEST_STEP][PASSED] - Statement - Status = text: null

2018-07-12 03:32:09 - [TEST_STEP][PASSED] - Statement - println(Status): null

2018-07-12 03:32:09 - [TEST_STEP][PASSED] - Statement - If (Status == "Pending-RDApproval"): com.helper.commonfunct.BEP_CommonMethod.RDapprove is PASSED

2018-07-12 03:32:09 - [TEST_STEP][PASSED] - Statement - If (RDReject == false): com.helper.commonfunct.BEP_CommonMethod.RDapprove is PASSED

2018-07-12 03:32:09 - [TEST_STEP][PASSED] - Statement - If (RouteToRL == true): com.helper.commonfunct.BEP_CommonMethod.RDapprove is PASSED

2018-07-12 03:32:09 - [TEST_STEP][PASSED] - com.helper.commonfunct.commonutilities.login: com.helper.commonfunct.commonutilities.login is PASSED

2018-07-12 03:32:09 - [MESSAGE][WARNING] - A browser is already opened. Closing browser and opening a new one

2018-07-12 03:32:22 - [MESSAGE][PASSED] - Browser is opened with url: ''

2018-07-12 03:32:25 - [MESSAGE][PASSED] - Navigate to 'https://vdaqa.rpega.com:9030/daqa/PRServlet' successfully

2018-07-12 03:32:38 - [MESSAGE][PASSED] - Text 'waink@pegasystems.com' is set on object 'Object Repository/Generic/input_UserIdentifier'

2018-07-12 03:32:50 - [MESSAGE][PASSED] - Text 'install' is set on object 'Object Repository/Generic/input_Password'

2018-07-12 03:32:58 - [MESSAGE][PASSED] - Keys 'ENTER + ' sent to object: 'Object Repository/Generic/input_Password'

2018-07-12 03:32:58 - [MESSAGE][PASSED] - com.helper.commonfunct.commonutilities.login is PASSED

2018-07-12 03:32:58 - [TEST_STEP][PASSED] - com.helper.commonfunct.commonutilities.search: com.helper.commonfunct.commonutilities.search is PASSED

2018-07-12 03:33:02 - [MESSAGE][PASSED] - Current window maximized

2018-07-12 03:33:07 - [MESSAGE][PASSED] - Delayed 5 second(s)

2018-07-12 03:33:19 - [MESSAGE][PASSED] - Text 'BEP-12Jul2018-8' is set on object 'Object Repository/EngInfo/search'

2018-07-12 03:33:22 - [MESSAGE][PASSED] - Delayed 3 second(s)

2018-07-12 03:33:28 - [MESSAGE][PASSED] - Keys 'ENTER + ' sent to object: 'Object Repository/EngInfo/search'

2018-07-12 03:33:35 - [MESSAGE][WARNING] - No alert found after 3 second(s).
[[ATTACHMENT|C:\\DAUIAutomation\\Reports\\Estimate\\20180712_020650\\1531380812289.png]]

2018-07-12 03:33:38 - [MESSAGE][PASSED] - Wait for page load successfully

2018-07-12 03:33:38 - [MESSAGE][PASSED] - com.helper.commonfunct.commonutilities.search is PASSED

2018-07-12 03:33:38 - [TEST_STEP][PASSED] - com.helper.commonfunct.BEP_CommonMethod.RDapprove: com.helper.commonfunct.BEP_CommonMethod.RDapprove is PASSED

2018-07-12 03:33:43 - [MESSAGE][PASSED] - Delayed 5 second(s)

2018-07-12 03:33:59 - [MESSAGE][PASSED] - Delayed 7 second(s)

2018-07-12 03:34:07 - [MESSAGE][PASSED] - Delayed 5 second(s)

2018-07-12 03:34:13 - [MESSAGE][PASSED] - Wait for page load successfully

2018-07-12 03:34:16 - [MESSAGE][PASSED] - Wait for page load successfully

2018-07-12 03:34:19 - [MESSAGE][PASSED] - Wait for page load successfully

2018-07-12 03:34:32 - [MESSAGE][PASSED] - Scroll to object 'Object Repository/Generic/NEXT_BUTTON' successfully

2018-07-12 03:34:38 - [MESSAGE][PASSED] - Object: 'Object Repository/Generic/NEXT_BUTTON' is clicked on

2018-07-12 03:34:43 - [MESSAGE][PASSED] - Delayed 5 second(s)

2018-07-12 03:34:49 - [MESSAGE][PASSED] - Scroll to object 'Object Repository/BEP/Generic/RD_RLApprove' successfully

2018-07-12 03:34:55 - [MESSAGE][PASSED] - Object: 'Object Repository/BEP/Generic/RD_RLApprove' is clicked on

2018-07-12 03:35:00 - [MESSAGE][PASSED] - Delayed 5 second(s)

2018-07-12 03:35:12 - [MESSAGE][PASSED] - Text 'Software Testing' is set on object 'Object Repository/BEP/Generic/BEP_CASENOTES'

2018-07-12 03:35:17 - [MESSAGE][PASSED] - Delayed 5 second(s)

2018-07-12 03:35:23 - [MESSAGE][PASSED] - Scroll to object 'Object Repository/BEP/Generic/FINISH_ASSIGNMENT' successfully

2018-07-12 03:35:32 - [MESSAGE][PASSED] - Wait for page load successfully

2018-07-12 03:35:32 - [MESSAGE][PASSED] - com.helper.commonfunct.BEP_CommonMethod.RDapprove is PASSED

2018-07-12 03:35:32 - [TEST_STEP][PASSED] - com.helper.commonfunct.commonutilities.searchStatus: com.helper.commonfunct.commonutilities.searchStatus is PASSED

2018-07-12 03:35:35 - [MESSAGE][PASSED] - Wait for page load successfully

2018-07-12 03:35:56 - [MESSAGE][PASSED] - Delayed 2 second(s)

2018-07-12 03:36:04 - [MESSAGE][PASSED] - Delayed 2 second(s)

2018-07-12 03:36:13 - [MESSAGE][PASSED] - com.helper.commonfunct.commonutilities.searchStatus is PASSED

2018-07-12 03:36:13 - [TEST_STEP][PASSED] - Statement - Status = text: null

2018-07-12 03:36:16 - [TEST_STEP][PASSED] - Statement - println(Status): null

2018-07-12 03:36:16 - [TEST_STEP][PASSED] - Statement - If (Status == "Pending-RDApproval"): null

2018-07-12 03:36:16 - [TEST_STEP][PASSED] - Statement - Else If (Status == "Pending-RLApproval"): com.helper.commonfunct.BEP_CommonMethod.RLapprove is PASSED

2018-07-12 03:36:16 - [TEST_STEP][PASSED] - Statement - If (RLReject == false): com.helper.commonfunct.BEP_CommonMethod.RLapprove is PASSED

2018-07-12 03:36:16 - [TEST_STEP][PASSED] - com.helper.commonfunct.commonutilities.login: com.helper.commonfunct.commonutilities.login is PASSED

2018-07-12 03:36:16 - [MESSAGE][WARNING] - A browser is already opened. Closing browser and opening a new one

2018-07-12 03:36:28 - [MESSAGE][PASSED] - Browser is opened with url: ''

2018-07-12 03:36:32 - [MESSAGE][PASSED] - Navigate to 'https://vdaqa.rpega.com:9030/daqa/PRServlet' successfully

2018-07-12 03:36:44 - [MESSAGE][PASSED] - Text 'panee@pegasystems.com' is set on object 'Object Repository/Generic/input_UserIdentifier'

2018-07-12 03:36:56 - [MESSAGE][PASSED] - Text 'install' is set on object 'Object Repository/Generic/input_Password'

2018-07-12 03:37:04 - [MESSAGE][PASSED] - Keys 'ENTER + ' sent to object: 'Object Repository/Generic/input_Password'

2018-07-12 03:37:04 - [MESSAGE][PASSED] - com.helper.commonfunct.commonutilities.login is PASSED

2018-07-12 03:37:04 - [TEST_STEP][PASSED] - com.helper.commonfunct.commonutilities.search: com.helper.commonfunct.commonutilities.search is PASSED

2018-07-12 03:37:08 - [MESSAGE][PASSED] - Current window maximized

2018-07-12 03:37:13 - [MESSAGE][PASSED] - Delayed 5 second(s)

2018-07-12 03:37:26 - [MESSAGE][PASSED] - Text 'BEP-12Jul2018-8' is set on object 'Object Repository/EngInfo/search'

2018-07-12 03:37:29 - [MESSAGE][PASSED] - Delayed 3 second(s)

2018-07-12 03:37:35 - [MESSAGE][PASSED] - Keys 'ENTER + ' sent to object: 'Object Repository/EngInfo/search'

2018-07-12 03:37:42 - [MESSAGE][WARNING] - No alert found after 3 second(s).
[[ATTACHMENT|C:\\DAUIAutomation\\Reports\\Estimate\\20180712_020650\\1531381058640.png]]

2018-07-12 03:37:45 - [MESSAGE][PASSED] - Wait for page load successfully

2018-07-12 03:37:45 - [MESSAGE][PASSED] - com.helper.commonfunct.commonutilities.search is PASSED

2018-07-12 03:37:45 - [TEST_STEP][PASSED] - com.helper.commonfunct.BEP_CommonMethod.RLapprove: com.helper.commonfunct.BEP_CommonMethod.RLapprove is PASSED

2018-07-12 03:37:50 - [MESSAGE][PASSED] - Delayed 5 second(s)

2018-07-12 03:38:06 - [MESSAGE][PASSED] - Delayed 7 second(s)

2018-07-12 03:38:14 - [MESSAGE][PASSED] - Delayed 5 second(s)

2018-07-12 03:38:20 - [MESSAGE][PASSED] - Wait for page load successfully

2018-07-12 03:38:23 - [MESSAGE][PASSED] - Wait for page load successfully

2018-07-12 03:38:26 - [MESSAGE][PASSED] - Wait for page load successfully

2018-07-12 03:38:38 - [MESSAGE][PASSED] - Scroll to object 'Object Repository/Generic/NEXT_BUTTON' successfully

2018-07-12 03:38:44 - [MESSAGE][PASSED] - Object: 'Object Repository/Generic/NEXT_BUTTON' is clicked on

2018-07-12 03:38:49 - [MESSAGE][PASSED] - Delayed 5 second(s)

2018-07-12 03:38:49 - [MESSAGE][WARNING] - Timeout '0' is invalid. Using default page load timeout: '30'

2018-07-12 03:38:55 - [MESSAGE][PASSED] - Scroll to object 'Object Repository/BEP/Generic/RD_RLApprove' successfully

2018-07-12 03:39:01 - [MESSAGE][PASSED] - Object: 'Object Repository/BEP/Generic/RD_RLApprove' is clicked on

2018-07-12 03:39:06 - [MESSAGE][PASSED] - Delayed 5 second(s)

2018-07-12 03:39:19 - [MESSAGE][PASSED] - Text 'Software Testing' is set on object 'Object Repository/BEP/Generic/BEP_CASENOTES'

2018-07-12 03:39:24 - [MESSAGE][PASSED] - Delayed 5 second(s)

2018-07-12 03:39:24 - [MESSAGE][WARNING] - Timeout '0' is invalid. Using default page load timeout: '30'

2018-07-12 03:39:30 - [MESSAGE][PASSED] - Scroll to object 'Object Repository/BEP/Generic/FINISH_ASSIGNMENT' successfully

2018-07-12 03:39:41 - [MESSAGE][PASSED] - Delayed 5 second(s)

2018-07-12 03:39:44 - [MESSAGE][PASSED] - Wait for page load successfully

2018-07-12 03:39:44 - [MESSAGE][PASSED] - com.helper.commonfunct.BEP_CommonMethod.RLapprove is PASSED

2018-07-12 03:39:44 - [TEST_STEP][PASSED] - com.helper.commonfunct.commonutilities.searchStatus: com.helper.commonfunct.commonutilities.searchStatus is PASSED

2018-07-12 03:39:47 - [MESSAGE][PASSED] - Wait for page load successfully

2018-07-12 03:40:07 - [MESSAGE][PASSED] - Delayed 2 second(s)

2018-07-12 03:40:15 - [MESSAGE][PASSED] - Delayed 2 second(s)

2018-07-12 03:40:24 - [MESSAGE][PASSED] - com.helper.commonfunct.commonutilities.searchStatus is PASSED

2018-07-12 03:40:24 - [TEST_STEP][PASSED] - Statement - Status = text: null

2018-07-12 03:40:27 - [TEST_STEP][PASSED] - Statement - println(Status): null

2018-07-12 03:40:27 - [TEST_STEP][PASSED] - Statement - If (Status == "Pending-RDApproval"): null

2018-07-12 03:40:27 - [TEST_STEP][PASSED] - Statement - Else If (Status == "Pending-RLApproval"): null

2018-07-12 03:40:27 - [TEST_STEP][PASSED] - Statement - Else If (Status == "Pending-Update"): null

2018-07-12 03:40:27 - [TEST_STEP][PASSED] - Statement - Else If (Status == "Completed"): null

2018-07-12 03:40:27 - [TEST_STEP][PASSED] - Statement - Else If (Status == "Pending-Meeting"): null

2018-07-12 03:40:27 - [TEST_STEP][PASSED] - Statement - Else If (Status == "Pending-EmailCustomer"): com.helper.commonfunct.BEP_CommonMethod.SkipEmail is PASSED

2018-07-12 03:40:27 - [TEST_STEP][PASSED] - Statement - If (SendEmail == true): null

2018-07-12 03:40:27 - [TEST_STEP][PASSED] - Statement - Else: com.helper.commonfunct.BEP_CommonMethod.SkipEmail is PASSED

2018-07-12 03:40:27 - [TEST_STEP][PASSED] - com.helper.commonfunct.commonutilities.login: com.helper.commonfunct.commonutilities.login is PASSED

2018-07-12 03:40:27 - [MESSAGE][WARNING] - A browser is already opened. Closing browser and opening a new one

2018-07-12 03:40:40 - [MESSAGE][PASSED] - Browser is opened with url: ''

2018-07-12 03:40:43 - [MESSAGE][PASSED] - Navigate to 'https://vdaqa.rpega.com:9030/daqa/PRServlet' successfully

2018-07-12 03:40:55 - [MESSAGE][PASSED] - Text 'hendj@pegasystems.com' is set on object 'Object Repository/Generic/input_UserIdentifier'

2018-07-12 03:41:08 - [MESSAGE][PASSED] - Text 'install' is set on object 'Object Repository/Generic/input_Password'

2018-07-12 03:41:16 - [MESSAGE][PASSED] - Keys 'ENTER + ' sent to object: 'Object Repository/Generic/input_Password'

2018-07-12 03:41:16 - [MESSAGE][PASSED] - com.helper.commonfunct.commonutilities.login is PASSED

2018-07-12 03:41:16 - [TEST_STEP][PASSED] - com.helper.commonfunct.commonutilities.search: com.helper.commonfunct.commonutilities.search is PASSED

2018-07-12 03:41:20 - [MESSAGE][PASSED] - Current window maximized

2018-07-12 03:41:25 - [MESSAGE][PASSED] - Delayed 5 second(s)

2018-07-12 03:41:37 - [MESSAGE][PASSED] - Text 'BEP-12Jul2018-8' is set on object 'Object Repository/EngInfo/search'

2018-07-12 03:41:40 - [MESSAGE][PASSED] - Delayed 3 second(s)

2018-07-12 03:41:46 - [MESSAGE][PASSED] - Keys 'ENTER + ' sent to object: 'Object Repository/EngInfo/search'

2018-07-12 03:41:53 - [MESSAGE][WARNING] - No alert found after 3 second(s).
[[ATTACHMENT|C:\\DAUIAutomation\\Reports\\Estimate\\20180712_020650\\1531381310155.png]]

2018-07-12 03:41:56 - [MESSAGE][PASSED] - Wait for page load successfully

2018-07-12 03:41:56 - [MESSAGE][PASSED] - com.helper.commonfunct.commonutilities.search is PASSED

2018-07-12 03:41:56 - [TEST_STEP][PASSED] - com.helper.commonfunct.BEP_CommonMethod.SkipEmail: com.helper.commonfunct.BEP_CommonMethod.SkipEmail is PASSED

2018-07-12 03:42:01 - [MESSAGE][PASSED] - Delayed 5 second(s)

2018-07-12 03:42:17 - [MESSAGE][PASSED] - Delayed 7 second(s)

2018-07-12 03:42:25 - [MESSAGE][PASSED] - Delayed 5 second(s)

2018-07-12 03:42:31 - [MESSAGE][PASSED] - Wait for page load successfully

2018-07-12 03:42:34 - [MESSAGE][PASSED] - Wait for page load successfully

2018-07-12 03:42:37 - [MESSAGE][PASSED] - Wait for page load successfully

2018-07-12 03:42:45 - [MESSAGE][PASSED] - Delayed 2 second(s)

2018-07-12 03:42:52 - [MESSAGE][PASSED] - Object: 'Object Repository/BEP/Generic/SKIP_EMAIL_XPATH' is clicked on

2018-07-12 03:42:57 - [MESSAGE][PASSED] - Delayed 5 second(s)

2018-07-12 03:43:03 - [MESSAGE][PASSED] - Keys 'Software Testing' sent to object: 'Object Repository/BEP/Generic/DispositionReason'

2018-07-12 03:43:08 - [MESSAGE][PASSED] - Delayed 5 second(s)

2018-07-12 03:43:32 - [MESSAGE][PASSED] - All options with value 'RFP in process' are selected in object 'Object Repository/BEP/Generic/ReasonCode' 

2018-07-12 03:43:37 - [MESSAGE][PASSED] - Delayed 5 second(s)

2018-07-12 03:43:43 - [MESSAGE][PASSED] - Object: 'Object Repository/BEP/Generic/test' is clicked on

2018-07-12 03:43:48 - [MESSAGE][PASSED] - Delayed 5 second(s)

2018-07-12 03:43:54 - [MESSAGE][PASSED] - Object: 'Object Repository/BEP/Generic/Modal_OK' is clicked on

2018-07-12 03:43:59 - [MESSAGE][PASSED] - Delayed 5 second(s)

2018-07-12 03:43:59 - [MESSAGE][PASSED] - com.helper.commonfunct.BEP_CommonMethod.SkipEmail is PASSED

2018-07-12 03:43:59 - [TEST_STEP][PASSED] - com.helper.commonfunct.commonutilities.searchStatus: com.helper.commonfunct.commonutilities.searchStatus is PASSED

2018-07-12 03:44:02 - [MESSAGE][PASSED] - Wait for page load successfully

2018-07-12 03:44:17 - [MESSAGE][PASSED] - com.helper.commonfunct.commonutilities.searchStatus is PASSED

2018-07-12 03:44:17 - [MESSAGE][PASSED] - Call Test Case 'Test Cases/BEP/Create_Approve_Reject/All_Approval_Reject' successfully]]></system-out>
         <system-err><![CDATA[]]></system-err>
      </testcase>
      <testcase name="Test Cases/BEP/TestCases/TC_Withdraw" classname="Test Cases/BEP/TestCases/TC_Withdraw" status="PASSED">
         <system-out><![CDATA[2018-07-12 03:44:17 - [TEST_CASE][PASSED] - Test Cases/BEP/TestCases/TC_Withdraw: Test Cases/BEP/TestCases/TC_Withdraw

2018-07-12 03:44:18 - [TEST_STEP][PASSED] - callTestCase: Call Test Case 'Test Cases/BEP/Create_Approve_Reject/Create_BEP_NoOutput' successfully

2018-07-12 03:44:18 - [TEST_CASE][PASSED] - Test Cases/BEP/Create_Approve_Reject/Create_BEP_NoOutput: Test Cases/BEP/Create_Approve_Reject/Create_BEP_NoOutput

2018-07-12 03:44:18 - [TEST_STEP][PASSED] - com.helper.commonfunct.commonutilities.login: com.helper.commonfunct.commonutilities.login is PASSED

2018-07-12 03:44:18 - [MESSAGE][WARNING] - A browser is already opened. Closing browser and opening a new one

2018-07-12 03:44:31 - [MESSAGE][PASSED] - Browser is opened with url: ''

2018-07-12 03:44:34 - [MESSAGE][PASSED] - Navigate to 'https://vdaqa.rpega.com:9030/daqa/PRServlet' successfully

2018-07-12 03:44:47 - [MESSAGE][PASSED] - Text 'hendj@pegasystems.com' is set on object 'Object Repository/Generic/input_UserIdentifier'

2018-07-12 03:44:59 - [MESSAGE][PASSED] - Text 'install' is set on object 'Object Repository/Generic/input_Password'

2018-07-12 03:45:07 - [MESSAGE][PASSED] - Keys 'ENTER + ' sent to object: 'Object Repository/Generic/input_Password'

2018-07-12 03:45:07 - [MESSAGE][PASSED] - com.helper.commonfunct.commonutilities.login is PASSED

2018-07-12 03:45:07 - [TEST_STEP][PASSED] - com.helper.commonfunct.BEP_CommonMethod.Estimate: com.helper.commonfunct.BEP_CommonMethod.Estimate is PASSED

2018-07-12 03:45:11 - [MESSAGE][PASSED] - Current window maximized

2018-07-12 03:45:13 - [MESSAGE][PASSED] - Delayed 2 second(s)

2018-07-12 03:45:19 - [MESSAGE][PASSED] - Object: 'Object Repository/Generic/New' is clicked on

2018-07-12 03:45:23 - [MESSAGE][PASSED] - Delayed 4 second(s)

2018-07-12 03:45:29 - [MESSAGE][PASSED] - Object: 'Object Repository/BEP/Generic/EstimateLink' is clicked on

2018-07-12 03:45:33 - [MESSAGE][PASSED] - Delayed 4 second(s)

2018-07-12 03:45:39 - [MESSAGE][PASSED] - Object: 'Object Repository/ECR/Generic/WOTAB' is clicked on

2018-07-12 03:45:42 - [MESSAGE][PASSED] - Wait for page load successfully

2018-07-12 03:45:53 - [MESSAGE][PASSED] - Delayed 5 second(s)

2018-07-12 03:46:27 - [MESSAGE][WARNING] - Object 'Object Repository/BEP/Generic/import' is not visible after 30 second(s)

2018-07-12 03:46:38 - [MESSAGE][PASSED] - Delayed 5 second(s)

2018-07-12 03:46:44 - [MESSAGE][PASSED] - File 'C:\DAUIAutomation\Data Files\BEP\Estimate.xlsm' sent to object: 'Object Repository/Generic/FilePath'

2018-07-12 03:46:49 - [MESSAGE][PASSED] - Delayed 5 second(s)

2018-07-12 03:46:56 - [MESSAGE][PASSED] - Object: 'Object Repository/Generic/button_Submit' is clicked on

2018-07-12 03:47:06 - [MESSAGE][PASSED] - Delayed 10 second(s)

2018-07-12 03:47:18 - [MESSAGE][PASSED] - Text 'BOFA' is set on object 'Object Repository/Generic/ORG'

2018-07-12 03:47:25 - [MESSAGE][PASSED] - Delayed 7 second(s)

2018-07-12 03:47:31 - [MESSAGE][PASSED] - Keys 'TAB + ' sent to object: 'Object Repository/Generic/ORG'

2018-07-12 03:47:38 - [MESSAGE][PASSED] - Delayed 7 second(s)

2018-07-12 03:47:50 - [MESSAGE][PASSED] - Text 'BOFA' is set on object 'Object Repository/Generic/ACC'

2018-07-12 03:47:57 - [MESSAGE][PASSED] - Delayed 7 second(s)

2018-07-12 03:48:03 - [MESSAGE][PASSED] - Keys 'TAB + ' sent to object: 'Object Repository/Generic/ACC'

2018-07-12 03:48:08 - [MESSAGE][PASSED] - Delayed 5 second(s)

2018-07-12 03:48:16 - [MESSAGE][PASSED] - Text 'The engagement you entered doesn't match' is present on page 

2018-07-12 03:48:28 - [MESSAGE][PASSED] - Text 'AUTOTEST1' is set on object 'Object Repository/Generic/ENG_DESC'

2018-07-12 03:48:33 - [MESSAGE][PASSED] - Delayed 5 second(s)

2018-07-12 03:48:44 - [MESSAGE][PASSED] - Delayed 5 second(s)

2018-07-12 03:49:08 - [MESSAGE][PASSED] - All options with value 'PRD-409' are selected in object 'Object Repository/Generic/PlatformID' 

2018-07-12 03:49:13 - [MESSAGE][PASSED] - Delayed 5 second(s)

2018-07-12 03:49:37 - [MESSAGE][PASSED] - All options with value 'RLS-3176' are selected in object 'Object Repository/Generic/PlatformVersion' 

2018-07-12 03:49:42 - [MESSAGE][PASSED] - Delayed 5 second(s)

2018-07-12 03:49:49 - [MESSAGE][PASSED] - Object: 'Object Repository/Generic/PlatformTrue' is clicked on

2018-07-12 03:49:54 - [MESSAGE][PASSED] - Delayed 5 second(s)

2018-07-12 03:50:15 - [MESSAGE][PASSED] - All options with value 'hendj@pegasystems.com' are selected in object 'Object Repository/EngInfo/PL' 

2018-07-12 03:50:20 - [MESSAGE][PASSED] - Delayed 5 second(s)

2018-07-12 03:50:27 - [MESSAGE][PASSED] - Text 'PL Team Leader' is present on page 

2018-07-12 03:50:48 - [MESSAGE][PASSED] - All options with value 'higgr@pegasystems.com' are selected in object 'Object Repository/EngInfo/PLTL' 

2018-07-12 03:50:53 - [MESSAGE][PASSED] - Delayed 5 second(s)

2018-07-12 03:51:18 - [MESSAGE][PASSED] - All options with value 'waink@pegasystems.com' are selected in object 'Object Repository/EngInfo/RD' 

2018-07-12 03:51:23 - [MESSAGE][PASSED] - Delayed 5 second(s)

2018-07-12 03:51:44 - [MESSAGE][PASSED] - All options with value 'panee@pegasystems.com' are selected in object 'Object Repository/EngInfo/RL' 

2018-07-12 03:51:49 - [MESSAGE][PASSED] - Delayed 5 second(s)

2018-07-12 03:51:55 - [MESSAGE][PASSED] - Scroll to object 'Object Repository/Generic/NEXT_BUTTON' successfully

2018-07-12 03:52:01 - [MESSAGE][PASSED] - Object: 'Object Repository/Generic/NEXT_BUTTON' is clicked on

2018-07-12 03:52:06 - [MESSAGE][PASSED] - Delayed 5 second(s)

2018-07-12 03:52:09 - [MESSAGE][PASSED] - Wait for page load successfully

2018-07-12 03:52:11 - [MESSAGE][PASSED] - Delayed 2 second(s)

2018-07-12 03:52:17 - [MESSAGE][PASSED] - Text of object 'Object Repository/BEP/Generic/DurationLow' is cleared

2018-07-12 03:52:19 - [MESSAGE][PASSED] - Delayed 2 second(s)

2018-07-12 03:52:31 - [MESSAGE][PASSED] - Text '15' is set on object 'Object Repository/BEP/Generic/DurationLow'

2018-07-12 03:52:33 - [MESSAGE][PASSED] - Delayed 2 second(s)

2018-07-12 03:52:39 - [MESSAGE][PASSED] - Text of object 'Object Repository/BEP/Generic/DurationHigh' is cleared

2018-07-12 03:52:41 - [MESSAGE][PASSED] - Delayed 2 second(s)

2018-07-12 03:52:53 - [MESSAGE][PASSED] - Text '15' is set on object 'Object Repository/BEP/Generic/DurationHigh'

2018-07-12 03:52:55 - [MESSAGE][PASSED] - Delayed 2 second(s)

2018-07-12 03:53:01 - [MESSAGE][PASSED] - Text of object 'Object Repository/BEP/Generic/PartnerHoursLow' is cleared

2018-07-12 03:53:03 - [MESSAGE][PASSED] - Delayed 2 second(s)

2018-07-12 03:53:16 - [MESSAGE][PASSED] - Text '15' is set on object 'Object Repository/BEP/Generic/PartnerHoursLow'

2018-07-12 03:53:18 - [MESSAGE][PASSED] - Delayed 2 second(s)

2018-07-12 03:53:24 - [MESSAGE][PASSED] - Text of object 'Object Repository/BEP/Generic/PartnerHoursHigh' is cleared

2018-07-12 03:53:26 - [MESSAGE][PASSED] - Delayed 2 second(s)

2018-07-12 03:53:38 - [MESSAGE][PASSED] - Text '15' is set on object 'Object Repository/BEP/Generic/PartnerHoursHigh'

2018-07-12 03:53:40 - [MESSAGE][PASSED] - Delayed 2 second(s)

2018-07-12 03:53:46 - [MESSAGE][PASSED] - Object: 'Object Repository/BEP/Generic/EstimationMethod' is clicked on

2018-07-12 03:53:51 - [MESSAGE][PASSED] - Delayed 5 second(s)

2018-07-12 03:53:57 - [MESSAGE][PASSED] - Keys 'BSW' sent to object: 'Object Repository/BEP/Generic/EstimationMethod'

2018-07-12 03:54:02 - [MESSAGE][PASSED] - Delayed 5 second(s)

2018-07-12 03:54:08 - [MESSAGE][PASSED] - Scroll to object 'Object Repository/Generic/NEXT_BUTTON' successfully

2018-07-12 03:54:15 - [MESSAGE][PASSED] - Object: 'Object Repository/Generic/NEXT_BUTTON' is clicked on

2018-07-12 03:54:20 - [MESSAGE][PASSED] - Delayed 5 second(s)

2018-07-12 03:54:26 - [MESSAGE][PASSED] - Object: 'Object Repository/BEP/Generic/BEPoutput' is clicked on

2018-07-12 03:54:31 - [MESSAGE][PASSED] - Delayed 5 second(s)

2018-07-12 03:54:55 - [MESSAGE][PASSED] - All options with value 'RFP in process' are selected in object 'Object Repository/BEP/Generic/ReasonCode' 

2018-07-12 03:55:01 - [MESSAGE][PASSED] - Scroll to object 'Object Repository/Generic/NEXT_BUTTON' successfully

2018-07-12 03:55:07 - [MESSAGE][PASSED] - Object: 'Object Repository/Generic/NEXT_BUTTON' is clicked on

2018-07-12 03:55:13 - [MESSAGE][PASSED] - Scroll to object 'Object Repository/Generic/FINISH_BUTTON' successfully

2018-07-12 03:55:19 - [MESSAGE][PASSED] - Object: 'Object Repository/Generic/FINISH_BUTTON' is clicked on

2018-07-12 03:55:26 - [MESSAGE][PASSED] - Wait for page load successfully

2018-07-12 03:55:31 - [MESSAGE][PASSED] - Delayed 5 second(s)

2018-07-12 03:55:37 - [MESSAGE][PASSED] - Text of object 'Object Repository/Generic/WOID' is: 'BEP-12Jul2018-9'

2018-07-12 03:55:37 - [MESSAGE][PASSED] - com.helper.commonfunct.BEP_CommonMethod.Estimate is PASSED

2018-07-12 03:55:37 - [TEST_STEP][PASSED] - com.helper.commonfunct.commonutilities.searchStatus: com.helper.commonfunct.commonutilities.searchStatus is PASSED

2018-07-12 03:55:40 - [MESSAGE][PASSED] - Wait for page load successfully

2018-07-12 03:56:01 - [MESSAGE][PASSED] - Delayed 2 second(s)

2018-07-12 03:56:09 - [MESSAGE][PASSED] - Delayed 2 second(s)

2018-07-12 03:56:18 - [MESSAGE][PASSED] - com.helper.commonfunct.commonutilities.searchStatus is PASSED

2018-07-12 03:56:18 - [MESSAGE][PASSED] - Call Test Case 'Test Cases/BEP/Create_Approve_Reject/Create_BEP_NoOutput' successfully

2018-07-12 03:56:18 - [TEST_STEP][PASSED] - com.helper.commonfunct.commonutilities.login: com.helper.commonfunct.commonutilities.login is PASSED

2018-07-12 03:56:18 - [MESSAGE][WARNING] - A browser is already opened. Closing browser and opening a new one

2018-07-12 03:56:31 - [MESSAGE][PASSED] - Browser is opened with url: ''

2018-07-12 03:56:34 - [MESSAGE][PASSED] - Navigate to 'https://vdaqa.rpega.com:9030/daqa/PRServlet' successfully

2018-07-12 03:56:46 - [MESSAGE][PASSED] - Text 'hendj@pegasystems.com' is set on object 'Object Repository/Generic/input_UserIdentifier'

2018-07-12 03:56:58 - [MESSAGE][PASSED] - Text 'install' is set on object 'Object Repository/Generic/input_Password'

2018-07-12 03:57:07 - [MESSAGE][PASSED] - Keys 'ENTER + ' sent to object: 'Object Repository/Generic/input_Password'

2018-07-12 03:57:07 - [MESSAGE][PASSED] - com.helper.commonfunct.commonutilities.login is PASSED

2018-07-12 03:57:07 - [TEST_STEP][NOT_RUN] - Statement - WOID = "BEP-18May2018-11": NOT_RUN: Statement - WOID = "BEP-18May2018-11"

2018-07-12 03:57:07 - [MESSAGE][NOT_RUN] - NOT_RUN: Statement - WOID = "BEP-18May2018-11"

2018-07-12 03:57:07 - [TEST_STEP][PASSED] - com.helper.commonfunct.commonutilities.search: com.helper.commonfunct.commonutilities.search is PASSED

2018-07-12 03:57:11 - [MESSAGE][PASSED] - Current window maximized

2018-07-12 03:57:16 - [MESSAGE][PASSED] - Delayed 5 second(s)

2018-07-12 03:57:28 - [MESSAGE][PASSED] - Text 'BEP-12Jul2018-9' is set on object 'Object Repository/EngInfo/search'

2018-07-12 03:57:31 - [MESSAGE][PASSED] - Delayed 3 second(s)

2018-07-12 03:57:37 - [MESSAGE][PASSED] - Keys 'ENTER + ' sent to object: 'Object Repository/EngInfo/search'

2018-07-12 03:57:44 - [MESSAGE][WARNING] - No alert found after 3 second(s).
[[ATTACHMENT|C:\\DAUIAutomation\\Reports\\Estimate\\20180712_020650\\1531382261399.png]]

2018-07-12 03:57:47 - [MESSAGE][PASSED] - Wait for page load successfully

2018-07-12 03:57:47 - [MESSAGE][PASSED] - com.helper.commonfunct.commonutilities.search is PASSED

2018-07-12 03:57:47 - [TEST_STEP][PASSED] - com.helper.commonfunct.BEP_CommonMethod.withdraw: com.helper.commonfunct.BEP_CommonMethod.withdraw is PASSED

2018-07-12 03:57:52 - [MESSAGE][PASSED] - Delayed 5 second(s)

2018-07-12 03:58:05 - [MESSAGE][PASSED] - Object: 'Object Repository/Generic/otherAction' is clicked on

2018-07-12 03:58:10 - [MESSAGE][PASSED] - Delayed 5 second(s)

2018-07-12 03:58:16 - [MESSAGE][PASSED] - Object: 'Object Repository/BEP/Generic/withdraw_link' is clicked on

2018-07-12 03:58:21 - [MESSAGE][PASSED] - Delayed 5 second(s)

2018-07-12 03:58:33 - [MESSAGE][PASSED] - Text 'Software Testing' is set on object 'Object Repository/BEP/Generic/withdraw_notes'

2018-07-12 03:58:38 - [MESSAGE][PASSED] - Delayed 5 second(s)

2018-07-12 03:58:44 - [MESSAGE][PASSED] - Object: 'Object Repository/BEP/Generic/withdraw_submit' is clicked on

2018-07-12 03:58:49 - [MESSAGE][PASSED] - Delayed 5 second(s)

2018-07-12 03:58:55 - [MESSAGE][PASSED] - Object: 'Object Repository/Generic/CLOSE_WORK_OBJECT' is clicked on

2018-07-12 03:58:55 - [MESSAGE][PASSED] - com.helper.commonfunct.BEP_CommonMethod.withdraw is PASSED]]></system-out>
         <system-err><![CDATA[]]></system-err>
      </testcase>
      <testcase name="Test Cases/BEP/TestCases/TC_Create_BEP_EmailOutputMoreThanOneRLS" classname="Test Cases/BEP/TestCases/TC_Create_BEP_EmailOutputMoreThanOneRLS" status="PASSED">
         <system-out><![CDATA[2018-07-12 03:58:55 - [TEST_CASE][PASSED] - Test Cases/BEP/TestCases/TC_Create_BEP_EmailOutputMoreThanOneRLS: Test Cases/BEP/TestCases/TC_Create_BEP_EmailOutputMoreThanOneRLS

2018-07-12 03:58:56 - [TEST_STEP][PASSED] - Statement - morethanOneRLS = true: null

2018-07-12 03:58:56 - [TEST_STEP][PASSED] - callTestCase: Call Test Case 'Test Cases/BEP/Create_Approve_Reject/Create_BEP_EmailOutput' successfully

2018-07-12 03:58:56 - [TEST_CASE][PASSED] - Test Cases/BEP/Create_Approve_Reject/Create_BEP_EmailOutput: Test Cases/BEP/Create_Approve_Reject/Create_BEP_EmailOutput

2018-07-12 03:58:56 - [TEST_STEP][PASSED] - com.helper.commonfunct.commonutilities.login: com.helper.commonfunct.commonutilities.login is PASSED

2018-07-12 03:58:56 - [MESSAGE][WARNING] - A browser is already opened. Closing browser and opening a new one

2018-07-12 03:59:09 - [MESSAGE][PASSED] - Browser is opened with url: ''

2018-07-12 03:59:12 - [MESSAGE][PASSED] - Navigate to 'https://vdaqa.rpega.com:9030/daqa/PRServlet' successfully

2018-07-12 03:59:24 - [MESSAGE][PASSED] - Text 'hendj@pegasystems.com' is set on object 'Object Repository/Generic/input_UserIdentifier'

2018-07-12 03:59:37 - [MESSAGE][PASSED] - Text 'install' is set on object 'Object Repository/Generic/input_Password'

2018-07-12 03:59:45 - [MESSAGE][PASSED] - Keys 'ENTER + ' sent to object: 'Object Repository/Generic/input_Password'

2018-07-12 03:59:45 - [MESSAGE][PASSED] - com.helper.commonfunct.commonutilities.login is PASSED

2018-07-12 03:59:45 - [TEST_STEP][PASSED] - com.helper.commonfunct.BEP_CommonMethod.Estimate: com.helper.commonfunct.BEP_CommonMethod.Estimate is PASSED

2018-07-12 03:59:49 - [MESSAGE][PASSED] - Current window maximized

2018-07-12 03:59:51 - [MESSAGE][PASSED] - Delayed 2 second(s)

2018-07-12 03:59:57 - [MESSAGE][PASSED] - Object: 'Object Repository/Generic/New' is clicked on

2018-07-12 04:00:01 - [MESSAGE][PASSED] - Delayed 4 second(s)

2018-07-12 04:00:07 - [MESSAGE][PASSED] - Object: 'Object Repository/BEP/Generic/EstimateLink' is clicked on

2018-07-12 04:00:11 - [MESSAGE][PASSED] - Delayed 4 second(s)

2018-07-12 04:00:18 - [MESSAGE][PASSED] - Object: 'Object Repository/ECR/Generic/WOTAB' is clicked on

2018-07-12 04:00:21 - [MESSAGE][PASSED] - Wait for page load successfully

2018-07-12 04:00:32 - [MESSAGE][PASSED] - Delayed 5 second(s)

2018-07-12 04:01:06 - [MESSAGE][WARNING] - Object 'Object Repository/BEP/Generic/import' is not visible after 30 second(s)

2018-07-12 04:01:17 - [MESSAGE][PASSED] - Delayed 5 second(s)

2018-07-12 04:01:23 - [MESSAGE][PASSED] - File 'C:\DAUIAutomation\Data Files\BEP\Estimate.xlsm' sent to object: 'Object Repository/Generic/FilePath'

2018-07-12 04:01:28 - [MESSAGE][PASSED] - Delayed 5 second(s)

2018-07-12 04:01:34 - [MESSAGE][PASSED] - Object: 'Object Repository/Generic/button_Submit' is clicked on

2018-07-12 04:01:44 - [MESSAGE][PASSED] - Delayed 10 second(s)

2018-07-12 04:01:56 - [MESSAGE][PASSED] - Text 'BOFA' is set on object 'Object Repository/Generic/ORG'

2018-07-12 04:02:03 - [MESSAGE][PASSED] - Delayed 7 second(s)

2018-07-12 04:02:09 - [MESSAGE][PASSED] - Keys 'TAB + ' sent to object: 'Object Repository/Generic/ORG'

2018-07-12 04:02:16 - [MESSAGE][PASSED] - Delayed 7 second(s)

2018-07-12 04:02:29 - [MESSAGE][PASSED] - Text 'BOFA' is set on object 'Object Repository/Generic/ACC'

2018-07-12 04:02:36 - [MESSAGE][PASSED] - Delayed 7 second(s)

2018-07-12 04:02:42 - [MESSAGE][PASSED] - Keys 'TAB + ' sent to object: 'Object Repository/Generic/ACC'

2018-07-12 04:02:47 - [MESSAGE][PASSED] - Delayed 5 second(s)

2018-07-12 04:02:54 - [MESSAGE][PASSED] - Text 'The engagement you entered doesn't match' is present on page 

2018-07-12 04:03:07 - [MESSAGE][PASSED] - Text 'AUTOTEST1' is set on object 'Object Repository/Generic/ENG_DESC'

2018-07-12 04:03:12 - [MESSAGE][PASSED] - Delayed 5 second(s)

2018-07-12 04:03:23 - [MESSAGE][PASSED] - Delayed 5 second(s)

2018-07-12 04:03:47 - [MESSAGE][PASSED] - All options with value 'PRD-409' are selected in object 'Object Repository/Generic/PlatformID' 

2018-07-12 04:03:52 - [MESSAGE][PASSED] - Delayed 5 second(s)

2018-07-12 04:04:16 - [MESSAGE][PASSED] - All options with value 'RLS-3176' are selected in object 'Object Repository/Generic/PlatformVersion' 

2018-07-12 04:04:21 - [MESSAGE][PASSED] - Delayed 5 second(s)

2018-07-12 04:04:27 - [MESSAGE][PASSED] - Object: 'Object Repository/Generic/PlatformTrue' is clicked on

2018-07-12 04:04:32 - [MESSAGE][PASSED] - Delayed 5 second(s)

2018-07-12 04:04:53 - [MESSAGE][PASSED] - All options with value 'hendj@pegasystems.com' are selected in object 'Object Repository/EngInfo/PL' 

2018-07-12 04:04:58 - [MESSAGE][PASSED] - Delayed 5 second(s)

2018-07-12 04:05:06 - [MESSAGE][PASSED] - Text 'PL Team Leader' is present on page 

2018-07-12 04:05:27 - [MESSAGE][PASSED] - All options with value 'higgr@pegasystems.com' are selected in object 'Object Repository/EngInfo/PLTL' 

2018-07-12 04:05:32 - [MESSAGE][PASSED] - Delayed 5 second(s)

2018-07-12 04:05:56 - [MESSAGE][PASSED] - All options with value 'waink@pegasystems.com' are selected in object 'Object Repository/EngInfo/RD' 

2018-07-12 04:06:01 - [MESSAGE][PASSED] - Delayed 5 second(s)

2018-07-12 04:06:22 - [MESSAGE][PASSED] - All options with value 'panee@pegasystems.com' are selected in object 'Object Repository/EngInfo/RL' 

2018-07-12 04:06:27 - [MESSAGE][PASSED] - Delayed 5 second(s)

2018-07-12 04:06:33 - [MESSAGE][PASSED] - Scroll to object 'Object Repository/Generic/NEXT_BUTTON' successfully

2018-07-12 04:06:39 - [MESSAGE][PASSED] - Object: 'Object Repository/Generic/NEXT_BUTTON' is clicked on

2018-07-12 04:06:44 - [MESSAGE][PASSED] - Delayed 5 second(s)

2018-07-12 04:06:47 - [MESSAGE][PASSED] - Wait for page load successfully

2018-07-12 04:06:49 - [MESSAGE][PASSED] - Delayed 2 second(s)

2018-07-12 04:06:55 - [MESSAGE][PASSED] - Text of object 'Object Repository/BEP/Generic/DurationLow' is cleared

2018-07-12 04:06:57 - [MESSAGE][PASSED] - Delayed 2 second(s)

2018-07-12 04:07:10 - [MESSAGE][PASSED] - Text '15' is set on object 'Object Repository/BEP/Generic/DurationLow'

2018-07-12 04:07:12 - [MESSAGE][PASSED] - Delayed 2 second(s)

2018-07-12 04:07:18 - [MESSAGE][PASSED] - Text of object 'Object Repository/BEP/Generic/DurationHigh' is cleared

2018-07-12 04:07:20 - [MESSAGE][PASSED] - Delayed 2 second(s)

2018-07-12 04:07:32 - [MESSAGE][PASSED] - Text '15' is set on object 'Object Repository/BEP/Generic/DurationHigh'

2018-07-12 04:07:34 - [MESSAGE][PASSED] - Delayed 2 second(s)

2018-07-12 04:07:40 - [MESSAGE][PASSED] - Text of object 'Object Repository/BEP/Generic/PartnerHoursLow' is cleared

2018-07-12 04:07:42 - [MESSAGE][PASSED] - Delayed 2 second(s)

2018-07-12 04:07:54 - [MESSAGE][PASSED] - Text '15' is set on object 'Object Repository/BEP/Generic/PartnerHoursLow'

2018-07-12 04:07:56 - [MESSAGE][PASSED] - Delayed 2 second(s)

2018-07-12 04:08:02 - [MESSAGE][PASSED] - Text of object 'Object Repository/BEP/Generic/PartnerHoursHigh' is cleared

2018-07-12 04:08:04 - [MESSAGE][PASSED] - Delayed 2 second(s)

2018-07-12 04:08:16 - [MESSAGE][PASSED] - Text '15' is set on object 'Object Repository/BEP/Generic/PartnerHoursHigh'

2018-07-12 04:08:18 - [MESSAGE][PASSED] - Delayed 2 second(s)

2018-07-12 04:08:24 - [MESSAGE][PASSED] - Text of object 'Object Repository/BEP/Generic/Phase1StartDate' is cleared

2018-07-12 04:08:26 - [MESSAGE][PASSED] - Delayed 2 second(s)

2018-07-12 04:08:39 - [MESSAGE][PASSED] - Text '07/14/2018' is set on object 'Object Repository/BEP/Generic/Phase1StartDate'

2018-07-12 04:08:41 - [MESSAGE][PASSED] - Delayed 2 second(s)

2018-07-12 04:08:47 - [MESSAGE][PASSED] - Object: 'Object Repository/BEP/Generic/EstimationMethod' is clicked on

2018-07-12 04:08:52 - [MESSAGE][PASSED] - Delayed 5 second(s)

2018-07-12 04:08:58 - [MESSAGE][PASSED] - Keys 'BSW' sent to object: 'Object Repository/BEP/Generic/EstimationMethod'

2018-07-12 04:09:03 - [MESSAGE][PASSED] - Delayed 5 second(s)

2018-07-12 04:09:09 - [MESSAGE][PASSED] - Scroll to object 'Object Repository/Generic/NEXT_BUTTON' successfully

2018-07-12 04:09:15 - [MESSAGE][PASSED] - Object: 'Object Repository/Generic/NEXT_BUTTON' is clicked on

2018-07-12 04:09:20 - [MESSAGE][PASSED] - Delayed 5 second(s)

2018-07-12 04:09:26 - [MESSAGE][PASSED] - Object: 'Object Repository/BEP/Generic/BEPOutputEmail' is clicked on

2018-07-12 04:09:28 - [MESSAGE][PASSED] - Delayed 2 second(s)

2018-07-12 04:09:35 - [MESSAGE][PASSED] - Object: 'Object Repository/BEP/Generic/RECEIPIENT' is clicked on

2018-07-12 04:09:37 - [MESSAGE][PASSED] - Delayed 2 second(s)

2018-07-12 04:09:43 - [MESSAGE][PASSED] - Object: 'Object Repository/BEP/Generic/AddEmailID' is clicked on

2018-07-12 04:09:45 - [MESSAGE][PASSED] - Delayed 2 second(s)

2018-07-12 04:09:51 - [MESSAGE][PASSED] - Keys 'nagaveni.nipinale@in.pega.com' sent to object: 'Object Repository/BEP/Generic/MAILID_XPATH'

2018-07-12 04:09:53 - [MESSAGE][PASSED] - Delayed 2 second(s)

2018-07-12 04:09:59 - [MESSAGE][PASSED] - Object: 'Object Repository/BEP/Generic/modal_submit' is clicked on

2018-07-12 04:10:01 - [MESSAGE][PASSED] - Delayed 2 second(s)

2018-07-12 04:10:08 - [MESSAGE][PASSED] - Keys 'Test Automation' sent to object: 'Object Repository/BEP/Generic/Email_Subject'

2018-07-12 04:10:14 - [MESSAGE][PASSED] - Scroll to object 'Object Repository/Generic/NEXT_BUTTON' successfully

2018-07-12 04:10:20 - [MESSAGE][PASSED] - Object: 'Object Repository/Generic/NEXT_BUTTON' is clicked on

2018-07-12 04:10:26 - [MESSAGE][PASSED] - Scroll to object 'Object Repository/Generic/FINISH_BUTTON' successfully

2018-07-12 04:10:32 - [MESSAGE][PASSED] - Object: 'Object Repository/Generic/FINISH_BUTTON' is clicked on

2018-07-12 04:10:35 - [MESSAGE][PASSED] - Wait for page load successfully

2018-07-12 04:10:40 - [MESSAGE][PASSED] - Delayed 5 second(s)

2018-07-12 04:10:46 - [MESSAGE][PASSED] - Text of object 'Object Repository/Generic/WOID' is: 'BEP-12Jul2018-10'

2018-07-12 04:10:46 - [MESSAGE][PASSED] - com.helper.commonfunct.BEP_CommonMethod.Estimate is PASSED

2018-07-12 04:10:46 - [TEST_STEP][PASSED] - com.helper.commonfunct.commonutilities.searchStatus: com.helper.commonfunct.commonutilities.searchStatus is PASSED

2018-07-12 04:10:49 - [MESSAGE][PASSED] - Wait for page load successfully

2018-07-12 04:11:09 - [MESSAGE][PASSED] - Delayed 2 second(s)

2018-07-12 04:11:17 - [MESSAGE][PASSED] - Delayed 2 second(s)

2018-07-12 04:11:26 - [MESSAGE][PASSED] - com.helper.commonfunct.commonutilities.searchStatus is PASSED

2018-07-12 04:11:26 - [MESSAGE][PASSED] - Call Test Case 'Test Cases/BEP/Create_Approve_Reject/Create_BEP_EmailOutput' successfully

2018-07-12 04:11:26 - [TEST_STEP][PASSED] - Statement - SendEmail = false: null

2018-07-12 04:11:26 - [TEST_STEP][PASSED] - Statement - CreateECR = true: null

2018-07-12 04:11:26 - [TEST_STEP][PASSED] - callTestCase: Call Test Case 'Test Cases/BEP/Create_Approve_Reject/All_Approval_Reject' successfully

2018-07-12 04:11:26 - [TEST_CASE][PASSED] - Test Cases/BEP/Create_Approve_Reject/All_Approval_Reject: Test Cases/BEP/Create_Approve_Reject/All_Approval_Reject

2018-07-12 04:11:26 - [TEST_STEP][NOT_RUN] - com.helper.commonfunct.commonutilities.login: NOT_RUN: com.helper.commonfunct.commonutilities.login

2018-07-12 04:11:26 - [MESSAGE][NOT_RUN] - NOT_RUN: com.helper.commonfunct.commonutilities.login

2018-07-12 04:11:26 - [TEST_STEP][NOT_RUN] - com.helper.commonfunct.commonutilities.search: NOT_RUN: com.helper.commonfunct.commonutilities.search

2018-07-12 04:11:26 - [MESSAGE][NOT_RUN] - NOT_RUN: com.helper.commonfunct.commonutilities.search

2018-07-12 04:11:26 - [TEST_STEP][NOT_RUN] - switchToFrame: NOT_RUN: switchToFrame

2018-07-12 04:11:26 - [MESSAGE][NOT_RUN] - NOT_RUN: switchToFrame

2018-07-12 04:11:26 - [TEST_STEP][NOT_RUN] - com.helper.commonfunct.commonutilities.setprop: NOT_RUN: com.helper.commonfunct.commonutilities.setprop

2018-07-12 04:11:26 - [MESSAGE][NOT_RUN] - NOT_RUN: com.helper.commonfunct.commonutilities.setprop

2018-07-12 04:11:26 - [TEST_STEP][PASSED] - Statement - While (WOSTATUS.contains("PENDING") && AssignmentList.size() > 0): com.helper.commonfunct.commonutilities.searchStatus is PASSED

2018-07-12 04:11:26 - [TEST_STEP][PASSED] - Statement - Status = text: null

2018-07-12 04:11:29 - [TEST_STEP][PASSED] - Statement - println(Status): null

2018-07-12 04:11:29 - [TEST_STEP][PASSED] - Statement - If (Status == "Pending-RDApproval"): com.helper.commonfunct.BEP_CommonMethod.RDapprove is PASSED

2018-07-12 04:11:29 - [TEST_STEP][PASSED] - Statement - If (RDReject == false): com.helper.commonfunct.BEP_CommonMethod.RDapprove is PASSED

2018-07-12 04:11:29 - [TEST_STEP][PASSED] - Statement - If (RouteToRL == true): com.helper.commonfunct.BEP_CommonMethod.RDapprove is PASSED

2018-07-12 04:11:29 - [TEST_STEP][PASSED] - com.helper.commonfunct.commonutilities.login: com.helper.commonfunct.commonutilities.login is PASSED

2018-07-12 04:11:29 - [MESSAGE][WARNING] - A browser is already opened. Closing browser and opening a new one

2018-07-12 04:11:42 - [MESSAGE][PASSED] - Browser is opened with url: ''

2018-07-12 04:11:46 - [MESSAGE][PASSED] - Navigate to 'https://vdaqa.rpega.com:9030/daqa/PRServlet' successfully

2018-07-12 04:11:58 - [MESSAGE][PASSED] - Text 'waink@pegasystems.com' is set on object 'Object Repository/Generic/input_UserIdentifier'

2018-07-12 04:12:10 - [MESSAGE][PASSED] - Text 'install' is set on object 'Object Repository/Generic/input_Password'

2018-07-12 04:12:19 - [MESSAGE][PASSED] - Keys 'ENTER + ' sent to object: 'Object Repository/Generic/input_Password'

2018-07-12 04:12:19 - [MESSAGE][PASSED] - com.helper.commonfunct.commonutilities.login is PASSED

2018-07-12 04:12:19 - [TEST_STEP][PASSED] - com.helper.commonfunct.commonutilities.search: com.helper.commonfunct.commonutilities.search is PASSED

2018-07-12 04:12:23 - [MESSAGE][PASSED] - Current window maximized

2018-07-12 04:12:28 - [MESSAGE][PASSED] - Delayed 5 second(s)

2018-07-12 04:12:40 - [MESSAGE][PASSED] - Text 'BEP-12Jul2018-10' is set on object 'Object Repository/EngInfo/search'

2018-07-12 04:12:43 - [MESSAGE][PASSED] - Delayed 3 second(s)

2018-07-12 04:12:49 - [MESSAGE][PASSED] - Keys 'ENTER + ' sent to object: 'Object Repository/EngInfo/search'

2018-07-12 04:12:56 - [MESSAGE][WARNING] - No alert found after 3 second(s).
[[ATTACHMENT|C:\\DAUIAutomation\\Reports\\Estimate\\20180712_020650\\1531383173238.png]]

2018-07-12 04:12:59 - [MESSAGE][PASSED] - Wait for page load successfully

2018-07-12 04:12:59 - [MESSAGE][PASSED] - com.helper.commonfunct.commonutilities.search is PASSED

2018-07-12 04:12:59 - [TEST_STEP][PASSED] - com.helper.commonfunct.BEP_CommonMethod.RDapprove: com.helper.commonfunct.BEP_CommonMethod.RDapprove is PASSED

2018-07-12 04:13:04 - [MESSAGE][PASSED] - Delayed 5 second(s)

2018-07-12 04:13:20 - [MESSAGE][PASSED] - Delayed 7 second(s)

2018-07-12 04:13:28 - [MESSAGE][PASSED] - Delayed 5 second(s)

2018-07-12 04:13:34 - [MESSAGE][PASSED] - Wait for page load successfully

2018-07-12 04:13:37 - [MESSAGE][PASSED] - Wait for page load successfully

2018-07-12 04:13:40 - [MESSAGE][PASSED] - Wait for page load successfully

2018-07-12 04:13:53 - [MESSAGE][PASSED] - Scroll to object 'Object Repository/Generic/NEXT_BUTTON' successfully

2018-07-12 04:13:59 - [MESSAGE][PASSED] - Object: 'Object Repository/Generic/NEXT_BUTTON' is clicked on

2018-07-12 04:14:04 - [MESSAGE][PASSED] - Delayed 5 second(s)

2018-07-12 04:14:10 - [MESSAGE][PASSED] - Scroll to object 'Object Repository/BEP/Generic/RD_RLApprove' successfully

2018-07-12 04:14:16 - [MESSAGE][PASSED] - Object: 'Object Repository/BEP/Generic/RD_RLApprove' is clicked on

2018-07-12 04:14:21 - [MESSAGE][PASSED] - Delayed 5 second(s)

2018-07-12 04:14:33 - [MESSAGE][PASSED] - Text 'Software Testing' is set on object 'Object Repository/BEP/Generic/BEP_CASENOTES'

2018-07-12 04:14:38 - [MESSAGE][PASSED] - Delayed 5 second(s)

2018-07-12 04:14:44 - [MESSAGE][PASSED] - Scroll to object 'Object Repository/BEP/Generic/FINISH_ASSIGNMENT' successfully

2018-07-12 04:14:53 - [MESSAGE][PASSED] - Wait for page load successfully

2018-07-12 04:14:53 - [MESSAGE][PASSED] - com.helper.commonfunct.BEP_CommonMethod.RDapprove is PASSED

2018-07-12 04:14:53 - [TEST_STEP][PASSED] - com.helper.commonfunct.commonutilities.searchStatus: com.helper.commonfunct.commonutilities.searchStatus is PASSED

2018-07-12 04:14:56 - [MESSAGE][PASSED] - Wait for page load successfully

2018-07-12 04:15:17 - [MESSAGE][PASSED] - Delayed 2 second(s)

2018-07-12 04:15:25 - [MESSAGE][PASSED] - Delayed 2 second(s)

2018-07-12 04:15:34 - [MESSAGE][PASSED] - com.helper.commonfunct.commonutilities.searchStatus is PASSED

2018-07-12 04:15:34 - [TEST_STEP][PASSED] - Statement - Status = text: null

2018-07-12 04:15:37 - [TEST_STEP][PASSED] - Statement - println(Status): null

2018-07-12 04:15:37 - [TEST_STEP][PASSED] - Statement - If (Status == "Pending-RDApproval"): null

2018-07-12 04:15:37 - [TEST_STEP][PASSED] - Statement - Else If (Status == "Pending-RLApproval"): com.helper.commonfunct.BEP_CommonMethod.RLapprove is PASSED

2018-07-12 04:15:37 - [TEST_STEP][PASSED] - Statement - If (RLReject == false): com.helper.commonfunct.BEP_CommonMethod.RLapprove is PASSED

2018-07-12 04:15:37 - [TEST_STEP][PASSED] - com.helper.commonfunct.commonutilities.login: com.helper.commonfunct.commonutilities.login is PASSED

2018-07-12 04:15:37 - [MESSAGE][WARNING] - A browser is already opened. Closing browser and opening a new one

2018-07-12 04:15:49 - [MESSAGE][PASSED] - Browser is opened with url: ''

2018-07-12 04:15:53 - [MESSAGE][PASSED] - Navigate to 'https://vdaqa.rpega.com:9030/daqa/PRServlet' successfully

2018-07-12 04:16:05 - [MESSAGE][PASSED] - Text 'panee@pegasystems.com' is set on object 'Object Repository/Generic/input_UserIdentifier'

2018-07-12 04:16:17 - [MESSAGE][PASSED] - Text 'install' is set on object 'Object Repository/Generic/input_Password'

2018-07-12 04:16:25 - [MESSAGE][PASSED] - Keys 'ENTER + ' sent to object: 'Object Repository/Generic/input_Password'

2018-07-12 04:16:25 - [MESSAGE][PASSED] - com.helper.commonfunct.commonutilities.login is PASSED

2018-07-12 04:16:25 - [TEST_STEP][PASSED] - com.helper.commonfunct.commonutilities.search: com.helper.commonfunct.commonutilities.search is PASSED

2018-07-12 04:16:29 - [MESSAGE][PASSED] - Current window maximized

2018-07-12 04:16:34 - [MESSAGE][PASSED] - Delayed 5 second(s)

2018-07-12 04:16:47 - [MESSAGE][PASSED] - Text 'BEP-12Jul2018-10' is set on object 'Object Repository/EngInfo/search'

2018-07-12 04:16:50 - [MESSAGE][PASSED] - Delayed 3 second(s)

2018-07-12 04:16:56 - [MESSAGE][PASSED] - Keys 'ENTER + ' sent to object: 'Object Repository/EngInfo/search'

2018-07-12 04:17:03 - [MESSAGE][WARNING] - No alert found after 3 second(s).
[[ATTACHMENT|C:\\DAUIAutomation\\Reports\\Estimate\\20180712_020650\\1531383419743.png]]

2018-07-12 04:17:06 - [MESSAGE][PASSED] - Wait for page load successfully

2018-07-12 04:17:06 - [MESSAGE][PASSED] - com.helper.commonfunct.commonutilities.search is PASSED

2018-07-12 04:17:06 - [TEST_STEP][PASSED] - com.helper.commonfunct.BEP_CommonMethod.RLapprove: com.helper.commonfunct.BEP_CommonMethod.RLapprove is PASSED

2018-07-12 04:17:11 - [MESSAGE][PASSED] - Delayed 5 second(s)

2018-07-12 04:17:27 - [MESSAGE][PASSED] - Delayed 7 second(s)

2018-07-12 04:17:35 - [MESSAGE][PASSED] - Delayed 5 second(s)

2018-07-12 04:17:41 - [MESSAGE][PASSED] - Wait for page load successfully

2018-07-12 04:17:44 - [MESSAGE][PASSED] - Wait for page load successfully

2018-07-12 04:17:47 - [MESSAGE][PASSED] - Wait for page load successfully

2018-07-12 04:17:59 - [MESSAGE][PASSED] - Scroll to object 'Object Repository/Generic/NEXT_BUTTON' successfully

2018-07-12 04:18:05 - [MESSAGE][PASSED] - Object: 'Object Repository/Generic/NEXT_BUTTON' is clicked on

2018-07-12 04:18:10 - [MESSAGE][PASSED] - Delayed 5 second(s)

2018-07-12 04:18:10 - [MESSAGE][WARNING] - Timeout '0' is invalid. Using default page load timeout: '30'

2018-07-12 04:18:16 - [MESSAGE][PASSED] - Scroll to object 'Object Repository/BEP/Generic/RD_RLApprove' successfully

2018-07-12 04:18:22 - [MESSAGE][PASSED] - Object: 'Object Repository/BEP/Generic/RD_RLApprove' is clicked on

2018-07-12 04:18:27 - [MESSAGE][PASSED] - Delayed 5 second(s)

2018-07-12 04:18:40 - [MESSAGE][PASSED] - Text 'Software Testing' is set on object 'Object Repository/BEP/Generic/BEP_CASENOTES'

2018-07-12 04:18:45 - [MESSAGE][PASSED] - Delayed 5 second(s)

2018-07-12 04:18:45 - [MESSAGE][WARNING] - Timeout '0' is invalid. Using default page load timeout: '30'

2018-07-12 04:18:51 - [MESSAGE][PASSED] - Scroll to object 'Object Repository/BEP/Generic/FINISH_ASSIGNMENT' successfully

2018-07-12 04:19:02 - [MESSAGE][PASSED] - Delayed 5 second(s)

2018-07-12 04:19:05 - [MESSAGE][PASSED] - Wait for page load successfully

2018-07-12 04:19:05 - [MESSAGE][PASSED] - com.helper.commonfunct.BEP_CommonMethod.RLapprove is PASSED

2018-07-12 04:19:05 - [TEST_STEP][PASSED] - com.helper.commonfunct.commonutilities.searchStatus: com.helper.commonfunct.commonutilities.searchStatus is PASSED

2018-07-12 04:19:08 - [MESSAGE][PASSED] - Wait for page load successfully

2018-07-12 04:19:28 - [MESSAGE][PASSED] - Delayed 2 second(s)

2018-07-12 04:19:36 - [MESSAGE][PASSED] - Delayed 2 second(s)

2018-07-12 04:19:45 - [MESSAGE][PASSED] - com.helper.commonfunct.commonutilities.searchStatus is PASSED

2018-07-12 04:19:45 - [TEST_STEP][PASSED] - Statement - Status = text: null

2018-07-12 04:19:48 - [TEST_STEP][PASSED] - Statement - println(Status): null

2018-07-12 04:19:48 - [TEST_STEP][PASSED] - Statement - If (Status == "Pending-RDApproval"): null

2018-07-12 04:19:48 - [TEST_STEP][PASSED] - Statement - Else If (Status == "Pending-RLApproval"): null

2018-07-12 04:19:48 - [TEST_STEP][PASSED] - Statement - Else If (Status == "Pending-Update"): null

2018-07-12 04:19:48 - [TEST_STEP][PASSED] - Statement - Else If (Status == "Completed"): null

2018-07-12 04:19:48 - [TEST_STEP][PASSED] - Statement - Else If (Status == "Pending-Meeting"): null

2018-07-12 04:19:48 - [TEST_STEP][PASSED] - Statement - Else If (Status == "Pending-EmailCustomer"): com.helper.commonfunct.BEP_CommonMethod.SkipEmail is PASSED

2018-07-12 04:19:48 - [TEST_STEP][PASSED] - Statement - If (SendEmail == true): null

2018-07-12 04:19:48 - [TEST_STEP][PASSED] - Statement - Else: com.helper.commonfunct.BEP_CommonMethod.SkipEmail is PASSED

2018-07-12 04:19:48 - [TEST_STEP][PASSED] - com.helper.commonfunct.commonutilities.login: com.helper.commonfunct.commonutilities.login is PASSED

2018-07-12 04:19:48 - [MESSAGE][WARNING] - A browser is already opened. Closing browser and opening a new one

2018-07-12 04:20:01 - [MESSAGE][PASSED] - Browser is opened with url: ''

2018-07-12 04:20:04 - [MESSAGE][PASSED] - Navigate to 'https://vdaqa.rpega.com:9030/daqa/PRServlet' successfully

2018-07-12 04:20:17 - [MESSAGE][PASSED] - Text 'hendj@pegasystems.com' is set on object 'Object Repository/Generic/input_UserIdentifier'

2018-07-12 04:20:29 - [MESSAGE][PASSED] - Text 'install' is set on object 'Object Repository/Generic/input_Password'

2018-07-12 04:20:37 - [MESSAGE][PASSED] - Keys 'ENTER + ' sent to object: 'Object Repository/Generic/input_Password'

2018-07-12 04:20:37 - [MESSAGE][PASSED] - com.helper.commonfunct.commonutilities.login is PASSED

2018-07-12 04:20:37 - [TEST_STEP][PASSED] - com.helper.commonfunct.commonutilities.search: com.helper.commonfunct.commonutilities.search is PASSED

2018-07-12 04:20:41 - [MESSAGE][PASSED] - Current window maximized

2018-07-12 04:20:46 - [MESSAGE][PASSED] - Delayed 5 second(s)

2018-07-12 04:20:58 - [MESSAGE][PASSED] - Text 'BEP-12Jul2018-10' is set on object 'Object Repository/EngInfo/search'

2018-07-12 04:21:01 - [MESSAGE][PASSED] - Delayed 3 second(s)

2018-07-12 04:21:07 - [MESSAGE][PASSED] - Keys 'ENTER + ' sent to object: 'Object Repository/EngInfo/search'

2018-07-12 04:21:14 - [MESSAGE][WARNING] - No alert found after 3 second(s).
[[ATTACHMENT|C:\\DAUIAutomation\\Reports\\Estimate\\20180712_020650\\1531383671467.png]]

2018-07-12 04:21:17 - [MESSAGE][PASSED] - Wait for page load successfully

2018-07-12 04:21:17 - [MESSAGE][PASSED] - com.helper.commonfunct.commonutilities.search is PASSED

2018-07-12 04:21:17 - [TEST_STEP][PASSED] - com.helper.commonfunct.BEP_CommonMethod.SkipEmail: com.helper.commonfunct.BEP_CommonMethod.SkipEmail is PASSED

2018-07-12 04:21:22 - [MESSAGE][PASSED] - Delayed 5 second(s)

2018-07-12 04:21:38 - [MESSAGE][PASSED] - Delayed 7 second(s)

2018-07-12 04:21:46 - [MESSAGE][PASSED] - Delayed 5 second(s)

2018-07-12 04:21:53 - [MESSAGE][PASSED] - Wait for page load successfully

2018-07-12 04:21:56 - [MESSAGE][PASSED] - Wait for page load successfully

2018-07-12 04:21:59 - [MESSAGE][PASSED] - Wait for page load successfully

2018-07-12 04:22:11 - [MESSAGE][PASSED] - Object: 'Object Repository/BEP/Generic/ECR_CHECKBOX' is clicked on

2018-07-12 04:22:13 - [MESSAGE][PASSED] - Delayed 2 second(s)

2018-07-12 04:22:19 - [MESSAGE][PASSED] - Object: 'Object Repository/BEP/Generic/SKIP_EMAIL_XPATH' is clicked on

2018-07-12 04:22:21 - [MESSAGE][PASSED] - Delayed 2 second(s)

2018-07-12 04:22:27 - [MESSAGE][PASSED] - Keys 'Software Testing' sent to object: 'Object Repository/BEP/Generic/DispositionReason'

2018-07-12 04:22:29 - [MESSAGE][PASSED] - Delayed 2 second(s)

2018-07-12 04:22:53 - [MESSAGE][PASSED] - All options with value 'RFP in process' are selected in object 'Object Repository/BEP/Generic/ReasonCode' 

2018-07-12 04:22:55 - [MESSAGE][PASSED] - Delayed 2 second(s)

2018-07-12 04:23:02 - [MESSAGE][PASSED] - Object: 'Object Repository/BEP/Generic/test' is clicked on

2018-07-12 04:23:04 - [MESSAGE][PASSED] - Delayed 2 second(s)

2018-07-12 04:23:10 - [MESSAGE][PASSED] - Object: 'Object Repository/BEP/Generic/Modal_OK' is clicked on

2018-07-12 04:23:15 - [MESSAGE][PASSED] - Delayed 5 second(s)

2018-07-12 04:23:15 - [MESSAGE][PASSED] - com.helper.commonfunct.BEP_CommonMethod.SkipEmail is PASSED

2018-07-12 04:23:15 - [TEST_STEP][PASSED] - com.helper.commonfunct.commonutilities.searchStatus: com.helper.commonfunct.commonutilities.searchStatus is PASSED

2018-07-12 04:23:18 - [MESSAGE][PASSED] - Wait for page load successfully

2018-07-12 04:23:33 - [MESSAGE][PASSED] - com.helper.commonfunct.commonutilities.searchStatus is PASSED

2018-07-12 04:23:33 - [MESSAGE][PASSED] - Call Test Case 'Test Cases/BEP/Create_Approve_Reject/All_Approval_Reject' successfully]]></system-out>
         <system-err><![CDATA[]]></system-err>
      </testcase>
      <testcase name="Test Cases/BEP/Create_Approve_Reject/CreateBEP_Approve_DataDriven" classname="Test Cases/BEP/Create_Approve_Reject/CreateBEP_Approve_DataDriven" status="PASSED">
         <system-out><![CDATA[2018-07-12 04:23:33 - [TEST_CASE][PASSED] - Test Cases/BEP/Create_Approve_Reject/CreateBEP_Approve_DataDriven: Test Cases/BEP/Create_Approve_Reject/CreateBEP_Approve_DataDriven

2018-07-12 04:23:34 - [TEST_STEP][PASSED] - com.helper.commonfunct.commonutilities.login: com.helper.commonfunct.commonutilities.login is PASSED

2018-07-12 04:23:34 - [MESSAGE][WARNING] - A browser is already opened. Closing browser and opening a new one

2018-07-12 04:23:47 - [MESSAGE][PASSED] - Browser is opened with url: ''

2018-07-12 04:23:50 - [MESSAGE][PASSED] - Navigate to 'https://vdaqa.rpega.com:9030/daqa/PRServlet' successfully

2018-07-12 04:24:02 - [MESSAGE][PASSED] - Text 'shard@pegasystems.com' is set on object 'Object Repository/Generic/input_UserIdentifier'

2018-07-12 04:24:14 - [MESSAGE][PASSED] - Text 'install' is set on object 'Object Repository/Generic/input_Password'

2018-07-12 04:24:22 - [MESSAGE][PASSED] - Keys 'ENTER + ' sent to object: 'Object Repository/Generic/input_Password'

2018-07-12 04:24:22 - [MESSAGE][PASSED] - com.helper.commonfunct.commonutilities.login is PASSED

2018-07-12 04:24:22 - [TEST_STEP][PASSED] - com.helper.commonfunct.BEP_CommonMethod.Estimate: com.helper.commonfunct.BEP_CommonMethod.Estimate is PASSED

2018-07-12 04:24:27 - [MESSAGE][PASSED] - Current window maximized

2018-07-12 04:24:29 - [MESSAGE][PASSED] - Delayed 2 second(s)

2018-07-12 04:24:35 - [MESSAGE][PASSED] - Object: 'Object Repository/Generic/New' is clicked on

2018-07-12 04:24:39 - [MESSAGE][PASSED] - Delayed 4 second(s)

2018-07-12 04:24:45 - [MESSAGE][PASSED] - Object: 'Object Repository/BEP/Generic/EstimateLink' is clicked on

2018-07-12 04:24:49 - [MESSAGE][PASSED] - Delayed 4 second(s)

2018-07-12 04:24:55 - [MESSAGE][PASSED] - Object: 'Object Repository/ECR/Generic/WOTAB' is clicked on

2018-07-12 04:24:58 - [MESSAGE][PASSED] - Wait for page load successfully

2018-07-12 04:25:09 - [MESSAGE][PASSED] - Delayed 5 second(s)

2018-07-12 04:25:43 - [MESSAGE][WARNING] - Object 'Object Repository/BEP/Generic/import' is not visible after 30 second(s)

2018-07-12 04:25:54 - [MESSAGE][PASSED] - Delayed 5 second(s)

2018-07-12 04:26:00 - [MESSAGE][PASSED] - File 'C:\DAUIAutomation\Data Files\BEP\EU-UKNORD.xlsm' sent to object: 'Object Repository/Generic/FilePath'

2018-07-12 04:26:05 - [MESSAGE][PASSED] - Delayed 5 second(s)

2018-07-12 04:26:12 - [MESSAGE][PASSED] - Object: 'Object Repository/Generic/button_Submit' is clicked on

2018-07-12 04:26:22 - [MESSAGE][PASSED] - Delayed 10 second(s)

2018-07-12 04:26:34 - [MESSAGE][PASSED] - Text 'Adqura' is set on object 'Object Repository/Generic/ORG'

2018-07-12 04:26:41 - [MESSAGE][PASSED] - Delayed 7 second(s)

2018-07-12 04:26:47 - [MESSAGE][PASSED] - Keys 'TAB + ' sent to object: 'Object Repository/Generic/ORG'

2018-07-12 04:26:54 - [MESSAGE][PASSED] - Delayed 7 second(s)

2018-07-12 04:27:06 - [MESSAGE][PASSED] - Text 'Adqura' is set on object 'Object Repository/Generic/ACC'

2018-07-12 04:27:13 - [MESSAGE][PASSED] - Delayed 7 second(s)

2018-07-12 04:27:19 - [MESSAGE][PASSED] - Keys 'TAB + ' sent to object: 'Object Repository/Generic/ACC'

2018-07-12 04:27:24 - [MESSAGE][PASSED] - Delayed 5 second(s)

2018-07-12 04:27:32 - [MESSAGE][PASSED] - Text 'The engagement you entered doesn't match' is present on page 

2018-07-12 04:27:44 - [MESSAGE][PASSED] - Text 'AUTOTEST1' is set on object 'Object Repository/Generic/ENG_DESC'

2018-07-12 04:27:49 - [MESSAGE][PASSED] - Delayed 5 second(s)

2018-07-12 04:28:00 - [MESSAGE][PASSED] - Delayed 5 second(s)

2018-07-12 04:28:24 - [MESSAGE][PASSED] - All options with value 'PRD-409' are selected in object 'Object Repository/Generic/PlatformID' 

2018-07-12 04:28:29 - [MESSAGE][PASSED] - Delayed 5 second(s)

2018-07-12 04:28:53 - [MESSAGE][PASSED] - All options with value 'RLS-3176' are selected in object 'Object Repository/Generic/PlatformVersion' 

2018-07-12 04:28:58 - [MESSAGE][PASSED] - Delayed 5 second(s)

2018-07-12 04:29:04 - [MESSAGE][PASSED] - Object: 'Object Repository/Generic/PlatformTrue' is clicked on

2018-07-12 04:29:09 - [MESSAGE][PASSED] - Delayed 5 second(s)

2018-07-12 04:29:30 - [MESSAGE][PASSED] - All options with value 'shard@pegasystems.com' are selected in object 'Object Repository/EngInfo/PL' 

2018-07-12 04:29:35 - [MESSAGE][PASSED] - Delayed 5 second(s)

2018-07-12 04:29:43 - [MESSAGE][WARNING] - Text 'PL Team Leader' is not present on page 

2018-07-12 04:29:48 - [MESSAGE][PASSED] - Delayed 5 second(s)

2018-07-12 04:30:12 - [MESSAGE][PASSED] - All options with value 'korna1@pegasystems.com' are selected in object 'Object Repository/EngInfo/RD' 

2018-07-12 04:30:17 - [MESSAGE][PASSED] - Delayed 5 second(s)

2018-07-12 04:30:41 - [MESSAGE][PASSED] - All options with value 'stafc@pegasystems.com' are selected in object 'Object Repository/EngInfo/RL' 

2018-07-12 04:30:46 - [MESSAGE][PASSED] - Delayed 5 second(s)

2018-07-12 04:30:52 - [MESSAGE][PASSED] - Scroll to object 'Object Repository/Generic/NEXT_BUTTON' successfully

2018-07-12 04:30:58 - [MESSAGE][PASSED] - Object: 'Object Repository/Generic/NEXT_BUTTON' is clicked on

2018-07-12 04:31:03 - [MESSAGE][PASSED] - Delayed 5 second(s)

2018-07-12 04:31:06 - [MESSAGE][PASSED] - Wait for page load successfully

2018-07-12 04:31:08 - [MESSAGE][PASSED] - Delayed 2 second(s)

2018-07-12 04:31:14 - [MESSAGE][PASSED] - Text of object 'Object Repository/BEP/Generic/DurationLow' is cleared

2018-07-12 04:31:16 - [MESSAGE][PASSED] - Delayed 2 second(s)

2018-07-12 04:31:29 - [MESSAGE][PASSED] - Text '15' is set on object 'Object Repository/BEP/Generic/DurationLow'

2018-07-12 04:31:31 - [MESSAGE][PASSED] - Delayed 2 second(s)

2018-07-12 04:31:37 - [MESSAGE][PASSED] - Text of object 'Object Repository/BEP/Generic/DurationHigh' is cleared

2018-07-12 04:31:39 - [MESSAGE][PASSED] - Delayed 2 second(s)

2018-07-12 04:31:51 - [MESSAGE][PASSED] - Text '15' is set on object 'Object Repository/BEP/Generic/DurationHigh'

2018-07-12 04:31:53 - [MESSAGE][PASSED] - Delayed 2 second(s)

2018-07-12 04:31:59 - [MESSAGE][PASSED] - Text of object 'Object Repository/BEP/Generic/PartnerHoursLow' is cleared

2018-07-12 04:32:01 - [MESSAGE][PASSED] - Delayed 2 second(s)

2018-07-12 04:32:13 - [MESSAGE][PASSED] - Text '15' is set on object 'Object Repository/BEP/Generic/PartnerHoursLow'

2018-07-12 04:32:15 - [MESSAGE][PASSED] - Delayed 2 second(s)

2018-07-12 04:32:21 - [MESSAGE][PASSED] - Text of object 'Object Repository/BEP/Generic/PartnerHoursHigh' is cleared

2018-07-12 04:32:23 - [MESSAGE][PASSED] - Delayed 2 second(s)

2018-07-12 04:32:35 - [MESSAGE][PASSED] - Text '15' is set on object 'Object Repository/BEP/Generic/PartnerHoursHigh'

2018-07-12 04:32:37 - [MESSAGE][PASSED] - Delayed 2 second(s)

2018-07-12 04:32:43 - [MESSAGE][PASSED] - Text of object 'Object Repository/BEP/Generic/Phase1StartDate' is cleared

2018-07-12 04:32:45 - [MESSAGE][PASSED] - Delayed 2 second(s)

2018-07-12 04:32:58 - [MESSAGE][PASSED] - Text '07/14/2018' is set on object 'Object Repository/BEP/Generic/Phase1StartDate'

2018-07-12 04:33:00 - [MESSAGE][PASSED] - Delayed 2 second(s)

2018-07-12 04:33:06 - [MESSAGE][PASSED] - Object: 'Object Repository/BEP/Generic/EstimationMethod' is clicked on

2018-07-12 04:33:11 - [MESSAGE][PASSED] - Delayed 5 second(s)

2018-07-12 04:33:17 - [MESSAGE][PASSED] - Keys 'BSW' sent to object: 'Object Repository/BEP/Generic/EstimationMethod'

2018-07-12 04:33:22 - [MESSAGE][PASSED] - Delayed 5 second(s)

2018-07-12 04:33:28 - [MESSAGE][PASSED] - Scroll to object 'Object Repository/Generic/NEXT_BUTTON' successfully

2018-07-12 04:33:34 - [MESSAGE][PASSED] - Object: 'Object Repository/Generic/NEXT_BUTTON' is clicked on

2018-07-12 04:33:39 - [MESSAGE][PASSED] - Delayed 5 second(s)

2018-07-12 04:33:45 - [MESSAGE][PASSED] - Object: 'Object Repository/BEP/Generic/BEPoutput' is clicked on

2018-07-12 04:33:50 - [MESSAGE][PASSED] - Delayed 5 second(s)

2018-07-12 04:34:14 - [MESSAGE][PASSED] - All options with value 'RFP in process' are selected in object 'Object Repository/BEP/Generic/ReasonCode' 

2018-07-12 04:34:20 - [MESSAGE][PASSED] - Scroll to object 'Object Repository/Generic/NEXT_BUTTON' successfully

2018-07-12 04:34:27 - [MESSAGE][PASSED] - Object: 'Object Repository/Generic/NEXT_BUTTON' is clicked on

2018-07-12 04:34:33 - [MESSAGE][PASSED] - Scroll to object 'Object Repository/Generic/FINISH_BUTTON' successfully

2018-07-12 04:34:39 - [MESSAGE][PASSED] - Object: 'Object Repository/Generic/FINISH_BUTTON' is clicked on

2018-07-12 04:34:46 - [MESSAGE][PASSED] - Wait for page load successfully

2018-07-12 04:34:51 - [MESSAGE][PASSED] - Delayed 5 second(s)

2018-07-12 04:34:57 - [MESSAGE][PASSED] - Text of object 'Object Repository/Generic/WOID' is: 'BEP-12Jul2018-11'

2018-07-12 04:35:00 - [MESSAGE][PASSED] - com.helper.commonfunct.BEP_CommonMethod.Estimate is PASSED

2018-07-12 04:35:00 - [TEST_STEP][PASSED] - Statement - While (WOSTATUS.contains("PENDING") && AssignmentList.size() > 0): null]]></system-out>
         <system-err><![CDATA[]]></system-err>
      </testcase>
      <testcase name="Test Cases/BEP/Create_Approve_Reject/CreateBEP_Approve_DataDriven" classname="Test Cases/BEP/Create_Approve_Reject/CreateBEP_Approve_DataDriven" status="PASSED">
         <system-out><![CDATA[2018-07-12 04:35:00 - [TEST_CASE][PASSED] - Test Cases/BEP/Create_Approve_Reject/CreateBEP_Approve_DataDriven: Test Cases/BEP/Create_Approve_Reject/CreateBEP_Approve_DataDriven

2018-07-12 04:35:00 - [TEST_STEP][PASSED] - com.helper.commonfunct.commonutilities.login: com.helper.commonfunct.commonutilities.login is PASSED

2018-07-12 04:35:00 - [MESSAGE][WARNING] - A browser is already opened. Closing browser and opening a new one

2018-07-12 04:35:13 - [MESSAGE][PASSED] - Browser is opened with url: ''

2018-07-12 04:35:16 - [MESSAGE][PASSED] - Navigate to 'https://vdaqa.rpega.com:9030/daqa/PRServlet' successfully

2018-07-12 04:35:29 - [MESSAGE][PASSED] - Text 'guthm@pegasystems.com' is set on object 'Object Repository/Generic/input_UserIdentifier'

2018-07-12 04:35:41 - [MESSAGE][PASSED] - Text 'install' is set on object 'Object Repository/Generic/input_Password'

2018-07-12 04:35:49 - [MESSAGE][PASSED] - Keys 'ENTER + ' sent to object: 'Object Repository/Generic/input_Password'

2018-07-12 04:35:49 - [MESSAGE][PASSED] - com.helper.commonfunct.commonutilities.login is PASSED

2018-07-12 04:35:49 - [TEST_STEP][PASSED] - com.helper.commonfunct.BEP_CommonMethod.Estimate: com.helper.commonfunct.BEP_CommonMethod.Estimate is PASSED

2018-07-12 04:35:53 - [MESSAGE][PASSED] - Current window maximized

2018-07-12 04:35:55 - [MESSAGE][PASSED] - Delayed 2 second(s)

2018-07-12 04:36:01 - [MESSAGE][PASSED] - Object: 'Object Repository/Generic/New' is clicked on

2018-07-12 04:36:05 - [MESSAGE][PASSED] - Delayed 4 second(s)

2018-07-12 04:36:11 - [MESSAGE][PASSED] - Object: 'Object Repository/BEP/Generic/EstimateLink' is clicked on

2018-07-12 04:36:15 - [MESSAGE][PASSED] - Delayed 4 second(s)

2018-07-12 04:36:22 - [MESSAGE][PASSED] - Object: 'Object Repository/ECR/Generic/WOTAB' is clicked on

2018-07-12 04:36:25 - [MESSAGE][PASSED] - Wait for page load successfully

2018-07-12 04:36:36 - [MESSAGE][PASSED] - Delayed 5 second(s)

2018-07-12 04:37:10 - [MESSAGE][WARNING] - Object 'Object Repository/BEP/Generic/import' is not visible after 30 second(s)

2018-07-12 04:37:21 - [MESSAGE][PASSED] - Delayed 5 second(s)

2018-07-12 04:37:27 - [MESSAGE][PASSED] - File 'C:\DAUIAutomation\Data Files\BEP\EU-UKNORD.xlsm' sent to object: 'Object Repository/Generic/FilePath'

2018-07-12 04:37:32 - [MESSAGE][PASSED] - Delayed 5 second(s)

2018-07-12 04:37:38 - [MESSAGE][PASSED] - Object: 'Object Repository/Generic/button_Submit' is clicked on

2018-07-12 04:37:48 - [MESSAGE][PASSED] - Delayed 10 second(s)

2018-07-12 04:38:00 - [MESSAGE][PASSED] - Text 'AACORP' is set on object 'Object Repository/Generic/ORG'

2018-07-12 04:38:07 - [MESSAGE][PASSED] - Delayed 7 second(s)

2018-07-12 04:38:14 - [MESSAGE][PASSED] - Keys 'TAB + ' sent to object: 'Object Repository/Generic/ORG'

2018-07-12 04:38:21 - [MESSAGE][PASSED] - Delayed 7 second(s)

2018-07-12 04:38:33 - [MESSAGE][PASSED] - Text 'AACORP' is set on object 'Object Repository/Generic/ACC'

2018-07-12 04:38:40 - [MESSAGE][PASSED] - Delayed 7 second(s)

2018-07-12 04:38:46 - [MESSAGE][PASSED] - Keys 'TAB + ' sent to object: 'Object Repository/Generic/ACC'

2018-07-12 04:38:51 - [MESSAGE][PASSED] - Delayed 5 second(s)

2018-07-12 04:38:58 - [MESSAGE][PASSED] - Text 'The engagement you entered doesn't match' is present on page 

2018-07-12 04:39:11 - [MESSAGE][PASSED] - Text 'AUTOTEST1' is set on object 'Object Repository/Generic/ENG_DESC'

2018-07-12 04:39:16 - [MESSAGE][PASSED] - Delayed 5 second(s)

2018-07-12 04:39:27 - [MESSAGE][PASSED] - Delayed 5 second(s)

2018-07-12 04:39:51 - [MESSAGE][PASSED] - All options with value 'PRD-409' are selected in object 'Object Repository/Generic/PlatformID' 

2018-07-12 04:39:56 - [MESSAGE][PASSED] - Delayed 5 second(s)

2018-07-12 04:40:20 - [MESSAGE][PASSED] - All options with value 'RLS-3176' are selected in object 'Object Repository/Generic/PlatformVersion' 

2018-07-12 04:40:25 - [MESSAGE][PASSED] - Delayed 5 second(s)

2018-07-12 04:40:31 - [MESSAGE][PASSED] - Object: 'Object Repository/Generic/PlatformTrue' is clicked on

2018-07-12 04:40:36 - [MESSAGE][PASSED] - Delayed 5 second(s)

2018-07-12 04:40:57 - [MESSAGE][PASSED] - All options with value 'guthm@pegasystems.com' are selected in object 'Object Repository/EngInfo/PL' 

2018-07-12 04:41:02 - [MESSAGE][PASSED] - Delayed 5 second(s)

2018-07-12 04:41:10 - [MESSAGE][WARNING] - Text 'PL Team Leader' is not present on page 

2018-07-12 04:41:15 - [MESSAGE][PASSED] - Delayed 5 second(s)

2018-07-12 04:41:39 - [MESSAGE][PASSED] - All options with value 'korna1@pegasystems.com' are selected in object 'Object Repository/EngInfo/RD' 

2018-07-12 04:41:44 - [MESSAGE][PASSED] - Delayed 5 second(s)

2018-07-12 04:42:08 - [MESSAGE][PASSED] - All options with value 'stafc@pegasystems.com' are selected in object 'Object Repository/EngInfo/RL' 

2018-07-12 04:42:13 - [MESSAGE][PASSED] - Delayed 5 second(s)

2018-07-12 04:42:19 - [MESSAGE][PASSED] - Scroll to object 'Object Repository/Generic/NEXT_BUTTON' successfully

2018-07-12 04:42:25 - [MESSAGE][PASSED] - Object: 'Object Repository/Generic/NEXT_BUTTON' is clicked on

2018-07-12 04:42:30 - [MESSAGE][PASSED] - Delayed 5 second(s)

2018-07-12 04:42:33 - [MESSAGE][PASSED] - Wait for page load successfully

2018-07-12 04:42:35 - [MESSAGE][PASSED] - Delayed 2 second(s)

2018-07-12 04:42:42 - [MESSAGE][PASSED] - Text of object 'Object Repository/BEP/Generic/DurationLow' is cleared

2018-07-12 04:42:44 - [MESSAGE][PASSED] - Delayed 2 second(s)

2018-07-12 04:42:56 - [MESSAGE][PASSED] - Text '15' is set on object 'Object Repository/BEP/Generic/DurationLow'

2018-07-12 04:42:58 - [MESSAGE][PASSED] - Delayed 2 second(s)

2018-07-12 04:43:04 - [MESSAGE][PASSED] - Text of object 'Object Repository/BEP/Generic/DurationHigh' is cleared

2018-07-12 04:43:06 - [MESSAGE][PASSED] - Delayed 2 second(s)

2018-07-12 04:43:18 - [MESSAGE][PASSED] - Text '15' is set on object 'Object Repository/BEP/Generic/DurationHigh'

2018-07-12 04:43:20 - [MESSAGE][PASSED] - Delayed 2 second(s)

2018-07-12 04:43:26 - [MESSAGE][PASSED] - Text of object 'Object Repository/BEP/Generic/PartnerHoursLow' is cleared

2018-07-12 04:43:28 - [MESSAGE][PASSED] - Delayed 2 second(s)

2018-07-12 04:43:40 - [MESSAGE][PASSED] - Text '15' is set on object 'Object Repository/BEP/Generic/PartnerHoursLow'

2018-07-12 04:43:42 - [MESSAGE][PASSED] - Delayed 2 second(s)

2018-07-12 04:43:48 - [MESSAGE][PASSED] - Text of object 'Object Repository/BEP/Generic/PartnerHoursHigh' is cleared

2018-07-12 04:43:50 - [MESSAGE][PASSED] - Delayed 2 second(s)

2018-07-12 04:44:03 - [MESSAGE][PASSED] - Text '15' is set on object 'Object Repository/BEP/Generic/PartnerHoursHigh'

2018-07-12 04:44:05 - [MESSAGE][PASSED] - Delayed 2 second(s)

2018-07-12 04:44:11 - [MESSAGE][PASSED] - Text of object 'Object Repository/BEP/Generic/Phase1StartDate' is cleared

2018-07-12 04:44:13 - [MESSAGE][PASSED] - Delayed 2 second(s)

2018-07-12 04:44:25 - [MESSAGE][PASSED] - Text '07/14/2018' is set on object 'Object Repository/BEP/Generic/Phase1StartDate'

2018-07-12 04:44:27 - [MESSAGE][PASSED] - Delayed 2 second(s)

2018-07-12 04:44:33 - [MESSAGE][PASSED] - Object: 'Object Repository/BEP/Generic/EstimationMethod' is clicked on

2018-07-12 04:44:38 - [MESSAGE][PASSED] - Delayed 5 second(s)

2018-07-12 04:44:44 - [MESSAGE][PASSED] - Keys 'BSW' sent to object: 'Object Repository/BEP/Generic/EstimationMethod'

2018-07-12 04:44:49 - [MESSAGE][PASSED] - Delayed 5 second(s)

2018-07-12 04:44:55 - [MESSAGE][PASSED] - Scroll to object 'Object Repository/Generic/NEXT_BUTTON' successfully

2018-07-12 04:45:01 - [MESSAGE][PASSED] - Object: 'Object Repository/Generic/NEXT_BUTTON' is clicked on

2018-07-12 04:45:06 - [MESSAGE][PASSED] - Delayed 5 second(s)

2018-07-12 04:45:13 - [MESSAGE][PASSED] - Object: 'Object Repository/BEP/Generic/BEPOutputEmail' is clicked on

2018-07-12 04:45:15 - [MESSAGE][PASSED] - Delayed 2 second(s)

2018-07-12 04:45:21 - [MESSAGE][PASSED] - Object: 'Object Repository/BEP/Generic/RECEIPIENT' is clicked on

2018-07-12 04:45:23 - [MESSAGE][PASSED] - Delayed 2 second(s)

2018-07-12 04:45:29 - [MESSAGE][PASSED] - Object: 'Object Repository/BEP/Generic/AddEmailID' is clicked on

2018-07-12 04:45:31 - [MESSAGE][PASSED] - Delayed 2 second(s)

2018-07-12 04:45:37 - [MESSAGE][PASSED] - Keys 'nagaveni.nipinale@in.pega.com' sent to object: 'Object Repository/BEP/Generic/MAILID_XPATH'

2018-07-12 04:45:39 - [MESSAGE][PASSED] - Delayed 2 second(s)

2018-07-12 04:45:46 - [MESSAGE][PASSED] - Object: 'Object Repository/BEP/Generic/modal_submit' is clicked on

2018-07-12 04:45:48 - [MESSAGE][PASSED] - Delayed 2 second(s)

2018-07-12 04:45:54 - [MESSAGE][PASSED] - Keys 'Test Automation' sent to object: 'Object Repository/BEP/Generic/Email_Subject'

2018-07-12 04:46:00 - [MESSAGE][PASSED] - Scroll to object 'Object Repository/Generic/NEXT_BUTTON' successfully

2018-07-12 04:46:06 - [MESSAGE][PASSED] - Object: 'Object Repository/Generic/NEXT_BUTTON' is clicked on

2018-07-12 04:46:12 - [MESSAGE][PASSED] - Scroll to object 'Object Repository/Generic/FINISH_BUTTON' successfully

2018-07-12 04:46:18 - [MESSAGE][PASSED] - Object: 'Object Repository/Generic/FINISH_BUTTON' is clicked on

2018-07-12 04:46:25 - [MESSAGE][PASSED] - Wait for page load successfully

2018-07-12 04:46:30 - [MESSAGE][PASSED] - Delayed 5 second(s)

2018-07-12 04:46:36 - [MESSAGE][PASSED] - Text of object 'Object Repository/Generic/WOID' is: 'BEP-12Jul2018-12'

2018-07-12 04:46:36 - [MESSAGE][PASSED] - com.helper.commonfunct.BEP_CommonMethod.Estimate is PASSED

2018-07-12 04:46:36 - [TEST_STEP][PASSED] - Statement - While (WOSTATUS.contains("PENDING") && AssignmentList.size() > 0): null]]></system-out>
         <system-err><![CDATA[]]></system-err>
      </testcase>
      <testcase name="Test Cases/BEP/Create_Approve_Reject/CreateBEP_Approve_DataDriven" classname="Test Cases/BEP/Create_Approve_Reject/CreateBEP_Approve_DataDriven" status="PASSED">
         <system-out><![CDATA[2018-07-12 04:46:36 - [TEST_CASE][PASSED] - Test Cases/BEP/Create_Approve_Reject/CreateBEP_Approve_DataDriven: Test Cases/BEP/Create_Approve_Reject/CreateBEP_Approve_DataDriven

2018-07-12 04:46:36 - [TEST_STEP][PASSED] - com.helper.commonfunct.commonutilities.login: com.helper.commonfunct.commonutilities.login is PASSED

2018-07-12 04:46:36 - [MESSAGE][WARNING] - A browser is already opened. Closing browser and opening a new one

2018-07-12 04:46:49 - [MESSAGE][PASSED] - Browser is opened with url: ''

2018-07-12 04:46:53 - [MESSAGE][PASSED] - Navigate to 'https://vdaqa.rpega.com:9030/daqa/PRServlet' successfully

2018-07-12 04:47:05 - [MESSAGE][PASSED] - Text 'brads@pegasystems.com' is set on object 'Object Repository/Generic/input_UserIdentifier'

2018-07-12 04:47:17 - [MESSAGE][PASSED] - Text 'install' is set on object 'Object Repository/Generic/input_Password'

2018-07-12 04:47:25 - [MESSAGE][PASSED] - Keys 'ENTER + ' sent to object: 'Object Repository/Generic/input_Password'

2018-07-12 04:47:25 - [MESSAGE][PASSED] - com.helper.commonfunct.commonutilities.login is PASSED

2018-07-12 04:47:25 - [TEST_STEP][PASSED] - com.helper.commonfunct.BEP_CommonMethod.Estimate: com.helper.commonfunct.BEP_CommonMethod.Estimate is PASSED

2018-07-12 04:47:29 - [MESSAGE][PASSED] - Current window maximized

2018-07-12 04:47:31 - [MESSAGE][PASSED] - Delayed 2 second(s)

2018-07-12 04:47:37 - [MESSAGE][PASSED] - Object: 'Object Repository/Generic/New' is clicked on

2018-07-12 04:47:41 - [MESSAGE][PASSED] - Delayed 4 second(s)

2018-07-12 04:47:48 - [MESSAGE][PASSED] - Object: 'Object Repository/BEP/Generic/EstimateLink' is clicked on

2018-07-12 04:47:52 - [MESSAGE][PASSED] - Delayed 4 second(s)

2018-07-12 04:47:58 - [MESSAGE][PASSED] - Object: 'Object Repository/ECR/Generic/WOTAB' is clicked on

2018-07-12 04:48:01 - [MESSAGE][PASSED] - Wait for page load successfully

2018-07-12 04:48:12 - [MESSAGE][PASSED] - Delayed 5 second(s)

2018-07-12 04:48:46 - [MESSAGE][WARNING] - Object 'Object Repository/BEP/Generic/import' is not visible after 30 second(s)

2018-07-12 04:48:57 - [MESSAGE][PASSED] - Delayed 5 second(s)

2018-07-12 04:49:03 - [MESSAGE][PASSED] - File 'C:\DAUIAutomation\Data Files\BEP\APAC_ANZ.xlsm' sent to object: 'Object Repository/Generic/FilePath'

2018-07-12 04:49:08 - [MESSAGE][PASSED] - Delayed 5 second(s)

2018-07-12 04:49:14 - [MESSAGE][PASSED] - Object: 'Object Repository/Generic/button_Submit' is clicked on

2018-07-12 04:49:24 - [MESSAGE][PASSED] - Delayed 10 second(s)

2018-07-12 04:49:37 - [MESSAGE][PASSED] - Text 'MGSVC' is set on object 'Object Repository/Generic/ORG'

2018-07-12 04:49:44 - [MESSAGE][PASSED] - Delayed 7 second(s)

2018-07-12 04:49:50 - [MESSAGE][PASSED] - Keys 'TAB + ' sent to object: 'Object Repository/Generic/ORG'

2018-07-12 04:49:57 - [MESSAGE][PASSED] - Delayed 7 second(s)

2018-07-12 04:50:09 - [MESSAGE][PASSED] - Text 'MGSAUS' is set on object 'Object Repository/Generic/ACC'

2018-07-12 04:50:16 - [MESSAGE][PASSED] - Delayed 7 second(s)

2018-07-12 04:50:22 - [MESSAGE][PASSED] - Keys 'TAB + ' sent to object: 'Object Repository/Generic/ACC'

2018-07-12 04:50:27 - [MESSAGE][PASSED] - Delayed 5 second(s)

2018-07-12 04:50:35 - [MESSAGE][PASSED] - Text 'The engagement you entered doesn't match' is present on page 

2018-07-12 04:50:47 - [MESSAGE][PASSED] - Text 'AUTOTEST1' is set on object 'Object Repository/Generic/ENG_DESC'

2018-07-12 04:50:52 - [MESSAGE][PASSED] - Delayed 5 second(s)

2018-07-12 04:51:03 - [MESSAGE][PASSED] - Delayed 5 second(s)

2018-07-12 04:51:24 - [MESSAGE][PASSED] - All options with value 'PRD-409' are selected in object 'Object Repository/Generic/PlatformID' 

2018-07-12 04:51:29 - [MESSAGE][PASSED] - Delayed 5 second(s)

2018-07-12 04:51:50 - [MESSAGE][PASSED] - All options with value 'RLS-3176' are selected in object 'Object Repository/Generic/PlatformVersion' 

2018-07-12 04:51:55 - [MESSAGE][PASSED] - Delayed 5 second(s)

2018-07-12 04:52:01 - [MESSAGE][PASSED] - Object: 'Object Repository/Generic/PlatformTrue' is clicked on

2018-07-12 04:52:06 - [MESSAGE][PASSED] - Delayed 5 second(s)

2018-07-12 04:52:27 - [MESSAGE][PASSED] - All options with value 'brads@pegasystems.com' are selected in object 'Object Repository/EngInfo/PL' 

2018-07-12 04:52:32 - [MESSAGE][PASSED] - Delayed 5 second(s)

2018-07-12 04:52:40 - [MESSAGE][WARNING] - Text 'PL Team Leader' is not present on page 

2018-07-12 04:52:45 - [MESSAGE][PASSED] - Delayed 5 second(s)

2018-07-12 04:53:06 - [MESSAGE][PASSED] - All options with value 'brads@pegasystems.com' are selected in object 'Object Repository/EngInfo/RD' 

2018-07-12 04:53:11 - [MESSAGE][PASSED] - Delayed 5 second(s)

2018-07-12 04:53:32 - [MESSAGE][PASSED] - All options with value 'kersa@pegasystems.com' are selected in object 'Object Repository/EngInfo/RL' 

2018-07-12 04:53:37 - [MESSAGE][PASSED] - Delayed 5 second(s)

2018-07-12 04:53:43 - [MESSAGE][PASSED] - Scroll to object 'Object Repository/Generic/NEXT_BUTTON' successfully

2018-07-12 04:53:49 - [MESSAGE][PASSED] - Object: 'Object Repository/Generic/NEXT_BUTTON' is clicked on

2018-07-12 04:53:54 - [MESSAGE][PASSED] - Delayed 5 second(s)

2018-07-12 04:53:57 - [MESSAGE][PASSED] - Wait for page load successfully

2018-07-12 04:53:59 - [MESSAGE][PASSED] - Delayed 2 second(s)

2018-07-12 04:54:05 - [MESSAGE][PASSED] - Text of object 'Object Repository/BEP/Generic/DurationLow' is cleared

2018-07-12 04:54:07 - [MESSAGE][PASSED] - Delayed 2 second(s)

2018-07-12 04:54:19 - [MESSAGE][PASSED] - Text '15' is set on object 'Object Repository/BEP/Generic/DurationLow'

2018-07-12 04:54:21 - [MESSAGE][PASSED] - Delayed 2 second(s)

2018-07-12 04:54:27 - [MESSAGE][PASSED] - Text of object 'Object Repository/BEP/Generic/DurationHigh' is cleared

2018-07-12 04:54:29 - [MESSAGE][PASSED] - Delayed 2 second(s)

2018-07-12 04:54:42 - [MESSAGE][PASSED] - Text '15' is set on object 'Object Repository/BEP/Generic/DurationHigh'

2018-07-12 04:54:44 - [MESSAGE][PASSED] - Delayed 2 second(s)

2018-07-12 04:54:50 - [MESSAGE][PASSED] - Text of object 'Object Repository/BEP/Generic/PartnerHoursLow' is cleared

2018-07-12 04:54:52 - [MESSAGE][PASSED] - Delayed 2 second(s)

2018-07-12 04:55:04 - [MESSAGE][PASSED] - Text '15' is set on object 'Object Repository/BEP/Generic/PartnerHoursLow'

2018-07-12 04:55:06 - [MESSAGE][PASSED] - Delayed 2 second(s)

2018-07-12 04:55:12 - [MESSAGE][PASSED] - Text of object 'Object Repository/BEP/Generic/PartnerHoursHigh' is cleared

2018-07-12 04:55:14 - [MESSAGE][PASSED] - Delayed 2 second(s)

2018-07-12 04:55:26 - [MESSAGE][PASSED] - Text '15' is set on object 'Object Repository/BEP/Generic/PartnerHoursHigh'

2018-07-12 04:55:28 - [MESSAGE][PASSED] - Delayed 2 second(s)

2018-07-12 04:55:34 - [MESSAGE][PASSED] - Text of object 'Object Repository/BEP/Generic/Phase1StartDate' is cleared

2018-07-12 04:55:36 - [MESSAGE][PASSED] - Delayed 2 second(s)

2018-07-12 04:55:48 - [MESSAGE][PASSED] - Text '07/14/2018' is set on object 'Object Repository/BEP/Generic/Phase1StartDate'

2018-07-12 04:55:50 - [MESSAGE][PASSED] - Delayed 2 second(s)

2018-07-12 04:55:57 - [MESSAGE][PASSED] - Object: 'Object Repository/BEP/Generic/EstimationMethod' is clicked on

2018-07-12 04:56:02 - [MESSAGE][PASSED] - Delayed 5 second(s)

2018-07-12 04:56:08 - [MESSAGE][PASSED] - Keys 'BSW' sent to object: 'Object Repository/BEP/Generic/EstimationMethod'

2018-07-12 04:56:13 - [MESSAGE][PASSED] - Delayed 5 second(s)

2018-07-12 04:56:19 - [MESSAGE][PASSED] - Scroll to object 'Object Repository/Generic/NEXT_BUTTON' successfully

2018-07-12 04:56:25 - [MESSAGE][PASSED] - Object: 'Object Repository/Generic/NEXT_BUTTON' is clicked on

2018-07-12 04:56:30 - [MESSAGE][PASSED] - Delayed 5 second(s)

2018-07-12 04:56:36 - [MESSAGE][PASSED] - Object: 'Object Repository/BEP/Generic/BEPoutput' is clicked on

2018-07-12 04:56:41 - [MESSAGE][PASSED] - Delayed 5 second(s)

2018-07-12 04:57:05 - [MESSAGE][PASSED] - All options with value 'RFP in process' are selected in object 'Object Repository/BEP/Generic/ReasonCode' 

2018-07-12 04:57:11 - [MESSAGE][PASSED] - Scroll to object 'Object Repository/Generic/NEXT_BUTTON' successfully

2018-07-12 04:57:18 - [MESSAGE][PASSED] - Object: 'Object Repository/Generic/NEXT_BUTTON' is clicked on

2018-07-12 04:57:24 - [MESSAGE][PASSED] - Scroll to object 'Object Repository/Generic/FINISH_BUTTON' successfully

2018-07-12 04:57:30 - [MESSAGE][PASSED] - Object: 'Object Repository/Generic/FINISH_BUTTON' is clicked on

2018-07-12 04:57:33 - [MESSAGE][PASSED] - Wait for page load successfully

2018-07-12 04:57:38 - [MESSAGE][PASSED] - Delayed 5 second(s)

2018-07-12 04:57:44 - [MESSAGE][PASSED] - Text of object 'Object Repository/Generic/WOID' is: 'BEP-12Jul2018-13'

2018-07-12 04:57:44 - [MESSAGE][PASSED] - com.helper.commonfunct.BEP_CommonMethod.Estimate is PASSED

2018-07-12 04:57:44 - [TEST_STEP][PASSED] - Statement - While (WOSTATUS.contains("PENDING") && AssignmentList.size() > 0): null]]></system-out>
         <system-err><![CDATA[]]></system-err>
      </testcase>
      <testcase name="Test Cases/BEP/Create_Approve_Reject/CreateBEP_Approve_DataDriven" classname="Test Cases/BEP/Create_Approve_Reject/CreateBEP_Approve_DataDriven" status="FAILED">
         <failure type="FAILED" message="Unable to scroll to object 'Object Repository/Generic/NEXT_BUTTON' (Root cause: org.openqa.selenium.UnhandledAlertException: unexpected alert open: {Alert text : Please correct flagged fields before submitting the form!}
  (Session info: chrome=67.0.3396.87)
  (Driver info: chromedriver=2.35.528161 (5b82f2d2aae0ca24b877009200ced9065a772e73),platform=Windows NT 6.1.7601 SP1 x86_64) (WARNING: The server did not provide any stacktrace information)
Command duration or timeout: 0 milliseconds: null
Build info: version: '3.7.1', revision: '8a0099a', time: '2017-11-06T21:07:36.161Z'
System info: host: 'L22622WUS', ip: '10.2.202.226', os.name: 'Windows 7', os.arch: 'amd64', os.version: '6.1', java.version: '1.8.0_102'
Driver info: com.kms.katalon.selenium.driver.CChromeDriver
Capabilities {acceptInsecureCerts: false, acceptSslCerts: false, applicationCacheEnabled: false, browserConnectionEnabled: false, browserName: chrome, chrome: {chromedriverVersion: 2.35.528161 (5b82f2d2aae0ca..., userDataDir: C:\Users\nipin\AppData\Loca...}, cssSelectorsEnabled: true, databaseEnabled: false, handlesAlerts: true, hasTouchScreen: false, javascriptEnabled: true, locationContextEnabled: true, mobileEmulationEnabled: false, nativeEvents: true, networkConnectionEnabled: false, pageLoadStrategy: normal, platform: XP, platformName: XP, rotatable: false, setWindowRect: true, takesHeapSnapshot: true, takesScreenshot: true, unexpectedAlertBehaviour: , unhandledPromptBehavior: , version: 67.0.3396.87, webStorageEnabled: true}
Session ID: 93d43f5b9d4c91d5e2b8f72b2adcbaec
*** Element info: {Using=xpath, value=//button[@alt='Move to the next screen']})"/>
         <system-out><![CDATA[2018-07-12 04:57:44 - [TEST_CASE][FAILED] - Test Cases/BEP/Create_Approve_Reject/CreateBEP_Approve_DataDriven: Test Cases/BEP/Create_Approve_Reject/CreateBEP_Approve_DataDriven FAILED because (of) Unable to scroll to object 'Object Repository/Generic/NEXT_BUTTON' (Root cause: org.openqa.selenium.UnhandledAlertException: unexpected alert open: {Alert text : Please correct flagged fields before submitting the form!}
  (Session info: chrome=67.0.3396.87)
  (Driver info: chromedriver=2.35.528161 (5b82f2d2aae0ca24b877009200ced9065a772e73),platform=Windows NT 6.1.7601 SP1 x86_64) (WARNING: The server did not provide any stacktrace information)
Command duration or timeout: 0 milliseconds: null
Build info: version: '3.7.1', revision: '8a0099a', time: '2017-11-06T21:07:36.161Z'
System info: host: 'L22622WUS', ip: '10.2.202.226', os.name: 'Windows 7', os.arch: 'amd64', os.version: '6.1', java.version: '1.8.0_102'
Driver info: com.kms.katalon.selenium.driver.CChromeDriver
Capabilities {acceptInsecureCerts: false, acceptSslCerts: false, applicationCacheEnabled: false, browserConnectionEnabled: false, browserName: chrome, chrome: {chromedriverVersion: 2.35.528161 (5b82f2d2aae0ca..., userDataDir: C:\Users\nipin\AppData\Loca...}, cssSelectorsEnabled: true, databaseEnabled: false, handlesAlerts: true, hasTouchScreen: false, javascriptEnabled: true, locationContextEnabled: true, mobileEmulationEnabled: false, nativeEvents: true, networkConnectionEnabled: false, pageLoadStrategy: normal, platform: XP, platformName: XP, rotatable: false, setWindowRect: true, takesHeapSnapshot: true, takesScreenshot: true, unexpectedAlertBehaviour: , unhandledPromptBehavior: , version: 67.0.3396.87, webStorageEnabled: true}
Session ID: 93d43f5b9d4c91d5e2b8f72b2adcbaec
*** Element info: {Using=xpath, value=//button[@alt='Move to the next screen']})

2018-07-12 04:57:44 - [TEST_STEP][PASSED] - com.helper.commonfunct.commonutilities.login: com.helper.commonfunct.commonutilities.login is PASSED

2018-07-12 04:57:44 - [MESSAGE][WARNING] - A browser is already opened. Closing browser and opening a new one

2018-07-12 04:57:57 - [MESSAGE][PASSED] - Browser is opened with url: ''

2018-07-12 04:58:01 - [MESSAGE][PASSED] - Navigate to 'https://vdaqa.rpega.com:9030/daqa/PRServlet' successfully

2018-07-12 04:58:13 - [MESSAGE][PASSED] - Text 'giudl@pegasystems.com' is set on object 'Object Repository/Generic/input_UserIdentifier'

2018-07-12 04:58:25 - [MESSAGE][PASSED] - Text 'install' is set on object 'Object Repository/Generic/input_Password'

2018-07-12 04:58:33 - [MESSAGE][PASSED] - Keys 'ENTER + ' sent to object: 'Object Repository/Generic/input_Password'

2018-07-12 04:58:33 - [MESSAGE][PASSED] - com.helper.commonfunct.commonutilities.login is PASSED

2018-07-12 04:58:33 - [TEST_STEP][FAILED] - com.helper.commonfunct.BEP_CommonMethod.Estimate: Unable to scroll to object 'Object Repository/Generic/NEXT_BUTTON' (Root cause: org.openqa.selenium.UnhandledAlertException: unexpected alert open: {Alert text : Please correct flagged fields before submitting the form!}
  (Session info: chrome=67.0.3396.87)
  (Driver info: chromedriver=2.35.528161 (5b82f2d2aae0ca24b877009200ced9065a772e73),platform=Windows NT 6.1.7601 SP1 x86_64) (WARNING: The server did not provide any stacktrace information)
Command duration or timeout: 0 milliseconds: null
Build info: version: '3.7.1', revision: '8a0099a', time: '2017-11-06T21:07:36.161Z'
System info: host: 'L22622WUS', ip: '10.2.202.226', os.name: 'Windows 7', os.arch: 'amd64', os.version: '6.1', java.version: '1.8.0_102'
Driver info: com.kms.katalon.selenium.driver.CChromeDriver
Capabilities {acceptInsecureCerts: false, acceptSslCerts: false, applicationCacheEnabled: false, browserConnectionEnabled: false, browserName: chrome, chrome: {chromedriverVersion: 2.35.528161 (5b82f2d2aae0ca..., userDataDir: C:\Users\nipin\AppData\Loca...}, cssSelectorsEnabled: true, databaseEnabled: false, handlesAlerts: true, hasTouchScreen: false, javascriptEnabled: true, locationContextEnabled: true, mobileEmulationEnabled: false, nativeEvents: true, networkConnectionEnabled: false, pageLoadStrategy: normal, platform: XP, platformName: XP, rotatable: false, setWindowRect: true, takesHeapSnapshot: true, takesScreenshot: true, unexpectedAlertBehaviour: , unhandledPromptBehavior: , version: 67.0.3396.87, webStorageEnabled: true}
Session ID: 93d43f5b9d4c91d5e2b8f72b2adcbaec
*** Element info: {Using=xpath, value=//button[@alt='Move to the next screen']})

2018-07-12 04:58:37 - [MESSAGE][PASSED] - Current window maximized

2018-07-12 04:58:39 - [MESSAGE][PASSED] - Delayed 2 second(s)

2018-07-12 04:58:46 - [MESSAGE][PASSED] - Object: 'Object Repository/Generic/New' is clicked on

2018-07-12 04:58:50 - [MESSAGE][PASSED] - Delayed 4 second(s)

2018-07-12 04:58:56 - [MESSAGE][PASSED] - Object: 'Object Repository/BEP/Generic/EstimateLink' is clicked on

2018-07-12 04:59:00 - [MESSAGE][PASSED] - Delayed 4 second(s)

2018-07-12 04:59:06 - [MESSAGE][PASSED] - Object: 'Object Repository/ECR/Generic/WOTAB' is clicked on

2018-07-12 04:59:09 - [MESSAGE][PASSED] - Wait for page load successfully

2018-07-12 04:59:20 - [MESSAGE][PASSED] - Delayed 5 second(s)

2018-07-12 04:59:54 - [MESSAGE][WARNING] - Object 'Object Repository/BEP/Generic/import' is not visible after 30 second(s)

2018-07-12 05:00:05 - [MESSAGE][PASSED] - Delayed 5 second(s)

2018-07-12 05:00:11 - [MESSAGE][PASSED] - File 'C:\DAUIAutomation\Data Files\BEP\EU_SEU.xlsm' sent to object: 'Object Repository/Generic/FilePath'

2018-07-12 05:00:16 - [MESSAGE][PASSED] - Delayed 5 second(s)

2018-07-12 05:00:23 - [MESSAGE][PASSED] - Object: 'Object Repository/Generic/button_Submit' is clicked on

2018-07-12 05:00:33 - [MESSAGE][PASSED] - Delayed 10 second(s)

2018-07-12 05:00:45 - [MESSAGE][PASSED] - Text 'SOPRA' is set on object 'Object Repository/Generic/ORG'

2018-07-12 05:00:52 - [MESSAGE][PASSED] - Delayed 7 second(s)

2018-07-12 05:00:58 - [MESSAGE][PASSED] - Keys 'TAB + ' sent to object: 'Object Repository/Generic/ORG'

2018-07-12 05:01:05 - [MESSAGE][PASSED] - Delayed 7 second(s)

2018-07-12 05:01:17 - [MESSAGE][PASSED] - Text 'SOPRA' is set on object 'Object Repository/Generic/ACC'

2018-07-12 05:01:24 - [MESSAGE][PASSED] - Delayed 7 second(s)

2018-07-12 05:01:30 - [MESSAGE][PASSED] - Keys 'TAB + ' sent to object: 'Object Repository/Generic/ACC'

2018-07-12 05:01:35 - [MESSAGE][PASSED] - Delayed 5 second(s)

2018-07-12 05:01:43 - [MESSAGE][WARNING] - Text 'The engagement you entered doesn't match' is not present on page 

2018-07-12 05:01:49 - [MESSAGE][PASSED] - Scroll to object 'Object Repository/Generic/NEXT_BUTTON' successfully

2018-07-12 05:01:55 - [MESSAGE][PASSED] - Object: 'Object Repository/Generic/NEXT_BUTTON' is clicked on

2018-07-12 05:02:00 - [MESSAGE][PASSED] - Delayed 5 second(s)

2018-07-12 05:02:06 - [MESSAGE][WARNING] - Cannot take screenshot

2018-07-12 05:02:06 - [MESSAGE][FAILED] - Unable to scroll to object 'Object Repository/Generic/NEXT_BUTTON' (Root cause: org.openqa.selenium.UnhandledAlertException: unexpected alert open: {Alert text : Please correct flagged fields before submitting the form!}
  (Session info: chrome=67.0.3396.87)
  (Driver info: chromedriver=2.35.528161 (5b82f2d2aae0ca24b877009200ced9065a772e73),platform=Windows NT 6.1.7601 SP1 x86_64) (WARNING: The server did not provide any stacktrace information)
Command duration or timeout: 0 milliseconds: null
Build info: version: '3.7.1', revision: '8a0099a', time: '2017-11-06T21:07:36.161Z'
System info: host: 'L22622WUS', ip: '10.2.202.226', os.name: 'Windows 7', os.arch: 'amd64', os.version: '6.1', java.version: '1.8.0_102'
Driver info: com.kms.katalon.selenium.driver.CChromeDriver
Capabilities {acceptInsecureCerts: false, acceptSslCerts: false, applicationCacheEnabled: false, browserConnectionEnabled: false, browserName: chrome, chrome: {chromedriverVersion: 2.35.528161 (5b82f2d2aae0ca..., userDataDir: C:\Users\nipin\AppData\Loca...}, cssSelectorsEnabled: true, databaseEnabled: false, handlesAlerts: true, hasTouchScreen: false, javascriptEnabled: true, locationContextEnabled: true, mobileEmulationEnabled: false, nativeEvents: true, networkConnectionEnabled: false, pageLoadStrategy: normal, platform: XP, platformName: XP, rotatable: false, setWindowRect: true, takesHeapSnapshot: true, takesScreenshot: true, unexpectedAlertBehaviour: , unhandledPromptBehavior: , version: 67.0.3396.87, webStorageEnabled: true}
Session ID: 93d43f5b9d4c91d5e2b8f72b2adcbaec
*** Element info: {Using=xpath, value=//button[@alt='Move to the next screen']})

2018-07-12 05:02:06 - [MESSAGE][FAILED] - Unable to scroll to object 'Object Repository/Generic/NEXT_BUTTON' (Root cause: org.openqa.selenium.UnhandledAlertException: unexpected alert open: {Alert text : Please correct flagged fields before submitting the form!}
  (Session info: chrome=67.0.3396.87)
  (Driver info: chromedriver=2.35.528161 (5b82f2d2aae0ca24b877009200ced9065a772e73),platform=Windows NT 6.1.7601 SP1 x86_64) (WARNING: The server did not provide any stacktrace information)
Command duration or timeout: 0 milliseconds: null
Build info: version: '3.7.1', revision: '8a0099a', time: '2017-11-06T21:07:36.161Z'
System info: host: 'L22622WUS', ip: '10.2.202.226', os.name: 'Windows 7', os.arch: 'amd64', os.version: '6.1', java.version: '1.8.0_102'
Driver info: com.kms.katalon.selenium.driver.CChromeDriver
Capabilities {acceptInsecureCerts: false, acceptSslCerts: false, applicationCacheEnabled: false, browserConnectionEnabled: false, browserName: chrome, chrome: {chromedriverVersion: 2.35.528161 (5b82f2d2aae0ca..., userDataDir: C:\Users\nipin\AppData\Loca...}, cssSelectorsEnabled: true, databaseEnabled: false, handlesAlerts: true, hasTouchScreen: false, javascriptEnabled: true, locationContextEnabled: true, mobileEmulationEnabled: false, nativeEvents: true, networkConnectionEnabled: false, pageLoadStrategy: normal, platform: XP, platformName: XP, rotatable: false, setWindowRect: true, takesHeapSnapshot: true, takesScreenshot: true, unexpectedAlertBehaviour: , unhandledPromptBehavior: , version: 67.0.3396.87, webStorageEnabled: true}
Session ID: 93d43f5b9d4c91d5e2b8f72b2adcbaec
*** Element info: {Using=xpath, value=//button[@alt='Move to the next screen']})]]></system-out>
         <system-err><![CDATA[2018-07-12 04:57:44 - [TEST_CASE][FAILED] - Test Cases/BEP/Create_Approve_Reject/CreateBEP_Approve_DataDriven: Test Cases/BEP/Create_Approve_Reject/CreateBEP_Approve_DataDriven FAILED because (of) Unable to scroll to object 'Object Repository/Generic/NEXT_BUTTON' (Root cause: org.openqa.selenium.UnhandledAlertException: unexpected alert open: {Alert text : Please correct flagged fields before submitting the form!}
  (Session info: chrome=67.0.3396.87)
  (Driver info: chromedriver=2.35.528161 (5b82f2d2aae0ca24b877009200ced9065a772e73),platform=Windows NT 6.1.7601 SP1 x86_64) (WARNING: The server did not provide any stacktrace information)
Command duration or timeout: 0 milliseconds: null
Build info: version: '3.7.1', revision: '8a0099a', time: '2017-11-06T21:07:36.161Z'
System info: host: 'L22622WUS', ip: '10.2.202.226', os.name: 'Windows 7', os.arch: 'amd64', os.version: '6.1', java.version: '1.8.0_102'
Driver info: com.kms.katalon.selenium.driver.CChromeDriver
Capabilities {acceptInsecureCerts: false, acceptSslCerts: false, applicationCacheEnabled: false, browserConnectionEnabled: false, browserName: chrome, chrome: {chromedriverVersion: 2.35.528161 (5b82f2d2aae0ca..., userDataDir: C:\Users\nipin\AppData\Loca...}, cssSelectorsEnabled: true, databaseEnabled: false, handlesAlerts: true, hasTouchScreen: false, javascriptEnabled: true, locationContextEnabled: true, mobileEmulationEnabled: false, nativeEvents: true, networkConnectionEnabled: false, pageLoadStrategy: normal, platform: XP, platformName: XP, rotatable: false, setWindowRect: true, takesHeapSnapshot: true, takesScreenshot: true, unexpectedAlertBehaviour: , unhandledPromptBehavior: , version: 67.0.3396.87, webStorageEnabled: true}
Session ID: 93d43f5b9d4c91d5e2b8f72b2adcbaec
*** Element info: {Using=xpath, value=//button[@alt='Move to the next screen']})]]></system-err>
      </testcase>
      <testcase name="Test Cases/BEP/Create_Approve_Reject/CreateBEP_Approve_DataDriven" classname="Test Cases/BEP/Create_Approve_Reject/CreateBEP_Approve_DataDriven" status="PASSED">
         <system-out><![CDATA[2018-07-12 05:02:06 - [TEST_CASE][PASSED] - Test Cases/BEP/Create_Approve_Reject/CreateBEP_Approve_DataDriven: Test Cases/BEP/Create_Approve_Reject/CreateBEP_Approve_DataDriven

2018-07-12 05:02:06 - [TEST_STEP][PASSED] - com.helper.commonfunct.commonutilities.login: com.helper.commonfunct.commonutilities.login is PASSED

2018-07-12 05:02:06 - [MESSAGE][WARNING] - A browser is already opened. Closing browser and opening a new one

2018-07-12 05:02:19 - [MESSAGE][PASSED] - Browser is opened with url: ''

2018-07-12 05:02:22 - [MESSAGE][PASSED] - Navigate to 'https://vdaqa.rpega.com:9030/daqa/PRServlet' successfully

2018-07-12 05:02:35 - [MESSAGE][PASSED] - Text 'debrj@pegasystems.com' is set on object 'Object Repository/Generic/input_UserIdentifier'

2018-07-12 05:02:47 - [MESSAGE][PASSED] - Text 'install' is set on object 'Object Repository/Generic/input_Password'

2018-07-12 05:02:55 - [MESSAGE][PASSED] - Keys 'ENTER + ' sent to object: 'Object Repository/Generic/input_Password'

2018-07-12 05:02:55 - [MESSAGE][PASSED] - com.helper.commonfunct.commonutilities.login is PASSED

2018-07-12 05:02:55 - [TEST_STEP][PASSED] - com.helper.commonfunct.BEP_CommonMethod.Estimate: com.helper.commonfunct.BEP_CommonMethod.Estimate is PASSED

2018-07-12 05:02:59 - [MESSAGE][PASSED] - Current window maximized

2018-07-12 05:03:01 - [MESSAGE][PASSED] - Delayed 2 second(s)

2018-07-12 05:03:07 - [MESSAGE][PASSED] - Object: 'Object Repository/Generic/New' is clicked on

2018-07-12 05:03:11 - [MESSAGE][PASSED] - Delayed 4 second(s)

2018-07-12 05:03:17 - [MESSAGE][PASSED] - Object: 'Object Repository/BEP/Generic/EstimateLink' is clicked on

2018-07-12 05:03:21 - [MESSAGE][PASSED] - Delayed 4 second(s)

2018-07-12 05:03:27 - [MESSAGE][PASSED] - Object: 'Object Repository/ECR/Generic/WOTAB' is clicked on

2018-07-12 05:03:30 - [MESSAGE][PASSED] - Wait for page load successfully

2018-07-12 05:03:41 - [MESSAGE][PASSED] - Delayed 5 second(s)

2018-07-12 05:04:16 - [MESSAGE][WARNING] - Object 'Object Repository/BEP/Generic/import' is not visible after 30 second(s)

2018-07-12 05:04:27 - [MESSAGE][PASSED] - Delayed 5 second(s)

2018-07-12 05:04:33 - [MESSAGE][PASSED] - File 'C:\DAUIAutomation\Data Files\BEP\EU_BEM.xlsm' sent to object: 'Object Repository/Generic/FilePath'

2018-07-12 05:04:38 - [MESSAGE][PASSED] - Delayed 5 second(s)

2018-07-12 05:04:44 - [MESSAGE][PASSED] - Object: 'Object Repository/Generic/button_Submit' is clicked on

2018-07-12 05:04:54 - [MESSAGE][PASSED] - Delayed 10 second(s)

2018-07-12 05:05:06 - [MESSAGE][PASSED] - Text 'PHLPSINTL' is set on object 'Object Repository/Generic/ORG'

2018-07-12 05:05:13 - [MESSAGE][PASSED] - Delayed 7 second(s)

2018-07-12 05:05:19 - [MESSAGE][PASSED] - Keys 'TAB + ' sent to object: 'Object Repository/Generic/ORG'

2018-07-12 05:05:26 - [MESSAGE][PASSED] - Delayed 7 second(s)

2018-07-12 05:05:39 - [MESSAGE][PASSED] - Text 'PHLPNL' is set on object 'Object Repository/Generic/ACC'

2018-07-12 05:05:46 - [MESSAGE][PASSED] - Delayed 7 second(s)

2018-07-12 05:05:52 - [MESSAGE][PASSED] - Keys 'TAB + ' sent to object: 'Object Repository/Generic/ACC'

2018-07-12 05:05:57 - [MESSAGE][PASSED] - Delayed 5 second(s)

2018-07-12 05:06:04 - [MESSAGE][PASSED] - Text 'The engagement you entered doesn't match' is present on page 

2018-07-12 05:06:16 - [MESSAGE][PASSED] - Text 'AUTOTEST1' is set on object 'Object Repository/Generic/ENG_DESC'

2018-07-12 05:06:21 - [MESSAGE][PASSED] - Delayed 5 second(s)

2018-07-12 05:06:33 - [MESSAGE][PASSED] - Delayed 5 second(s)

2018-07-12 05:06:57 - [MESSAGE][PASSED] - All options with value 'PRD-409' are selected in object 'Object Repository/Generic/PlatformID' 

2018-07-12 05:07:02 - [MESSAGE][PASSED] - Delayed 5 second(s)

2018-07-12 05:07:26 - [MESSAGE][PASSED] - All options with value 'RLS-3176' are selected in object 'Object Repository/Generic/PlatformVersion' 

2018-07-12 05:07:31 - [MESSAGE][PASSED] - Delayed 5 second(s)

2018-07-12 05:07:37 - [MESSAGE][PASSED] - Object: 'Object Repository/Generic/PlatformTrue' is clicked on

2018-07-12 05:07:42 - [MESSAGE][PASSED] - Delayed 5 second(s)

2018-07-12 05:08:03 - [MESSAGE][PASSED] - All options with value 'debrj@pegasystems.com' are selected in object 'Object Repository/EngInfo/PL' 

2018-07-12 05:08:08 - [MESSAGE][PASSED] - Delayed 5 second(s)

2018-07-12 05:08:16 - [MESSAGE][WARNING] - Text 'PL Team Leader' is not present on page 

2018-07-12 05:08:21 - [MESSAGE][PASSED] - Delayed 5 second(s)

2018-07-12 05:08:42 - [MESSAGE][PASSED] - All options with value 'korna1@pegasystems.com' are selected in object 'Object Repository/EngInfo/RD' 

2018-07-12 05:08:47 - [MESSAGE][PASSED] - Delayed 5 second(s)

2018-07-12 05:09:08 - [MESSAGE][PASSED] - All options with value 'kra_d@pegasystems.com' are selected in object 'Object Repository/EngInfo/RL' 

2018-07-12 05:09:13 - [MESSAGE][PASSED] - Delayed 5 second(s)

2018-07-12 05:09:19 - [MESSAGE][PASSED] - Scroll to object 'Object Repository/Generic/NEXT_BUTTON' successfully

2018-07-12 05:09:25 - [MESSAGE][PASSED] - Object: 'Object Repository/Generic/NEXT_BUTTON' is clicked on

2018-07-12 05:09:30 - [MESSAGE][PASSED] - Delayed 5 second(s)

2018-07-12 05:09:33 - [MESSAGE][PASSED] - Wait for page load successfully

2018-07-12 05:09:35 - [MESSAGE][PASSED] - Delayed 2 second(s)

2018-07-12 05:09:41 - [MESSAGE][PASSED] - Text of object 'Object Repository/BEP/Generic/DurationLow' is cleared

2018-07-12 05:09:43 - [MESSAGE][PASSED] - Delayed 2 second(s)

2018-07-12 05:09:55 - [MESSAGE][PASSED] - Text '15' is set on object 'Object Repository/BEP/Generic/DurationLow'

2018-07-12 05:09:57 - [MESSAGE][PASSED] - Delayed 2 second(s)

2018-07-12 05:10:03 - [MESSAGE][PASSED] - Text of object 'Object Repository/BEP/Generic/DurationHigh' is cleared

2018-07-12 05:10:06 - [MESSAGE][PASSED] - Delayed 2 second(s)

2018-07-12 05:10:18 - [MESSAGE][PASSED] - Text '15' is set on object 'Object Repository/BEP/Generic/DurationHigh'

2018-07-12 05:10:20 - [MESSAGE][PASSED] - Delayed 2 second(s)

2018-07-12 05:10:26 - [MESSAGE][PASSED] - Text of object 'Object Repository/BEP/Generic/PartnerHoursLow' is cleared

2018-07-12 05:10:28 - [MESSAGE][PASSED] - Delayed 2 second(s)

2018-07-12 05:10:40 - [MESSAGE][PASSED] - Text '15' is set on object 'Object Repository/BEP/Generic/PartnerHoursLow'

2018-07-12 05:10:42 - [MESSAGE][PASSED] - Delayed 2 second(s)

2018-07-12 05:10:48 - [MESSAGE][PASSED] - Text of object 'Object Repository/BEP/Generic/PartnerHoursHigh' is cleared

2018-07-12 05:10:50 - [MESSAGE][PASSED] - Delayed 2 second(s)

2018-07-12 05:11:02 - [MESSAGE][PASSED] - Text '15' is set on object 'Object Repository/BEP/Generic/PartnerHoursHigh'

2018-07-12 05:11:04 - [MESSAGE][PASSED] - Delayed 2 second(s)

2018-07-12 05:11:10 - [MESSAGE][PASSED] - Text of object 'Object Repository/BEP/Generic/Phase1StartDate' is cleared

2018-07-12 05:11:12 - [MESSAGE][PASSED] - Delayed 2 second(s)

2018-07-12 05:11:25 - [MESSAGE][PASSED] - Text '07/14/2018' is set on object 'Object Repository/BEP/Generic/Phase1StartDate'

2018-07-12 05:11:27 - [MESSAGE][PASSED] - Delayed 2 second(s)

2018-07-12 05:11:33 - [MESSAGE][PASSED] - Object: 'Object Repository/BEP/Generic/EstimationMethod' is clicked on

2018-07-12 05:11:38 - [MESSAGE][PASSED] - Delayed 5 second(s)

2018-07-12 05:11:44 - [MESSAGE][PASSED] - Keys 'BSW' sent to object: 'Object Repository/BEP/Generic/EstimationMethod'

2018-07-12 05:11:49 - [MESSAGE][PASSED] - Delayed 5 second(s)

2018-07-12 05:11:55 - [MESSAGE][PASSED] - Scroll to object 'Object Repository/Generic/NEXT_BUTTON' successfully

2018-07-12 05:12:01 - [MESSAGE][PASSED] - Object: 'Object Repository/Generic/NEXT_BUTTON' is clicked on

2018-07-12 05:12:06 - [MESSAGE][PASSED] - Delayed 5 second(s)

2018-07-12 05:12:12 - [MESSAGE][PASSED] - Object: 'Object Repository/BEP/Generic/BEPoutput' is clicked on

2018-07-12 05:12:17 - [MESSAGE][PASSED] - Delayed 5 second(s)

2018-07-12 05:12:41 - [MESSAGE][PASSED] - All options with value 'RFP in process' are selected in object 'Object Repository/BEP/Generic/ReasonCode' 

2018-07-12 05:12:47 - [MESSAGE][PASSED] - Scroll to object 'Object Repository/Generic/NEXT_BUTTON' successfully

2018-07-12 05:12:54 - [MESSAGE][PASSED] - Object: 'Object Repository/Generic/NEXT_BUTTON' is clicked on

2018-07-12 05:13:00 - [MESSAGE][PASSED] - Scroll to object 'Object Repository/Generic/FINISH_BUTTON' successfully

2018-07-12 05:13:06 - [MESSAGE][PASSED] - Object: 'Object Repository/Generic/FINISH_BUTTON' is clicked on

2018-07-12 05:13:13 - [MESSAGE][PASSED] - Wait for page load successfully

2018-07-12 05:13:18 - [MESSAGE][PASSED] - Delayed 5 second(s)

2018-07-12 05:13:24 - [MESSAGE][PASSED] - Text of object 'Object Repository/Generic/WOID' is: 'BEP-12Jul2018-17'

2018-07-12 05:13:24 - [MESSAGE][PASSED] - com.helper.commonfunct.BEP_CommonMethod.Estimate is PASSED

2018-07-12 05:13:24 - [TEST_STEP][PASSED] - Statement - While (WOSTATUS.contains("PENDING") && AssignmentList.size() > 0): null]]></system-out>
         <system-err><![CDATA[]]></system-err>
      </testcase>
      <testcase name="Test Cases/BEP/Create_Approve_Reject/CreateBEP_Approve_DataDriven" classname="Test Cases/BEP/Create_Approve_Reject/CreateBEP_Approve_DataDriven" status="FAILED">
         <failure type="FAILED" message="Unable to click on object 'Object Repository/Generic/New' (Root cause: com.kms.katalon.core.webui.exception.WebElementNotFoundException: Web element with id: 'Object Repository/Generic/New' located by 'By.xpath: //a[@class='menu-item-anchor menu-item-expand']' not found)"/>
         <system-out><![CDATA[2018-07-12 05:13:24 - [TEST_CASE][FAILED] - Test Cases/BEP/Create_Approve_Reject/CreateBEP_Approve_DataDriven: Test Cases/BEP/Create_Approve_Reject/CreateBEP_Approve_DataDriven FAILED because (of) Unable to click on object 'Object Repository/Generic/New' (Root cause: com.kms.katalon.core.webui.exception.WebElementNotFoundException: Web element with id: 'Object Repository/Generic/New' located by 'By.xpath: //a[@class='menu-item-anchor menu-item-expand']' not found)

2018-07-12 05:13:24 - [TEST_STEP][PASSED] - com.helper.commonfunct.commonutilities.login: com.helper.commonfunct.commonutilities.login is PASSED

2018-07-12 05:13:24 - [MESSAGE][WARNING] - A browser is already opened. Closing browser and opening a new one

2018-07-12 05:13:37 - [MESSAGE][PASSED] - Browser is opened with url: ''

2018-07-12 05:13:40 - [MESSAGE][PASSED] - Navigate to 'https://vdaqa.rpega.com:9030/daqa/PRServlet' successfully

2018-07-12 05:13:52 - [MESSAGE][PASSED] - Text '' is set on object 'Object Repository/Generic/input_UserIdentifier'

2018-07-12 05:14:05 - [MESSAGE][PASSED] - Text 'install' is set on object 'Object Repository/Generic/input_Password'

2018-07-12 05:14:11 - [MESSAGE][PASSED] - Keys 'ENTER + ' sent to object: 'Object Repository/Generic/input_Password'

2018-07-12 05:14:11 - [MESSAGE][PASSED] - com.helper.commonfunct.commonutilities.login is PASSED

2018-07-12 05:14:11 - [TEST_STEP][FAILED] - com.helper.commonfunct.BEP_CommonMethod.Estimate: Unable to click on object 'Object Repository/Generic/New' (Root cause: com.kms.katalon.core.webui.exception.WebElementNotFoundException: Web element with id: 'Object Repository/Generic/New' located by 'By.xpath: //a[@class='menu-item-anchor menu-item-expand']' not found)

2018-07-12 05:14:15 - [MESSAGE][PASSED] - Current window maximized

2018-07-12 05:14:17 - [MESSAGE][PASSED] - Delayed 2 second(s)

2018-07-12 05:14:52 - [MESSAGE][FAILED] - Unable to click on object 'Object Repository/Generic/New' (Root cause: com.kms.katalon.core.webui.exception.WebElementNotFoundException: Web element with id: 'Object Repository/Generic/New' located by 'By.xpath: //a[@class='menu-item-anchor menu-item-expand']' not found)
[[ATTACHMENT|C:\\DAUIAutomation\\Reports\\Estimate\\20180712_020650\\1531386888986.png]]

2018-07-12 05:14:52 - [MESSAGE][FAILED] - Unable to click on object 'Object Repository/Generic/New' (Root cause: com.kms.katalon.core.webui.exception.WebElementNotFoundException: Web element with id: 'Object Repository/Generic/New' located by 'By.xpath: //a[@class='menu-item-anchor menu-item-expand']' not found)]]></system-out>
         <system-err><![CDATA[2018-07-12 05:13:24 - [TEST_CASE][FAILED] - Test Cases/BEP/Create_Approve_Reject/CreateBEP_Approve_DataDriven: Test Cases/BEP/Create_Approve_Reject/CreateBEP_Approve_DataDriven FAILED because (of) Unable to click on object 'Object Repository/Generic/New' (Root cause: com.kms.katalon.core.webui.exception.WebElementNotFoundException: Web element with id: 'Object Repository/Generic/New' located by 'By.xpath: //a[@class='menu-item-anchor menu-item-expand']' not found)]]></system-err>
      </testcase>
      <testcase name="Test Cases/BEP/TestCases/TC_CreateBEP_All_Recall" classname="Test Cases/BEP/TestCases/TC_CreateBEP_All_Recall" status="PASSED">
         <system-out><![CDATA[2018-07-12 05:14:52 - [TEST_CASE][PASSED] - Test Cases/BEP/TestCases/TC_CreateBEP_All_Recall: Test Cases/BEP/TestCases/TC_CreateBEP_All_Recall

2018-07-12 05:14:52 - [TEST_STEP][PASSED] - callTestCase: Call Test Case 'Test Cases/BEP/Create_Approve_Reject/Create_BEP_NoOutput' successfully

2018-07-12 05:14:52 - [TEST_CASE][PASSED] - Test Cases/BEP/Create_Approve_Reject/Create_BEP_NoOutput: Test Cases/BEP/Create_Approve_Reject/Create_BEP_NoOutput

2018-07-12 05:14:52 - [TEST_STEP][PASSED] - com.helper.commonfunct.commonutilities.login: com.helper.commonfunct.commonutilities.login is PASSED

2018-07-12 05:14:52 - [MESSAGE][WARNING] - A browser is already opened. Closing browser and opening a new one

2018-07-12 05:15:05 - [MESSAGE][PASSED] - Browser is opened with url: ''

2018-07-12 05:15:08 - [MESSAGE][PASSED] - Navigate to 'https://vdaqa.rpega.com:9030/daqa/PRServlet' successfully

2018-07-12 05:15:20 - [MESSAGE][PASSED] - Text 'hendj@pegasystems.com' is set on object 'Object Repository/Generic/input_UserIdentifier'

2018-07-12 05:15:33 - [MESSAGE][PASSED] - Text 'install' is set on object 'Object Repository/Generic/input_Password'

2018-07-12 05:15:40 - [MESSAGE][PASSED] - Keys 'ENTER + ' sent to object: 'Object Repository/Generic/input_Password'

2018-07-12 05:15:40 - [MESSAGE][PASSED] - com.helper.commonfunct.commonutilities.login is PASSED

2018-07-12 05:15:40 - [TEST_STEP][PASSED] - com.helper.commonfunct.BEP_CommonMethod.Estimate: com.helper.commonfunct.BEP_CommonMethod.Estimate is PASSED

2018-07-12 05:15:45 - [MESSAGE][PASSED] - Current window maximized

2018-07-12 05:15:47 - [MESSAGE][PASSED] - Delayed 2 second(s)

2018-07-12 05:15:53 - [MESSAGE][PASSED] - Object: 'Object Repository/Generic/New' is clicked on

2018-07-12 05:15:57 - [MESSAGE][PASSED] - Delayed 4 second(s)

2018-07-12 05:16:03 - [MESSAGE][PASSED] - Object: 'Object Repository/BEP/Generic/EstimateLink' is clicked on

2018-07-12 05:16:07 - [MESSAGE][PASSED] - Delayed 4 second(s)

2018-07-12 05:16:13 - [MESSAGE][PASSED] - Object: 'Object Repository/ECR/Generic/WOTAB' is clicked on

2018-07-12 05:16:16 - [MESSAGE][PASSED] - Wait for page load successfully

2018-07-12 05:16:27 - [MESSAGE][PASSED] - Delayed 5 second(s)

2018-07-12 05:17:01 - [MESSAGE][WARNING] - Object 'Object Repository/BEP/Generic/import' is not visible after 30 second(s)

2018-07-12 05:17:13 - [MESSAGE][PASSED] - Delayed 5 second(s)

2018-07-12 05:17:19 - [MESSAGE][PASSED] - File 'C:\DAUIAutomation\Data Files\BEP\Estimate.xlsm' sent to object: 'Object Repository/Generic/FilePath'

2018-07-12 05:17:24 - [MESSAGE][PASSED] - Delayed 5 second(s)

2018-07-12 05:17:30 - [MESSAGE][PASSED] - Object: 'Object Repository/Generic/button_Submit' is clicked on

2018-07-12 05:17:40 - [MESSAGE][PASSED] - Delayed 10 second(s)

2018-07-12 05:17:52 - [MESSAGE][PASSED] - Text 'BOFA' is set on object 'Object Repository/Generic/ORG'

2018-07-12 05:17:59 - [MESSAGE][PASSED] - Delayed 7 second(s)

2018-07-12 05:18:05 - [MESSAGE][PASSED] - Keys 'TAB + ' sent to object: 'Object Repository/Generic/ORG'

2018-07-12 05:18:12 - [MESSAGE][PASSED] - Delayed 7 second(s)

2018-07-12 05:18:24 - [MESSAGE][PASSED] - Text 'BOFA' is set on object 'Object Repository/Generic/ACC'

2018-07-12 05:18:31 - [MESSAGE][PASSED] - Delayed 7 second(s)

2018-07-12 05:18:37 - [MESSAGE][PASSED] - Keys 'TAB + ' sent to object: 'Object Repository/Generic/ACC'

2018-07-12 05:18:42 - [MESSAGE][PASSED] - Delayed 5 second(s)

2018-07-12 05:18:50 - [MESSAGE][PASSED] - Text 'The engagement you entered doesn't match' is present on page 

2018-07-12 05:19:02 - [MESSAGE][PASSED] - Text 'AUTOTEST1' is set on object 'Object Repository/Generic/ENG_DESC'

2018-07-12 05:19:07 - [MESSAGE][PASSED] - Delayed 5 second(s)

2018-07-12 05:19:18 - [MESSAGE][PASSED] - Delayed 5 second(s)

2018-07-12 05:19:42 - [MESSAGE][PASSED] - All options with value 'PRD-409' are selected in object 'Object Repository/Generic/PlatformID' 

2018-07-12 05:19:47 - [MESSAGE][PASSED] - Delayed 5 second(s)

2018-07-12 05:20:12 - [MESSAGE][PASSED] - All options with value 'RLS-3176' are selected in object 'Object Repository/Generic/PlatformVersion' 

2018-07-12 05:20:17 - [MESSAGE][PASSED] - Delayed 5 second(s)

2018-07-12 05:20:23 - [MESSAGE][PASSED] - Object: 'Object Repository/Generic/PlatformTrue' is clicked on

2018-07-12 05:20:28 - [MESSAGE][PASSED] - Delayed 5 second(s)

2018-07-12 05:20:49 - [MESSAGE][PASSED] - All options with value 'hendj@pegasystems.com' are selected in object 'Object Repository/EngInfo/PL' 

2018-07-12 05:20:54 - [MESSAGE][PASSED] - Delayed 5 second(s)

2018-07-12 05:21:01 - [MESSAGE][PASSED] - Text 'PL Team Leader' is present on page 

2018-07-12 05:21:22 - [MESSAGE][PASSED] - All options with value 'higgr@pegasystems.com' are selected in object 'Object Repository/EngInfo/PLTL' 

2018-07-12 05:21:27 - [MESSAGE][PASSED] - Delayed 5 second(s)

2018-07-12 05:21:51 - [MESSAGE][PASSED] - All options with value 'waink@pegasystems.com' are selected in object 'Object Repository/EngInfo/RD' 

2018-07-12 05:21:56 - [MESSAGE][PASSED] - Delayed 5 second(s)

2018-07-12 05:22:17 - [MESSAGE][PASSED] - All options with value 'panee@pegasystems.com' are selected in object 'Object Repository/EngInfo/RL' 

2018-07-12 05:22:22 - [MESSAGE][PASSED] - Delayed 5 second(s)

2018-07-12 05:22:28 - [MESSAGE][PASSED] - Scroll to object 'Object Repository/Generic/NEXT_BUTTON' successfully

2018-07-12 05:22:35 - [MESSAGE][PASSED] - Object: 'Object Repository/Generic/NEXT_BUTTON' is clicked on

2018-07-12 05:22:40 - [MESSAGE][PASSED] - Delayed 5 second(s)

2018-07-12 05:22:43 - [MESSAGE][PASSED] - Wait for page load successfully

2018-07-12 05:22:45 - [MESSAGE][PASSED] - Delayed 2 second(s)

2018-07-12 05:22:51 - [MESSAGE][PASSED] - Text of object 'Object Repository/BEP/Generic/DurationLow' is cleared

2018-07-12 05:22:53 - [MESSAGE][PASSED] - Delayed 2 second(s)

2018-07-12 05:23:05 - [MESSAGE][PASSED] - Text '15' is set on object 'Object Repository/BEP/Generic/DurationLow'

2018-07-12 05:23:07 - [MESSAGE][PASSED] - Delayed 2 second(s)

2018-07-12 05:23:13 - [MESSAGE][PASSED] - Text of object 'Object Repository/BEP/Generic/DurationHigh' is cleared

2018-07-12 05:23:15 - [MESSAGE][PASSED] - Delayed 2 second(s)

2018-07-12 05:23:27 - [MESSAGE][PASSED] - Text '15' is set on object 'Object Repository/BEP/Generic/DurationHigh'

2018-07-12 05:23:29 - [MESSAGE][PASSED] - Delayed 2 second(s)

2018-07-12 05:23:35 - [MESSAGE][PASSED] - Text of object 'Object Repository/BEP/Generic/PartnerHoursLow' is cleared

2018-07-12 05:23:37 - [MESSAGE][PASSED] - Delayed 2 second(s)

2018-07-12 05:23:49 - [MESSAGE][PASSED] - Text '15' is set on object 'Object Repository/BEP/Generic/PartnerHoursLow'

2018-07-12 05:23:51 - [MESSAGE][PASSED] - Delayed 2 second(s)

2018-07-12 05:23:58 - [MESSAGE][PASSED] - Text of object 'Object Repository/BEP/Generic/PartnerHoursHigh' is cleared

2018-07-12 05:24:00 - [MESSAGE][PASSED] - Delayed 2 second(s)

2018-07-12 05:24:12 - [MESSAGE][PASSED] - Text '15' is set on object 'Object Repository/BEP/Generic/PartnerHoursHigh'

2018-07-12 05:24:14 - [MESSAGE][PASSED] - Delayed 2 second(s)

2018-07-12 05:24:20 - [MESSAGE][PASSED] - Text of object 'Object Repository/BEP/Generic/Phase1StartDate' is cleared

2018-07-12 05:24:22 - [MESSAGE][PASSED] - Delayed 2 second(s)

2018-07-12 05:24:34 - [MESSAGE][PASSED] - Text '07/14/2018' is set on object 'Object Repository/BEP/Generic/Phase1StartDate'

2018-07-12 05:24:36 - [MESSAGE][PASSED] - Delayed 2 second(s)

2018-07-12 05:24:42 - [MESSAGE][PASSED] - Object: 'Object Repository/BEP/Generic/EstimationMethod' is clicked on

2018-07-12 05:24:47 - [MESSAGE][PASSED] - Delayed 5 second(s)

2018-07-12 05:24:53 - [MESSAGE][PASSED] - Keys 'BSW' sent to object: 'Object Repository/BEP/Generic/EstimationMethod'

2018-07-12 05:24:58 - [MESSAGE][PASSED] - Delayed 5 second(s)

2018-07-12 05:25:04 - [MESSAGE][PASSED] - Scroll to object 'Object Repository/Generic/NEXT_BUTTON' successfully

2018-07-12 05:25:11 - [MESSAGE][PASSED] - Object: 'Object Repository/Generic/NEXT_BUTTON' is clicked on

2018-07-12 05:25:16 - [MESSAGE][PASSED] - Delayed 5 second(s)

2018-07-12 05:25:22 - [MESSAGE][PASSED] - Object: 'Object Repository/BEP/Generic/BEPoutput' is clicked on

2018-07-12 05:25:27 - [MESSAGE][PASSED] - Delayed 5 second(s)

2018-07-12 05:25:51 - [MESSAGE][PASSED] - All options with value 'RFP in process' are selected in object 'Object Repository/BEP/Generic/ReasonCode' 

2018-07-12 05:25:57 - [MESSAGE][PASSED] - Scroll to object 'Object Repository/Generic/NEXT_BUTTON' successfully

2018-07-12 05:26:03 - [MESSAGE][PASSED] - Object: 'Object Repository/Generic/NEXT_BUTTON' is clicked on

2018-07-12 05:26:09 - [MESSAGE][PASSED] - Scroll to object 'Object Repository/Generic/FINISH_BUTTON' successfully

2018-07-12 05:26:16 - [MESSAGE][PASSED] - Object: 'Object Repository/Generic/FINISH_BUTTON' is clicked on

2018-07-12 05:26:19 - [MESSAGE][PASSED] - Wait for page load successfully

2018-07-12 05:26:24 - [MESSAGE][PASSED] - Delayed 5 second(s)

2018-07-12 05:26:30 - [MESSAGE][PASSED] - Text of object 'Object Repository/Generic/WOID' is: 'BEP-12Jul2018-18'

2018-07-12 05:26:30 - [MESSAGE][PASSED] - com.helper.commonfunct.BEP_CommonMethod.Estimate is PASSED

2018-07-12 05:26:30 - [TEST_STEP][PASSED] - com.helper.commonfunct.commonutilities.searchStatus: com.helper.commonfunct.commonutilities.searchStatus is PASSED

2018-07-12 05:26:33 - [MESSAGE][PASSED] - Wait for page load successfully

2018-07-12 05:26:53 - [MESSAGE][PASSED] - Delayed 2 second(s)

2018-07-12 05:27:01 - [MESSAGE][PASSED] - Delayed 2 second(s)

2018-07-12 05:27:10 - [MESSAGE][PASSED] - com.helper.commonfunct.commonutilities.searchStatus is PASSED

2018-07-12 05:27:10 - [MESSAGE][PASSED] - Call Test Case 'Test Cases/BEP/Create_Approve_Reject/Create_BEP_NoOutput' successfully

2018-07-12 05:27:10 - [TEST_STEP][PASSED] - com.helper.commonfunct.commonutilities.setprop: com.helper.commonfunct.commonutilities.setprop is PASSED

2018-07-12 05:27:10 - [MESSAGE][PASSED] - com.helper.commonfunct.commonutilities.setprop is PASSED

2018-07-12 05:27:10 - [TEST_STEP][PASSED] - callTestCase: Call Test Case 'Test Cases/BEP/Create_Approve_Reject/All_Approval_Recall' successfully

2018-07-12 05:27:10 - [TEST_CASE][PASSED] - Test Cases/BEP/Create_Approve_Reject/All_Approval_Recall: Test Cases/BEP/Create_Approve_Reject/All_Approval_Recall

2018-07-12 05:27:10 - [TEST_STEP][NOT_RUN] - com.helper.commonfunct.commonutilities.login: NOT_RUN: com.helper.commonfunct.commonutilities.login

2018-07-12 05:27:10 - [MESSAGE][NOT_RUN] - NOT_RUN: com.helper.commonfunct.commonutilities.login

2018-07-12 05:27:10 - [TEST_STEP][NOT_RUN] - com.helper.commonfunct.commonutilities.search: NOT_RUN: com.helper.commonfunct.commonutilities.search

2018-07-12 05:27:10 - [MESSAGE][NOT_RUN] - NOT_RUN: com.helper.commonfunct.commonutilities.search

2018-07-12 05:27:10 - [TEST_STEP][NOT_RUN] - switchToFrame: NOT_RUN: switchToFrame

2018-07-12 05:27:10 - [MESSAGE][NOT_RUN] - NOT_RUN: switchToFrame

2018-07-12 05:27:10 - [TEST_STEP][PASSED] - Statement - While (WOSTATUS.contains("PENDING") && AssignmentList.size() > 0): com.helper.commonfunct.commonutilities.searchStatus is PASSED

2018-07-12 05:27:10 - [TEST_STEP][PASSED] - Statement - Status = text: null

2018-07-12 05:27:13 - [TEST_STEP][PASSED] - Statement - println(Status): null

2018-07-12 05:27:13 - [TEST_STEP][PASSED] - Statement - If (Status == "Pending-RDApproval"): null

2018-07-12 05:27:13 - [TEST_STEP][PASSED] - Statement - If (RDRecall == false): null

2018-07-12 05:27:13 - [TEST_STEP][PASSED] - Statement - Else: null

2018-07-12 05:27:13 - [TEST_STEP][PASSED] - com.helper.commonfunct.commonutilities.login: com.helper.commonfunct.commonutilities.login is PASSED

2018-07-12 05:27:13 - [MESSAGE][WARNING] - A browser is already opened. Closing browser and opening a new one

2018-07-12 05:27:26 - [MESSAGE][PASSED] - Browser is opened with url: ''

2018-07-12 05:27:30 - [MESSAGE][PASSED] - Navigate to 'https://vdaqa.rpega.com:9030/daqa/PRServlet' successfully

2018-07-12 05:27:42 - [MESSAGE][PASSED] - Text 'hendj@pegasystems.com' is set on object 'Object Repository/Generic/input_UserIdentifier'

2018-07-12 05:27:54 - [MESSAGE][PASSED] - Text 'install' is set on object 'Object Repository/Generic/input_Password'

2018-07-12 05:28:02 - [MESSAGE][PASSED] - Keys 'ENTER + ' sent to object: 'Object Repository/Generic/input_Password'

2018-07-12 05:28:02 - [MESSAGE][PASSED] - com.helper.commonfunct.commonutilities.login is PASSED

2018-07-12 05:28:02 - [TEST_STEP][PASSED] - com.helper.commonfunct.commonutilities.search: com.helper.commonfunct.commonutilities.search is PASSED

2018-07-12 05:28:06 - [MESSAGE][PASSED] - Current window maximized

2018-07-12 05:28:11 - [MESSAGE][PASSED] - Delayed 5 second(s)

2018-07-12 05:28:24 - [MESSAGE][PASSED] - Text 'BEP-12Jul2018-18' is set on object 'Object Repository/EngInfo/search'

2018-07-12 05:28:27 - [MESSAGE][PASSED] - Delayed 3 second(s)

2018-07-12 05:28:33 - [MESSAGE][PASSED] - Keys 'ENTER + ' sent to object: 'Object Repository/EngInfo/search'

2018-07-12 05:28:40 - [MESSAGE][WARNING] - No alert found after 3 second(s).
[[ATTACHMENT|C:\\DAUIAutomation\\Reports\\Estimate\\20180712_020650\\1531387716690.png]]

2018-07-12 05:28:43 - [MESSAGE][PASSED] - Wait for page load successfully

2018-07-12 05:28:43 - [MESSAGE][PASSED] - com.helper.commonfunct.commonutilities.search is PASSED

2018-07-12 05:28:43 - [TEST_STEP][PASSED] - com.helper.commonfunct.BEP_CommonMethod.recall: com.helper.commonfunct.BEP_CommonMethod.recall is PASSED

2018-07-12 05:28:48 - [MESSAGE][PASSED] - Delayed 5 second(s)

2018-07-12 05:29:00 - [MESSAGE][PASSED] - Object: 'Object Repository/Generic/otherAction' is clicked on

2018-07-12 05:29:05 - [MESSAGE][PASSED] - Delayed 5 second(s)

2018-07-12 05:29:11 - [MESSAGE][PASSED] - Object: 'Object Repository/BEP/Generic/recall' is clicked on

2018-07-12 05:29:18 - [MESSAGE][PASSED] - Delayed 7 second(s)

2018-07-12 05:29:30 - [MESSAGE][PASSED] - Text 'Software Testing' is set on object 'Object Repository/BEP/Generic/recall_reason'

2018-07-12 05:29:35 - [MESSAGE][PASSED] - Delayed 5 second(s)

2018-07-12 05:29:42 - [MESSAGE][PASSED] - Object: 'Object Repository/BEP/Generic/recall_submit' is clicked on

2018-07-12 05:29:45 - [MESSAGE][PASSED] - Wait for page load successfully

2018-07-12 05:29:51 - [MESSAGE][PASSED] - Object: 'Object Repository/Generic/NEXT_BUTTON' is clicked on

2018-07-12 05:29:56 - [MESSAGE][PASSED] - Delayed 5 second(s)

2018-07-12 05:30:02 - [MESSAGE][PASSED] - Object: 'Object Repository/Generic/NEXT_BUTTON' is clicked on

2018-07-12 05:30:14 - [MESSAGE][PASSED] - Text 'Software Testing' is set on object 'Object Repository/BEP/Generic/BEP_CASENOTES'

2018-07-12 05:30:19 - [MESSAGE][PASSED] - Delayed 5 second(s)

2018-07-12 05:30:25 - [MESSAGE][PASSED] - Object: 'Object Repository/Generic/NEXT_BUTTON' is clicked on

2018-07-12 05:30:25 - [MESSAGE][WARNING] - Timeout '0' is invalid. Using default page load timeout: '30'

2018-07-12 05:30:31 - [MESSAGE][PASSED] - Scroll to object 'Object Repository/BEP/Generic/FINISH_ASSIGNMENT' successfully

2018-07-12 05:30:42 - [MESSAGE][PASSED] - Delayed 5 second(s)

2018-07-12 05:30:42 - [MESSAGE][PASSED] - com.helper.commonfunct.BEP_CommonMethod.recall is PASSED

2018-07-12 05:30:42 - [TEST_STEP][PASSED] - Statement - RDRecall = false: null

2018-07-12 05:30:42 - [TEST_STEP][PASSED] - Statement - print(RDRecall): null

2018-07-12 05:30:42 - [TEST_STEP][PASSED] - com.helper.commonfunct.commonutilities.searchStatus: com.helper.commonfunct.commonutilities.searchStatus is PASSED

2018-07-12 05:30:45 - [MESSAGE][PASSED] - Wait for page load successfully

2018-07-12 05:31:05 - [MESSAGE][PASSED] - Delayed 2 second(s)

2018-07-12 05:31:14 - [MESSAGE][PASSED] - Delayed 2 second(s)

2018-07-12 05:31:23 - [MESSAGE][PASSED] - com.helper.commonfunct.commonutilities.searchStatus is PASSED

2018-07-12 05:31:23 - [TEST_STEP][PASSED] - Statement - Status = text: null

2018-07-12 05:31:26 - [TEST_STEP][PASSED] - Statement - println(Status): null

2018-07-12 05:31:26 - [TEST_STEP][PASSED] - Statement - If (Status == "Pending-RDApproval"): com.helper.commonfunct.BEP_CommonMethod.RDapprove is PASSED

2018-07-12 05:31:26 - [TEST_STEP][PASSED] - Statement - If (RDRecall == false): com.helper.commonfunct.BEP_CommonMethod.RDapprove is PASSED

2018-07-12 05:31:26 - [TEST_STEP][PASSED] - Statement - If (RouteToRL == true): com.helper.commonfunct.BEP_CommonMethod.RDapprove is PASSED

2018-07-12 05:31:26 - [TEST_STEP][PASSED] - com.helper.commonfunct.commonutilities.login: com.helper.commonfunct.commonutilities.login is PASSED

2018-07-12 05:31:26 - [MESSAGE][WARNING] - A browser is already opened. Closing browser and opening a new one

2018-07-12 05:31:39 - [MESSAGE][PASSED] - Browser is opened with url: ''

2018-07-12 05:31:42 - [MESSAGE][PASSED] - Navigate to 'https://vdaqa.rpega.com:9030/daqa/PRServlet' successfully

2018-07-12 05:31:54 - [MESSAGE][PASSED] - Text 'waink@pegasystems.com' is set on object 'Object Repository/Generic/input_UserIdentifier'

2018-07-12 05:32:06 - [MESSAGE][PASSED] - Text 'install' is set on object 'Object Repository/Generic/input_Password'

2018-07-12 05:32:14 - [MESSAGE][PASSED] - Keys 'ENTER + ' sent to object: 'Object Repository/Generic/input_Password'

2018-07-12 05:32:14 - [MESSAGE][PASSED] - com.helper.commonfunct.commonutilities.login is PASSED

2018-07-12 05:32:14 - [TEST_STEP][PASSED] - com.helper.commonfunct.commonutilities.search: com.helper.commonfunct.commonutilities.search is PASSED

2018-07-12 05:32:19 - [MESSAGE][PASSED] - Current window maximized

2018-07-12 05:32:24 - [MESSAGE][PASSED] - Delayed 5 second(s)

2018-07-12 05:32:36 - [MESSAGE][PASSED] - Text 'BEP-12Jul2018-18' is set on object 'Object Repository/EngInfo/search'

2018-07-12 05:32:39 - [MESSAGE][PASSED] - Delayed 3 second(s)

2018-07-12 05:32:45 - [MESSAGE][PASSED] - Keys 'ENTER + ' sent to object: 'Object Repository/EngInfo/search'

2018-07-12 05:32:52 - [MESSAGE][WARNING] - No alert found after 3 second(s).
[[ATTACHMENT|C:\\DAUIAutomation\\Reports\\Estimate\\20180712_020650\\1531387969024.png]]

2018-07-12 05:32:55 - [MESSAGE][PASSED] - Wait for page load successfully

2018-07-12 05:32:55 - [MESSAGE][PASSED] - com.helper.commonfunct.commonutilities.search is PASSED

2018-07-12 05:32:55 - [TEST_STEP][PASSED] - com.helper.commonfunct.BEP_CommonMethod.RDapprove: com.helper.commonfunct.BEP_CommonMethod.RDapprove is PASSED

2018-07-12 05:33:00 - [MESSAGE][PASSED] - Delayed 5 second(s)

2018-07-12 05:33:16 - [MESSAGE][PASSED] - Delayed 7 second(s)

2018-07-12 05:33:24 - [MESSAGE][PASSED] - Delayed 5 second(s)

2018-07-12 05:33:30 - [MESSAGE][PASSED] - Wait for page load successfully

2018-07-12 05:33:33 - [MESSAGE][PASSED] - Wait for page load successfully

2018-07-12 05:33:36 - [MESSAGE][PASSED] - Wait for page load successfully

2018-07-12 05:33:48 - [MESSAGE][PASSED] - Scroll to object 'Object Repository/Generic/NEXT_BUTTON' successfully

2018-07-12 05:33:54 - [MESSAGE][PASSED] - Object: 'Object Repository/Generic/NEXT_BUTTON' is clicked on

2018-07-12 05:33:59 - [MESSAGE][PASSED] - Delayed 5 second(s)

2018-07-12 05:34:05 - [MESSAGE][PASSED] - Scroll to object 'Object Repository/BEP/Generic/RD_RLApprove' successfully

2018-07-12 05:34:12 - [MESSAGE][PASSED] - Object: 'Object Repository/BEP/Generic/RD_RLApprove' is clicked on

2018-07-12 05:34:17 - [MESSAGE][PASSED] - Delayed 5 second(s)

2018-07-12 05:34:29 - [MESSAGE][PASSED] - Text 'Software Testing' is set on object 'Object Repository/BEP/Generic/BEP_CASENOTES'

2018-07-12 05:34:34 - [MESSAGE][PASSED] - Delayed 5 second(s)

2018-07-12 05:34:40 - [MESSAGE][PASSED] - Scroll to object 'Object Repository/BEP/Generic/FINISH_ASSIGNMENT' successfully

2018-07-12 05:34:49 - [MESSAGE][PASSED] - Wait for page load successfully

2018-07-12 05:34:49 - [MESSAGE][PASSED] - com.helper.commonfunct.BEP_CommonMethod.RDapprove is PASSED

2018-07-12 05:34:49 - [TEST_STEP][PASSED] - com.helper.commonfunct.commonutilities.searchStatus: com.helper.commonfunct.commonutilities.searchStatus is PASSED

2018-07-12 05:34:52 - [MESSAGE][PASSED] - Wait for page load successfully

2018-07-12 05:35:12 - [MESSAGE][PASSED] - Delayed 2 second(s)

2018-07-12 05:35:20 - [MESSAGE][PASSED] - Delayed 2 second(s)

2018-07-12 05:35:29 - [MESSAGE][PASSED] - com.helper.commonfunct.commonutilities.searchStatus is PASSED

2018-07-12 05:35:29 - [TEST_STEP][PASSED] - Statement - Status = text: null

2018-07-12 05:35:32 - [TEST_STEP][PASSED] - Statement - println(Status): null

2018-07-12 05:35:32 - [TEST_STEP][PASSED] - Statement - If (Status == "Pending-RDApproval"): null

2018-07-12 05:35:32 - [TEST_STEP][PASSED] - Statement - Else If (Status == "Pending-RLApproval"): null

2018-07-12 05:35:32 - [TEST_STEP][PASSED] - Statement - If (RLRecall == false): null

2018-07-12 05:35:32 - [TEST_STEP][PASSED] - Statement - Else: null

2018-07-12 05:35:32 - [TEST_STEP][PASSED] - com.helper.commonfunct.commonutilities.login: com.helper.commonfunct.commonutilities.login is PASSED

2018-07-12 05:35:32 - [MESSAGE][WARNING] - A browser is already opened. Closing browser and opening a new one

2018-07-12 05:35:45 - [MESSAGE][PASSED] - Browser is opened with url: ''

2018-07-12 05:35:49 - [MESSAGE][PASSED] - Navigate to 'https://vdaqa.rpega.com:9030/daqa/PRServlet' successfully

2018-07-12 05:36:01 - [MESSAGE][PASSED] - Text 'hendj@pegasystems.com' is set on object 'Object Repository/Generic/input_UserIdentifier'

2018-07-12 05:36:13 - [MESSAGE][PASSED] - Text 'install' is set on object 'Object Repository/Generic/input_Password'

2018-07-12 05:36:21 - [MESSAGE][PASSED] - Keys 'ENTER + ' sent to object: 'Object Repository/Generic/input_Password'

2018-07-12 05:36:21 - [MESSAGE][PASSED] - com.helper.commonfunct.commonutilities.login is PASSED

2018-07-12 05:36:21 - [TEST_STEP][PASSED] - com.helper.commonfunct.commonutilities.search: com.helper.commonfunct.commonutilities.search is PASSED

2018-07-12 05:36:25 - [MESSAGE][PASSED] - Current window maximized

2018-07-12 05:36:30 - [MESSAGE][PASSED] - Delayed 5 second(s)

2018-07-12 05:36:42 - [MESSAGE][PASSED] - Text 'BEP-12Jul2018-18' is set on object 'Object Repository/EngInfo/search'

2018-07-12 05:36:45 - [MESSAGE][PASSED] - Delayed 3 second(s)

2018-07-12 05:36:51 - [MESSAGE][PASSED] - Keys 'ENTER + ' sent to object: 'Object Repository/EngInfo/search'

2018-07-12 05:36:58 - [MESSAGE][WARNING] - No alert found after 3 second(s).
[[ATTACHMENT|C:\\DAUIAutomation\\Reports\\Estimate\\20180712_020650\\1531388215369.png]]

2018-07-12 05:37:01 - [MESSAGE][PASSED] - Wait for page load successfully

2018-07-12 05:37:01 - [MESSAGE][PASSED] - com.helper.commonfunct.commonutilities.search is PASSED

2018-07-12 05:37:01 - [TEST_STEP][PASSED] - com.helper.commonfunct.BEP_CommonMethod.recall: com.helper.commonfunct.BEP_CommonMethod.recall is PASSED

2018-07-12 05:37:06 - [MESSAGE][PASSED] - Delayed 5 second(s)

2018-07-12 05:37:18 - [MESSAGE][PASSED] - Object: 'Object Repository/Generic/otherAction' is clicked on

2018-07-12 05:37:23 - [MESSAGE][PASSED] - Delayed 5 second(s)

2018-07-12 05:37:30 - [MESSAGE][PASSED] - Object: 'Object Repository/BEP/Generic/recall' is clicked on

2018-07-12 05:37:37 - [MESSAGE][PASSED] - Delayed 7 second(s)

2018-07-12 05:37:49 - [MESSAGE][PASSED] - Text 'Software Testing' is set on object 'Object Repository/BEP/Generic/recall_reason'

2018-07-12 05:37:54 - [MESSAGE][PASSED] - Delayed 5 second(s)

2018-07-12 05:38:00 - [MESSAGE][PASSED] - Object: 'Object Repository/BEP/Generic/recall_submit' is clicked on

2018-07-12 05:38:03 - [MESSAGE][PASSED] - Wait for page load successfully

2018-07-12 05:38:09 - [MESSAGE][PASSED] - Object: 'Object Repository/Generic/NEXT_BUTTON' is clicked on

2018-07-12 05:38:14 - [MESSAGE][PASSED] - Delayed 5 second(s)

2018-07-12 05:38:20 - [MESSAGE][PASSED] - Object: 'Object Repository/Generic/NEXT_BUTTON' is clicked on

2018-07-12 05:38:33 - [MESSAGE][PASSED] - Text 'Software Testing' is set on object 'Object Repository/BEP/Generic/BEP_CASENOTES'

2018-07-12 05:38:38 - [MESSAGE][PASSED] - Delayed 5 second(s)

2018-07-12 05:38:44 - [MESSAGE][PASSED] - Object: 'Object Repository/Generic/NEXT_BUTTON' is clicked on

2018-07-12 05:38:44 - [MESSAGE][WARNING] - Timeout '0' is invalid. Using default page load timeout: '30'

2018-07-12 05:38:50 - [MESSAGE][PASSED] - Scroll to object 'Object Repository/BEP/Generic/FINISH_ASSIGNMENT' successfully

2018-07-12 05:39:01 - [MESSAGE][PASSED] - Delayed 5 second(s)

2018-07-12 05:39:01 - [MESSAGE][PASSED] - com.helper.commonfunct.BEP_CommonMethod.recall is PASSED

2018-07-12 05:39:01 - [TEST_STEP][PASSED] - Statement - RLRecall = false: null

2018-07-12 05:39:01 - [TEST_STEP][PASSED] - Statement - print(RLRecall): null

2018-07-12 05:39:01 - [TEST_STEP][PASSED] - com.helper.commonfunct.commonutilities.searchStatus: com.helper.commonfunct.commonutilities.searchStatus is PASSED

2018-07-12 05:39:04 - [MESSAGE][PASSED] - Wait for page load successfully

2018-07-12 05:39:24 - [MESSAGE][PASSED] - Delayed 2 second(s)

2018-07-12 05:39:32 - [MESSAGE][PASSED] - Delayed 2 second(s)

2018-07-12 05:39:41 - [MESSAGE][PASSED] - com.helper.commonfunct.commonutilities.searchStatus is PASSED

2018-07-12 05:39:41 - [TEST_STEP][PASSED] - Statement - Status = text: null

2018-07-12 05:39:44 - [TEST_STEP][PASSED] - Statement - println(Status): null

2018-07-12 05:39:44 - [TEST_STEP][PASSED] - Statement - If (Status == "Pending-RDApproval"): com.helper.commonfunct.BEP_CommonMethod.RDapprove is PASSED

2018-07-12 05:39:44 - [TEST_STEP][PASSED] - Statement - If (RDRecall == false): com.helper.commonfunct.BEP_CommonMethod.RDapprove is PASSED

2018-07-12 05:39:44 - [TEST_STEP][PASSED] - Statement - If (RouteToRL == true): com.helper.commonfunct.BEP_CommonMethod.RDapprove is PASSED

2018-07-12 05:39:44 - [TEST_STEP][PASSED] - com.helper.commonfunct.commonutilities.login: com.helper.commonfunct.commonutilities.login is PASSED

2018-07-12 05:39:44 - [MESSAGE][WARNING] - A browser is already opened. Closing browser and opening a new one

2018-07-12 05:39:57 - [MESSAGE][PASSED] - Browser is opened with url: ''

2018-07-12 05:40:00 - [MESSAGE][PASSED] - Navigate to 'https://vdaqa.rpega.com:9030/daqa/PRServlet' successfully

2018-07-12 05:40:13 - [MESSAGE][PASSED] - Text 'waink@pegasystems.com' is set on object 'Object Repository/Generic/input_UserIdentifier'

2018-07-12 05:40:25 - [MESSAGE][PASSED] - Text 'install' is set on object 'Object Repository/Generic/input_Password'

2018-07-12 05:40:33 - [MESSAGE][PASSED] - Keys 'ENTER + ' sent to object: 'Object Repository/Generic/input_Password'

2018-07-12 05:40:33 - [MESSAGE][PASSED] - com.helper.commonfunct.commonutilities.login is PASSED

2018-07-12 05:40:33 - [TEST_STEP][PASSED] - com.helper.commonfunct.commonutilities.search: com.helper.commonfunct.commonutilities.search is PASSED

2018-07-12 05:40:38 - [MESSAGE][PASSED] - Current window maximized

2018-07-12 05:40:43 - [MESSAGE][PASSED] - Delayed 5 second(s)

2018-07-12 05:40:55 - [MESSAGE][PASSED] - Text 'BEP-12Jul2018-18' is set on object 'Object Repository/EngInfo/search'

2018-07-12 05:40:58 - [MESSAGE][PASSED] - Delayed 3 second(s)

2018-07-12 05:41:04 - [MESSAGE][PASSED] - Keys 'ENTER + ' sent to object: 'Object Repository/EngInfo/search'

2018-07-12 05:41:11 - [MESSAGE][WARNING] - No alert found after 3 second(s).
[[ATTACHMENT|C:\\DAUIAutomation\\Reports\\Estimate\\20180712_020650\\1531388467842.png]]

2018-07-12 05:41:14 - [MESSAGE][PASSED] - Wait for page load successfully

2018-07-12 05:41:14 - [MESSAGE][PASSED] - com.helper.commonfunct.commonutilities.search is PASSED

2018-07-12 05:41:14 - [TEST_STEP][PASSED] - com.helper.commonfunct.BEP_CommonMethod.RDapprove: com.helper.commonfunct.BEP_CommonMethod.RDapprove is PASSED

2018-07-12 05:41:19 - [MESSAGE][PASSED] - Delayed 5 second(s)

2018-07-12 05:41:35 - [MESSAGE][PASSED] - Delayed 7 second(s)

2018-07-12 05:41:43 - [MESSAGE][PASSED] - Delayed 5 second(s)

2018-07-12 05:41:49 - [MESSAGE][PASSED] - Wait for page load successfully

2018-07-12 05:41:52 - [MESSAGE][PASSED] - Wait for page load successfully

2018-07-12 05:41:55 - [MESSAGE][PASSED] - Wait for page load successfully

2018-07-12 05:42:14 - [MESSAGE][PASSED] - Scroll to object 'Object Repository/Generic/NEXT_BUTTON' successfully

2018-07-12 05:42:20 - [MESSAGE][PASSED] - Object: 'Object Repository/Generic/NEXT_BUTTON' is clicked on

2018-07-12 05:42:25 - [MESSAGE][PASSED] - Delayed 5 second(s)

2018-07-12 05:42:31 - [MESSAGE][PASSED] - Scroll to object 'Object Repository/BEP/Generic/RD_RLApprove' successfully

2018-07-12 05:42:38 - [MESSAGE][PASSED] - Object: 'Object Repository/BEP/Generic/RD_RLApprove' is clicked on

2018-07-12 05:42:43 - [MESSAGE][PASSED] - Delayed 5 second(s)

2018-07-12 05:42:55 - [MESSAGE][PASSED] - Text 'Software Testing' is set on object 'Object Repository/BEP/Generic/BEP_CASENOTES'

2018-07-12 05:43:00 - [MESSAGE][PASSED] - Delayed 5 second(s)

2018-07-12 05:43:06 - [MESSAGE][PASSED] - Scroll to object 'Object Repository/BEP/Generic/FINISH_ASSIGNMENT' successfully

2018-07-12 05:43:15 - [MESSAGE][PASSED] - Wait for page load successfully

2018-07-12 05:43:15 - [MESSAGE][PASSED] - com.helper.commonfunct.BEP_CommonMethod.RDapprove is PASSED

2018-07-12 05:43:15 - [TEST_STEP][PASSED] - com.helper.commonfunct.commonutilities.searchStatus: com.helper.commonfunct.commonutilities.searchStatus is PASSED

2018-07-12 05:43:18 - [MESSAGE][PASSED] - Wait for page load successfully

2018-07-12 05:43:38 - [MESSAGE][PASSED] - Delayed 2 second(s)

2018-07-12 05:43:46 - [MESSAGE][PASSED] - Delayed 2 second(s)

2018-07-12 05:43:55 - [MESSAGE][PASSED] - com.helper.commonfunct.commonutilities.searchStatus is PASSED

2018-07-12 05:43:55 - [TEST_STEP][PASSED] - Statement - Status = text: null

2018-07-12 05:43:58 - [TEST_STEP][PASSED] - Statement - println(Status): null

2018-07-12 05:43:58 - [TEST_STEP][PASSED] - Statement - If (Status == "Pending-RDApproval"): null

2018-07-12 05:43:58 - [TEST_STEP][PASSED] - Statement - Else If (Status == "Pending-RLApproval"): com.helper.commonfunct.BEP_CommonMethod.RLapprove is PASSED

2018-07-12 05:43:58 - [TEST_STEP][PASSED] - Statement - If (RLRecall == false): com.helper.commonfunct.BEP_CommonMethod.RLapprove is PASSED

2018-07-12 05:43:58 - [TEST_STEP][PASSED] - com.helper.commonfunct.commonutilities.login: com.helper.commonfunct.commonutilities.login is PASSED

2018-07-12 05:43:58 - [MESSAGE][WARNING] - A browser is already opened. Closing browser and opening a new one

2018-07-12 05:44:11 - [MESSAGE][PASSED] - Browser is opened with url: ''

2018-07-12 05:44:15 - [MESSAGE][PASSED] - Navigate to 'https://vdaqa.rpega.com:9030/daqa/PRServlet' successfully

2018-07-12 05:44:27 - [MESSAGE][PASSED] - Text 'panee@pegasystems.com' is set on object 'Object Repository/Generic/input_UserIdentifier'

2018-07-12 05:44:39 - [MESSAGE][PASSED] - Text 'install' is set on object 'Object Repository/Generic/input_Password'

2018-07-12 05:44:47 - [MESSAGE][PASSED] - Keys 'ENTER + ' sent to object: 'Object Repository/Generic/input_Password'

2018-07-12 05:44:47 - [MESSAGE][PASSED] - com.helper.commonfunct.commonutilities.login is PASSED

2018-07-12 05:44:47 - [TEST_STEP][PASSED] - com.helper.commonfunct.commonutilities.search: com.helper.commonfunct.commonutilities.search is PASSED

2018-07-12 05:44:51 - [MESSAGE][PASSED] - Current window maximized

2018-07-12 05:44:56 - [MESSAGE][PASSED] - Delayed 5 second(s)

2018-07-12 05:45:08 - [MESSAGE][PASSED] - Text 'BEP-12Jul2018-18' is set on object 'Object Repository/EngInfo/search'

2018-07-12 05:45:11 - [MESSAGE][PASSED] - Delayed 3 second(s)

2018-07-12 05:45:17 - [MESSAGE][PASSED] - Keys 'ENTER + ' sent to object: 'Object Repository/EngInfo/search'

2018-07-12 05:45:25 - [MESSAGE][WARNING] - No alert found after 3 second(s).
[[ATTACHMENT|C:\\DAUIAutomation\\Reports\\Estimate\\20180712_020650\\1531388721676.png]]

2018-07-12 05:45:28 - [MESSAGE][PASSED] - Wait for page load successfully

2018-07-12 05:45:28 - [MESSAGE][PASSED] - com.helper.commonfunct.commonutilities.search is PASSED

2018-07-12 05:45:28 - [TEST_STEP][PASSED] - com.helper.commonfunct.BEP_CommonMethod.RLapprove: com.helper.commonfunct.BEP_CommonMethod.RLapprove is PASSED

2018-07-12 05:45:33 - [MESSAGE][PASSED] - Delayed 5 second(s)

2018-07-12 05:45:49 - [MESSAGE][PASSED] - Delayed 7 second(s)

2018-07-12 05:45:57 - [MESSAGE][PASSED] - Delayed 5 second(s)

2018-07-12 05:46:03 - [MESSAGE][PASSED] - Wait for page load successfully

2018-07-12 05:46:06 - [MESSAGE][PASSED] - Wait for page load successfully

2018-07-12 05:46:09 - [MESSAGE][PASSED] - Wait for page load successfully

2018-07-12 05:46:21 - [MESSAGE][PASSED] - Scroll to object 'Object Repository/Generic/NEXT_BUTTON' successfully

2018-07-12 05:46:27 - [MESSAGE][PASSED] - Object: 'Object Repository/Generic/NEXT_BUTTON' is clicked on

2018-07-12 05:46:32 - [MESSAGE][PASSED] - Delayed 5 second(s)

2018-07-12 05:46:32 - [MESSAGE][WARNING] - Timeout '0' is invalid. Using default page load timeout: '30'

2018-07-12 05:46:38 - [MESSAGE][PASSED] - Scroll to object 'Object Repository/BEP/Generic/RD_RLApprove' successfully

2018-07-12 05:46:44 - [MESSAGE][PASSED] - Object: 'Object Repository/BEP/Generic/RD_RLApprove' is clicked on

2018-07-12 05:46:49 - [MESSAGE][PASSED] - Delayed 5 second(s)

2018-07-12 05:47:02 - [MESSAGE][PASSED] - Text 'Software Testing' is set on object 'Object Repository/BEP/Generic/BEP_CASENOTES'

2018-07-12 05:47:07 - [MESSAGE][PASSED] - Delayed 5 second(s)

2018-07-12 05:47:07 - [MESSAGE][WARNING] - Timeout '0' is invalid. Using default page load timeout: '30'

2018-07-12 05:47:13 - [MESSAGE][PASSED] - Scroll to object 'Object Repository/BEP/Generic/FINISH_ASSIGNMENT' successfully

2018-07-12 05:47:24 - [MESSAGE][PASSED] - Delayed 5 second(s)

2018-07-12 05:47:27 - [MESSAGE][PASSED] - Wait for page load successfully

2018-07-12 05:47:27 - [MESSAGE][PASSED] - com.helper.commonfunct.BEP_CommonMethod.RLapprove is PASSED

2018-07-12 05:47:27 - [TEST_STEP][PASSED] - com.helper.commonfunct.commonutilities.searchStatus: com.helper.commonfunct.commonutilities.searchStatus is PASSED

2018-07-12 05:47:30 - [MESSAGE][PASSED] - Wait for page load successfully

2018-07-12 05:47:45 - [MESSAGE][PASSED] - com.helper.commonfunct.commonutilities.searchStatus is PASSED

2018-07-12 05:47:45 - [MESSAGE][PASSED] - Call Test Case 'Test Cases/BEP/Create_Approve_Reject/All_Approval_Recall' successfully]]></system-out>
         <system-err><![CDATA[]]></system-err>
      </testcase>
      <testcase name="Test Cases/BEP/TestCases/TC_CreateBEP_All_Reject" classname="Test Cases/BEP/TestCases/TC_CreateBEP_All_Reject" status="PASSED">
         <system-out><![CDATA[2018-07-12 05:47:45 - [TEST_CASE][PASSED] - Test Cases/BEP/TestCases/TC_CreateBEP_All_Reject: Test Cases/BEP/TestCases/TC_CreateBEP_All_Reject

2018-07-12 05:47:45 - [TEST_STEP][PASSED] - callTestCase: Call Test Case 'Test Cases/BEP/Create_Approve_Reject/Create_BEP_NoOutput' successfully

2018-07-12 05:47:45 - [TEST_CASE][PASSED] - Test Cases/BEP/Create_Approve_Reject/Create_BEP_NoOutput: Test Cases/BEP/Create_Approve_Reject/Create_BEP_NoOutput

2018-07-12 05:47:45 - [TEST_STEP][PASSED] - com.helper.commonfunct.commonutilities.login: com.helper.commonfunct.commonutilities.login is PASSED

2018-07-12 05:47:45 - [MESSAGE][WARNING] - A browser is already opened. Closing browser and opening a new one

2018-07-12 05:47:58 - [MESSAGE][PASSED] - Browser is opened with url: ''

2018-07-12 05:48:02 - [MESSAGE][PASSED] - Navigate to 'https://vdaqa.rpega.com:9030/daqa/PRServlet' successfully

2018-07-12 05:48:14 - [MESSAGE][PASSED] - Text 'hendj@pegasystems.com' is set on object 'Object Repository/Generic/input_UserIdentifier'

2018-07-12 05:48:26 - [MESSAGE][PASSED] - Text 'install' is set on object 'Object Repository/Generic/input_Password'

2018-07-12 05:48:34 - [MESSAGE][PASSED] - Keys 'ENTER + ' sent to object: 'Object Repository/Generic/input_Password'

2018-07-12 05:48:34 - [MESSAGE][PASSED] - com.helper.commonfunct.commonutilities.login is PASSED

2018-07-12 05:48:34 - [TEST_STEP][PASSED] - com.helper.commonfunct.BEP_CommonMethod.Estimate: com.helper.commonfunct.BEP_CommonMethod.Estimate is PASSED

2018-07-12 05:48:39 - [MESSAGE][PASSED] - Current window maximized

2018-07-12 05:48:41 - [MESSAGE][PASSED] - Delayed 2 second(s)

2018-07-12 05:48:47 - [MESSAGE][PASSED] - Object: 'Object Repository/Generic/New' is clicked on

2018-07-12 05:48:51 - [MESSAGE][PASSED] - Delayed 4 second(s)

2018-07-12 05:48:57 - [MESSAGE][PASSED] - Object: 'Object Repository/BEP/Generic/EstimateLink' is clicked on

2018-07-12 05:49:01 - [MESSAGE][PASSED] - Delayed 4 second(s)

2018-07-12 05:49:07 - [MESSAGE][PASSED] - Object: 'Object Repository/ECR/Generic/WOTAB' is clicked on

2018-07-12 05:49:10 - [MESSAGE][PASSED] - Wait for page load successfully

2018-07-12 05:49:21 - [MESSAGE][PASSED] - Delayed 5 second(s)

2018-07-12 05:49:55 - [MESSAGE][WARNING] - Object 'Object Repository/BEP/Generic/import' is not visible after 30 second(s)

2018-07-12 05:50:06 - [MESSAGE][PASSED] - Delayed 5 second(s)

2018-07-12 05:50:12 - [MESSAGE][PASSED] - File 'C:\DAUIAutomation\Data Files\BEP\Estimate.xlsm' sent to object: 'Object Repository/Generic/FilePath'

2018-07-12 05:50:17 - [MESSAGE][PASSED] - Delayed 5 second(s)

2018-07-12 05:50:24 - [MESSAGE][PASSED] - Object: 'Object Repository/Generic/button_Submit' is clicked on

2018-07-12 05:50:34 - [MESSAGE][PASSED] - Delayed 10 second(s)

2018-07-12 05:50:46 - [MESSAGE][PASSED] - Text 'BOFA' is set on object 'Object Repository/Generic/ORG'

2018-07-12 05:50:53 - [MESSAGE][PASSED] - Delayed 7 second(s)

2018-07-12 05:50:59 - [MESSAGE][PASSED] - Keys 'TAB + ' sent to object: 'Object Repository/Generic/ORG'

2018-07-12 05:51:06 - [MESSAGE][PASSED] - Delayed 7 second(s)

2018-07-12 05:51:18 - [MESSAGE][PASSED] - Text 'BOFA' is set on object 'Object Repository/Generic/ACC'

2018-07-12 05:51:25 - [MESSAGE][PASSED] - Delayed 7 second(s)

2018-07-12 05:51:31 - [MESSAGE][PASSED] - Keys 'TAB + ' sent to object: 'Object Repository/Generic/ACC'

2018-07-12 05:51:36 - [MESSAGE][PASSED] - Delayed 5 second(s)

2018-07-12 05:51:44 - [MESSAGE][PASSED] - Text 'The engagement you entered doesn't match' is present on page 

2018-07-12 05:51:56 - [MESSAGE][PASSED] - Text 'AUTOTEST1' is set on object 'Object Repository/Generic/ENG_DESC'

2018-07-12 05:52:01 - [MESSAGE][PASSED] - Delayed 5 second(s)

2018-07-12 05:52:12 - [MESSAGE][PASSED] - Delayed 5 second(s)

2018-07-12 05:52:36 - [MESSAGE][PASSED] - All options with value 'PRD-409' are selected in object 'Object Repository/Generic/PlatformID' 

2018-07-12 05:52:41 - [MESSAGE][PASSED] - Delayed 5 second(s)

2018-07-12 05:53:05 - [MESSAGE][PASSED] - All options with value 'RLS-3176' are selected in object 'Object Repository/Generic/PlatformVersion' 

2018-07-12 05:53:10 - [MESSAGE][PASSED] - Delayed 5 second(s)

2018-07-12 05:53:17 - [MESSAGE][PASSED] - Object: 'Object Repository/Generic/PlatformTrue' is clicked on

2018-07-12 05:53:22 - [MESSAGE][PASSED] - Delayed 5 second(s)

2018-07-12 05:53:43 - [MESSAGE][PASSED] - All options with value 'hendj@pegasystems.com' are selected in object 'Object Repository/EngInfo/PL' 

2018-07-12 05:53:48 - [MESSAGE][PASSED] - Delayed 5 second(s)

2018-07-12 05:53:55 - [MESSAGE][PASSED] - Text 'PL Team Leader' is present on page 

2018-07-12 05:54:16 - [MESSAGE][PASSED] - All options with value 'higgr@pegasystems.com' are selected in object 'Object Repository/EngInfo/PLTL' 

2018-07-12 05:54:21 - [MESSAGE][PASSED] - Delayed 5 second(s)

2018-07-12 05:54:45 - [MESSAGE][PASSED] - All options with value 'waink@pegasystems.com' are selected in object 'Object Repository/EngInfo/RD' 

2018-07-12 05:54:50 - [MESSAGE][PASSED] - Delayed 5 second(s)

2018-07-12 05:55:12 - [MESSAGE][PASSED] - All options with value 'panee@pegasystems.com' are selected in object 'Object Repository/EngInfo/RL' 

2018-07-12 05:55:17 - [MESSAGE][PASSED] - Delayed 5 second(s)

2018-07-12 05:55:23 - [MESSAGE][PASSED] - Scroll to object 'Object Repository/Generic/NEXT_BUTTON' successfully

2018-07-12 05:55:29 - [MESSAGE][PASSED] - Object: 'Object Repository/Generic/NEXT_BUTTON' is clicked on

2018-07-12 05:55:34 - [MESSAGE][PASSED] - Delayed 5 second(s)

2018-07-12 05:55:37 - [MESSAGE][PASSED] - Wait for page load successfully

2018-07-12 05:55:39 - [MESSAGE][PASSED] - Delayed 2 second(s)

2018-07-12 05:55:45 - [MESSAGE][PASSED] - Text of object 'Object Repository/BEP/Generic/DurationLow' is cleared

2018-07-12 05:55:47 - [MESSAGE][PASSED] - Delayed 2 second(s)

2018-07-12 05:55:59 - [MESSAGE][PASSED] - Text '15' is set on object 'Object Repository/BEP/Generic/DurationLow'

2018-07-12 05:56:01 - [MESSAGE][PASSED] - Delayed 2 second(s)

2018-07-12 05:56:07 - [MESSAGE][PASSED] - Text of object 'Object Repository/BEP/Generic/DurationHigh' is cleared

2018-07-12 05:56:09 - [MESSAGE][PASSED] - Delayed 2 second(s)

2018-07-12 05:56:21 - [MESSAGE][PASSED] - Text '15' is set on object 'Object Repository/BEP/Generic/DurationHigh'

2018-07-12 05:56:23 - [MESSAGE][PASSED] - Delayed 2 second(s)

2018-07-12 05:56:29 - [MESSAGE][PASSED] - Text of object 'Object Repository/BEP/Generic/PartnerHoursLow' is cleared

2018-07-12 05:56:31 - [MESSAGE][PASSED] - Delayed 2 second(s)

2018-07-12 05:56:44 - [MESSAGE][PASSED] - Text '15' is set on object 'Object Repository/BEP/Generic/PartnerHoursLow'

2018-07-12 05:56:46 - [MESSAGE][PASSED] - Delayed 2 second(s)

2018-07-12 05:56:52 - [MESSAGE][PASSED] - Text of object 'Object Repository/BEP/Generic/PartnerHoursHigh' is cleared

2018-07-12 05:56:54 - [MESSAGE][PASSED] - Delayed 2 second(s)

2018-07-12 05:57:06 - [MESSAGE][PASSED] - Text '15' is set on object 'Object Repository/BEP/Generic/PartnerHoursHigh'

2018-07-12 05:57:08 - [MESSAGE][PASSED] - Delayed 2 second(s)

2018-07-12 05:57:14 - [MESSAGE][PASSED] - Text of object 'Object Repository/BEP/Generic/Phase1StartDate' is cleared

2018-07-12 05:57:16 - [MESSAGE][PASSED] - Delayed 2 second(s)

2018-07-12 05:57:28 - [MESSAGE][PASSED] - Text '07/14/2018' is set on object 'Object Repository/BEP/Generic/Phase1StartDate'

2018-07-12 05:57:30 - [MESSAGE][PASSED] - Delayed 2 second(s)

2018-07-12 05:57:37 - [MESSAGE][PASSED] - Object: 'Object Repository/BEP/Generic/EstimationMethod' is clicked on

2018-07-12 05:57:42 - [MESSAGE][PASSED] - Delayed 5 second(s)

2018-07-12 05:57:48 - [MESSAGE][PASSED] - Keys 'BSW' sent to object: 'Object Repository/BEP/Generic/EstimationMethod'

2018-07-12 05:57:53 - [MESSAGE][PASSED] - Delayed 5 second(s)

2018-07-12 05:57:59 - [MESSAGE][PASSED] - Scroll to object 'Object Repository/Generic/NEXT_BUTTON' successfully

2018-07-12 05:58:05 - [MESSAGE][PASSED] - Object: 'Object Repository/Generic/NEXT_BUTTON' is clicked on

2018-07-12 05:58:10 - [MESSAGE][PASSED] - Delayed 5 second(s)

2018-07-12 05:58:16 - [MESSAGE][PASSED] - Object: 'Object Repository/BEP/Generic/BEPoutput' is clicked on

2018-07-12 05:58:21 - [MESSAGE][PASSED] - Delayed 5 second(s)

2018-07-12 05:58:45 - [MESSAGE][PASSED] - All options with value 'RFP in process' are selected in object 'Object Repository/BEP/Generic/ReasonCode' 

2018-07-12 05:58:51 - [MESSAGE][PASSED] - Scroll to object 'Object Repository/Generic/NEXT_BUTTON' successfully

2018-07-12 05:58:58 - [MESSAGE][PASSED] - Object: 'Object Repository/Generic/NEXT_BUTTON' is clicked on

2018-07-12 05:59:04 - [MESSAGE][PASSED] - Scroll to object 'Object Repository/Generic/FINISH_BUTTON' successfully

2018-07-12 05:59:10 - [MESSAGE][PASSED] - Object: 'Object Repository/Generic/FINISH_BUTTON' is clicked on

2018-07-12 05:59:16 - [MESSAGE][PASSED] - Wait for page load successfully

2018-07-12 05:59:21 - [MESSAGE][PASSED] - Delayed 5 second(s)

2018-07-12 05:59:27 - [MESSAGE][PASSED] - Text of object 'Object Repository/Generic/WOID' is: 'BEP-12Jul2018-23'

2018-07-12 05:59:27 - [MESSAGE][PASSED] - com.helper.commonfunct.BEP_CommonMethod.Estimate is PASSED

2018-07-12 05:59:27 - [TEST_STEP][PASSED] - com.helper.commonfunct.commonutilities.searchStatus: com.helper.commonfunct.commonutilities.searchStatus is PASSED

2018-07-12 05:59:30 - [MESSAGE][PASSED] - Wait for page load successfully

2018-07-12 05:59:51 - [MESSAGE][PASSED] - Delayed 2 second(s)

2018-07-12 05:59:59 - [MESSAGE][PASSED] - Delayed 2 second(s)

2018-07-12 06:00:08 - [MESSAGE][PASSED] - com.helper.commonfunct.commonutilities.searchStatus is PASSED

2018-07-12 06:00:08 - [MESSAGE][PASSED] - Call Test Case 'Test Cases/BEP/Create_Approve_Reject/Create_BEP_NoOutput' successfully

2018-07-12 06:00:08 - [TEST_STEP][PASSED] - com.helper.commonfunct.commonutilities.setprop: com.helper.commonfunct.commonutilities.setprop is PASSED

2018-07-12 06:00:08 - [MESSAGE][PASSED] - com.helper.commonfunct.commonutilities.setprop is PASSED

2018-07-12 06:00:08 - [TEST_STEP][PASSED] - callTestCase: Call Test Case 'Test Cases/BEP/Create_Approve_Reject/All_Approval_Reject' successfully

2018-07-12 06:00:08 - [TEST_CASE][PASSED] - Test Cases/BEP/Create_Approve_Reject/All_Approval_Reject: Test Cases/BEP/Create_Approve_Reject/All_Approval_Reject

2018-07-12 06:00:08 - [TEST_STEP][NOT_RUN] - com.helper.commonfunct.commonutilities.login: NOT_RUN: com.helper.commonfunct.commonutilities.login

2018-07-12 06:00:08 - [MESSAGE][NOT_RUN] - NOT_RUN: com.helper.commonfunct.commonutilities.login

2018-07-12 06:00:08 - [TEST_STEP][NOT_RUN] - com.helper.commonfunct.commonutilities.search: NOT_RUN: com.helper.commonfunct.commonutilities.search

2018-07-12 06:00:08 - [MESSAGE][NOT_RUN] - NOT_RUN: com.helper.commonfunct.commonutilities.search

2018-07-12 06:00:08 - [TEST_STEP][NOT_RUN] - switchToFrame: NOT_RUN: switchToFrame

2018-07-12 06:00:08 - [MESSAGE][NOT_RUN] - NOT_RUN: switchToFrame

2018-07-12 06:00:08 - [TEST_STEP][NOT_RUN] - com.helper.commonfunct.commonutilities.setprop: NOT_RUN: com.helper.commonfunct.commonutilities.setprop

2018-07-12 06:00:08 - [MESSAGE][NOT_RUN] - NOT_RUN: com.helper.commonfunct.commonutilities.setprop

2018-07-12 06:00:08 - [TEST_STEP][PASSED] - Statement - While (WOSTATUS.contains("PENDING") && AssignmentList.size() > 0): com.helper.commonfunct.commonutilities.searchStatus is PASSED

2018-07-12 06:00:08 - [TEST_STEP][PASSED] - Statement - Status = text: null

2018-07-12 06:00:11 - [TEST_STEP][PASSED] - Statement - println(Status): null

2018-07-12 06:00:11 - [TEST_STEP][PASSED] - Statement - If (Status == "Pending-RDApproval"): null

2018-07-12 06:00:11 - [TEST_STEP][PASSED] - Statement - If (RDReject == false): null

2018-07-12 06:00:11 - [TEST_STEP][PASSED] - Statement - Else: null

2018-07-12 06:00:11 - [TEST_STEP][PASSED] - com.helper.commonfunct.commonutilities.login: com.helper.commonfunct.commonutilities.login is PASSED

2018-07-12 06:00:11 - [MESSAGE][WARNING] - A browser is already opened. Closing browser and opening a new one

2018-07-12 06:00:24 - [MESSAGE][PASSED] - Browser is opened with url: ''

2018-07-12 06:00:27 - [MESSAGE][PASSED] - Navigate to 'https://vdaqa.rpega.com:9030/daqa/PRServlet' successfully

2018-07-12 06:00:39 - [MESSAGE][PASSED] - Text 'waink@pegasystems.com' is set on object 'Object Repository/Generic/input_UserIdentifier'

2018-07-12 06:00:51 - [MESSAGE][PASSED] - Text 'install' is set on object 'Object Repository/Generic/input_Password'

2018-07-12 06:00:59 - [MESSAGE][PASSED] - Keys 'ENTER + ' sent to object: 'Object Repository/Generic/input_Password'

2018-07-12 06:00:59 - [MESSAGE][PASSED] - com.helper.commonfunct.commonutilities.login is PASSED

2018-07-12 06:00:59 - [TEST_STEP][PASSED] - com.helper.commonfunct.commonutilities.search: com.helper.commonfunct.commonutilities.search is PASSED

2018-07-12 06:01:04 - [MESSAGE][PASSED] - Current window maximized

2018-07-12 06:01:09 - [MESSAGE][PASSED] - Delayed 5 second(s)

2018-07-12 06:01:21 - [MESSAGE][PASSED] - Text 'BEP-12Jul2018-23' is set on object 'Object Repository/EngInfo/search'

2018-07-12 06:01:24 - [MESSAGE][PASSED] - Delayed 3 second(s)

2018-07-12 06:01:30 - [MESSAGE][PASSED] - Keys 'ENTER + ' sent to object: 'Object Repository/EngInfo/search'

2018-07-12 06:01:37 - [MESSAGE][WARNING] - No alert found after 3 second(s).
[[ATTACHMENT|C:\\DAUIAutomation\\Reports\\Estimate\\20180712_020650\\1531389694137.png]]

2018-07-12 06:01:40 - [MESSAGE][PASSED] - Wait for page load successfully

2018-07-12 06:01:40 - [MESSAGE][PASSED] - com.helper.commonfunct.commonutilities.search is PASSED

2018-07-12 06:01:40 - [TEST_STEP][PASSED] - com.helper.commonfunct.BEP_CommonMethod.RDReject: com.helper.commonfunct.BEP_CommonMethod.RDReject is PASSED

2018-07-12 06:01:45 - [MESSAGE][PASSED] - Delayed 5 second(s)

2018-07-12 06:02:01 - [MESSAGE][PASSED] - Delayed 7 second(s)

2018-07-12 06:02:09 - [MESSAGE][PASSED] - Delayed 5 second(s)

2018-07-12 06:02:15 - [MESSAGE][PASSED] - Wait for page load successfully

2018-07-12 06:02:18 - [MESSAGE][PASSED] - Wait for page load successfully

2018-07-12 06:02:23 - [MESSAGE][PASSED] - Delayed 5 second(s)

2018-07-12 06:02:35 - [MESSAGE][PASSED] - Scroll to object 'Object Repository/Generic/NEXT_BUTTON' successfully

2018-07-12 06:02:42 - [MESSAGE][PASSED] - Object: 'Object Repository/Generic/NEXT_BUTTON' is clicked on

2018-07-12 06:02:47 - [MESSAGE][PASSED] - Delayed 5 second(s)

2018-07-12 06:02:47 - [MESSAGE][WARNING] - Timeout '0' is invalid. Using default page load timeout: '30'

2018-07-12 06:02:53 - [MESSAGE][PASSED] - Scroll to object 'Object Repository/BEP/Generic/RD_RL_REJECT' successfully

2018-07-12 06:02:59 - [MESSAGE][PASSED] - Object: 'Object Repository/BEP/Generic/RD_RL_REJECT' is clicked on

2018-07-12 06:03:04 - [MESSAGE][PASSED] - Delayed 5 second(s)

2018-07-12 06:03:16 - [MESSAGE][PASSED] - Text 'Software Testing' is set on object 'Object Repository/BEP/Generic/BEP_CASENOTES'

2018-07-12 06:03:21 - [MESSAGE][PASSED] - Delayed 5 second(s)

2018-07-12 06:03:21 - [MESSAGE][WARNING] - Timeout '0' is invalid. Using default page load timeout: '30'

2018-07-12 06:03:27 - [MESSAGE][PASSED] - Scroll to object 'Object Repository/BEP/Generic/FINISH_ASSIGNMENT' successfully

2018-07-12 06:03:36 - [MESSAGE][PASSED] - Wait for page load successfully

2018-07-12 06:03:36 - [MESSAGE][PASSED] - com.helper.commonfunct.BEP_CommonMethod.RDReject is PASSED

2018-07-12 06:03:36 - [TEST_STEP][PASSED] - Statement - RDReject = false: null

2018-07-12 06:03:36 - [TEST_STEP][PASSED] - Statement - print(RDReject): null

2018-07-12 06:03:36 - [TEST_STEP][PASSED] - com.helper.commonfunct.commonutilities.searchStatus: com.helper.commonfunct.commonutilities.searchStatus is PASSED

2018-07-12 06:03:39 - [MESSAGE][PASSED] - Wait for page load successfully

2018-07-12 06:03:59 - [MESSAGE][PASSED] - Delayed 2 second(s)

2018-07-12 06:04:07 - [MESSAGE][PASSED] - Delayed 2 second(s)

2018-07-12 06:04:16 - [MESSAGE][PASSED] - com.helper.commonfunct.commonutilities.searchStatus is PASSED

2018-07-12 06:04:16 - [TEST_STEP][PASSED] - Statement - Status = text: null

2018-07-12 06:04:20 - [TEST_STEP][PASSED] - Statement - println(Status): null

2018-07-12 06:04:20 - [TEST_STEP][PASSED] - Statement - If (Status == "Pending-RDApproval"): null

2018-07-12 06:04:20 - [TEST_STEP][PASSED] - Statement - Else If (Status == "Pending-RLApproval"): null

2018-07-12 06:04:20 - [TEST_STEP][PASSED] - Statement - Else If (Status == "Pending-Update"): com.helper.commonfunct.BEP_CommonMethod.Update is PASSED

2018-07-12 06:04:20 - [TEST_STEP][PASSED] - com.helper.commonfunct.commonutilities.login: com.helper.commonfunct.commonutilities.login is PASSED

2018-07-12 06:04:20 - [MESSAGE][WARNING] - A browser is already opened. Closing browser and opening a new one

2018-07-12 06:04:32 - [MESSAGE][PASSED] - Browser is opened with url: ''

2018-07-12 06:04:36 - [MESSAGE][PASSED] - Navigate to 'https://vdaqa.rpega.com:9030/daqa/PRServlet' successfully

2018-07-12 06:04:48 - [MESSAGE][PASSED] - Text 'hendj@pegasystems.com' is set on object 'Object Repository/Generic/input_UserIdentifier'

2018-07-12 06:05:00 - [MESSAGE][PASSED] - Text 'install' is set on object 'Object Repository/Generic/input_Password'

2018-07-12 06:05:09 - [MESSAGE][PASSED] - Keys 'ENTER + ' sent to object: 'Object Repository/Generic/input_Password'

2018-07-12 06:05:09 - [MESSAGE][PASSED] - com.helper.commonfunct.commonutilities.login is PASSED

2018-07-12 06:05:09 - [TEST_STEP][PASSED] - com.helper.commonfunct.commonutilities.search: com.helper.commonfunct.commonutilities.search is PASSED

2018-07-12 06:05:13 - [MESSAGE][PASSED] - Current window maximized

2018-07-12 06:05:18 - [MESSAGE][PASSED] - Delayed 5 second(s)

2018-07-12 06:05:31 - [MESSAGE][PASSED] - Text 'BEP-12Jul2018-23' is set on object 'Object Repository/EngInfo/search'

2018-07-12 06:05:34 - [MESSAGE][PASSED] - Delayed 3 second(s)

2018-07-12 06:05:40 - [MESSAGE][PASSED] - Keys 'ENTER + ' sent to object: 'Object Repository/EngInfo/search'

2018-07-12 06:05:47 - [MESSAGE][WARNING] - No alert found after 3 second(s).
[[ATTACHMENT|C:\\DAUIAutomation\\Reports\\Estimate\\20180712_020650\\1531389943931.png]]

2018-07-12 06:05:50 - [MESSAGE][PASSED] - Wait for page load successfully

2018-07-12 06:05:50 - [MESSAGE][PASSED] - com.helper.commonfunct.commonutilities.search is PASSED

2018-07-12 06:05:50 - [TEST_STEP][PASSED] - com.helper.commonfunct.BEP_CommonMethod.Update: com.helper.commonfunct.BEP_CommonMethod.Update is PASSED

2018-07-12 06:05:55 - [MESSAGE][PASSED] - Delayed 5 second(s)

2018-07-12 06:06:11 - [MESSAGE][PASSED] - Delayed 7 second(s)

2018-07-12 06:06:19 - [MESSAGE][PASSED] - Delayed 5 second(s)

2018-07-12 06:06:25 - [MESSAGE][PASSED] - Wait for page load successfully

2018-07-12 06:06:28 - [MESSAGE][PASSED] - Wait for page load successfully

2018-07-12 06:06:31 - [MESSAGE][PASSED] - Wait for page load successfully

2018-07-12 06:06:43 - [MESSAGE][PASSED] - Scroll to object 'Object Repository/Generic/NEXT_BUTTON' successfully

2018-07-12 06:06:50 - [MESSAGE][PASSED] - Object: 'Object Repository/Generic/NEXT_BUTTON' is clicked on

2018-07-12 06:06:55 - [MESSAGE][PASSED] - Delayed 5 second(s)

2018-07-12 06:07:01 - [MESSAGE][PASSED] - Object: 'Object Repository/Generic/NEXT_BUTTON' is clicked on

2018-07-12 06:07:13 - [MESSAGE][PASSED] - Text 'Software Testing' is set on object 'Object Repository/BEP/Generic/BEP_CASENOTES'

2018-07-12 06:07:18 - [MESSAGE][PASSED] - Delayed 5 second(s)

2018-07-12 06:07:24 - [MESSAGE][PASSED] - Object: 'Object Repository/Generic/NEXT_BUTTON' is clicked on

2018-07-12 06:07:24 - [MESSAGE][WARNING] - Timeout '0' is invalid. Using default page load timeout: '30'

2018-07-12 06:07:30 - [MESSAGE][PASSED] - Scroll to object 'Object Repository/BEP/Generic/FINISH_ASSIGNMENT' successfully

2018-07-12 06:07:41 - [MESSAGE][PASSED] - Delayed 5 second(s)

2018-07-12 06:07:41 - [MESSAGE][PASSED] - com.helper.commonfunct.BEP_CommonMethod.Update is PASSED

2018-07-12 06:07:41 - [TEST_STEP][PASSED] - com.helper.commonfunct.commonutilities.searchStatus: com.helper.commonfunct.commonutilities.searchStatus is PASSED

2018-07-12 06:07:44 - [MESSAGE][PASSED] - Wait for page load successfully

2018-07-12 06:08:04 - [MESSAGE][PASSED] - Delayed 2 second(s)

2018-07-12 06:08:12 - [MESSAGE][PASSED] - Delayed 2 second(s)

2018-07-12 06:08:21 - [MESSAGE][PASSED] - com.helper.commonfunct.commonutilities.searchStatus is PASSED

2018-07-12 06:08:21 - [TEST_STEP][PASSED] - Statement - Status = text: null

2018-07-12 06:08:24 - [TEST_STEP][PASSED] - Statement - println(Status): null

2018-07-12 06:08:24 - [TEST_STEP][PASSED] - Statement - If (Status == "Pending-RDApproval"): com.helper.commonfunct.BEP_CommonMethod.RDapprove is PASSED

2018-07-12 06:08:24 - [TEST_STEP][PASSED] - Statement - If (RDReject == false): com.helper.commonfunct.BEP_CommonMethod.RDapprove is PASSED

2018-07-12 06:08:24 - [TEST_STEP][PASSED] - Statement - If (RouteToRL == true): com.helper.commonfunct.BEP_CommonMethod.RDapprove is PASSED

2018-07-12 06:08:24 - [TEST_STEP][PASSED] - com.helper.commonfunct.commonutilities.login: com.helper.commonfunct.commonutilities.login is PASSED

2018-07-12 06:08:24 - [MESSAGE][WARNING] - A browser is already opened. Closing browser and opening a new one

2018-07-12 06:08:37 - [MESSAGE][PASSED] - Browser is opened with url: ''

2018-07-12 06:08:41 - [MESSAGE][PASSED] - Navigate to 'https://vdaqa.rpega.com:9030/daqa/PRServlet' successfully

2018-07-12 06:08:53 - [MESSAGE][PASSED] - Text 'waink@pegasystems.com' is set on object 'Object Repository/Generic/input_UserIdentifier'

2018-07-12 06:09:05 - [MESSAGE][PASSED] - Text 'install' is set on object 'Object Repository/Generic/input_Password'

2018-07-12 06:09:13 - [MESSAGE][PASSED] - Keys 'ENTER + ' sent to object: 'Object Repository/Generic/input_Password'

2018-07-12 06:09:13 - [MESSAGE][PASSED] - com.helper.commonfunct.commonutilities.login is PASSED

2018-07-12 06:09:13 - [TEST_STEP][PASSED] - com.helper.commonfunct.commonutilities.search: com.helper.commonfunct.commonutilities.search is PASSED

2018-07-12 06:09:17 - [MESSAGE][PASSED] - Current window maximized

2018-07-12 06:09:22 - [MESSAGE][PASSED] - Delayed 5 second(s)

2018-07-12 06:09:34 - [MESSAGE][PASSED] - Text 'BEP-12Jul2018-23' is set on object 'Object Repository/EngInfo/search'

2018-07-12 06:09:37 - [MESSAGE][PASSED] - Delayed 3 second(s)

2018-07-12 06:09:43 - [MESSAGE][PASSED] - Keys 'ENTER + ' sent to object: 'Object Repository/EngInfo/search'

2018-07-12 06:09:50 - [MESSAGE][WARNING] - No alert found after 3 second(s).
[[ATTACHMENT|C:\\DAUIAutomation\\Reports\\Estimate\\20180712_020650\\1531390187282.png]]

2018-07-12 06:09:53 - [MESSAGE][PASSED] - Wait for page load successfully

2018-07-12 06:09:53 - [MESSAGE][PASSED] - com.helper.commonfunct.commonutilities.search is PASSED

2018-07-12 06:09:53 - [TEST_STEP][PASSED] - com.helper.commonfunct.BEP_CommonMethod.RDapprove: com.helper.commonfunct.BEP_CommonMethod.RDapprove is PASSED

2018-07-12 06:09:58 - [MESSAGE][PASSED] - Delayed 5 second(s)

2018-07-12 06:10:14 - [MESSAGE][PASSED] - Delayed 7 second(s)

2018-07-12 06:10:22 - [MESSAGE][PASSED] - Delayed 5 second(s)

2018-07-12 06:10:28 - [MESSAGE][PASSED] - Wait for page load successfully

2018-07-12 06:10:31 - [MESSAGE][PASSED] - Wait for page load successfully

2018-07-12 06:10:34 - [MESSAGE][PASSED] - Wait for page load successfully

2018-07-12 06:10:47 - [MESSAGE][PASSED] - Scroll to object 'Object Repository/Generic/NEXT_BUTTON' successfully

2018-07-12 06:10:53 - [MESSAGE][PASSED] - Object: 'Object Repository/Generic/NEXT_BUTTON' is clicked on

2018-07-12 06:10:58 - [MESSAGE][PASSED] - Delayed 5 second(s)

2018-07-12 06:11:04 - [MESSAGE][PASSED] - Scroll to object 'Object Repository/BEP/Generic/RD_RLApprove' successfully

2018-07-12 06:11:10 - [MESSAGE][PASSED] - Object: 'Object Repository/BEP/Generic/RD_RLApprove' is clicked on

2018-07-12 06:11:15 - [MESSAGE][PASSED] - Delayed 5 second(s)

2018-07-12 06:11:27 - [MESSAGE][PASSED] - Text 'Software Testing' is set on object 'Object Repository/BEP/Generic/BEP_CASENOTES'

2018-07-12 06:11:32 - [MESSAGE][PASSED] - Delayed 5 second(s)

2018-07-12 06:11:38 - [MESSAGE][PASSED] - Scroll to object 'Object Repository/BEP/Generic/FINISH_ASSIGNMENT' successfully

2018-07-12 06:11:47 - [MESSAGE][PASSED] - Wait for page load successfully

2018-07-12 06:11:47 - [MESSAGE][PASSED] - com.helper.commonfunct.BEP_CommonMethod.RDapprove is PASSED

2018-07-12 06:11:47 - [TEST_STEP][PASSED] - com.helper.commonfunct.commonutilities.searchStatus: com.helper.commonfunct.commonutilities.searchStatus is PASSED

2018-07-12 06:11:50 - [MESSAGE][PASSED] - Wait for page load successfully

2018-07-12 06:12:11 - [MESSAGE][PASSED] - Delayed 2 second(s)

2018-07-12 06:12:19 - [MESSAGE][PASSED] - Delayed 2 second(s)

2018-07-12 06:12:28 - [MESSAGE][PASSED] - com.helper.commonfunct.commonutilities.searchStatus is PASSED

2018-07-12 06:12:28 - [TEST_STEP][PASSED] - Statement - Status = text: null

2018-07-12 06:12:31 - [TEST_STEP][PASSED] - Statement - println(Status): null

2018-07-12 06:12:31 - [TEST_STEP][PASSED] - Statement - If (Status == "Pending-RDApproval"): null

2018-07-12 06:12:31 - [TEST_STEP][PASSED] - Statement - Else If (Status == "Pending-RLApproval"): null

2018-07-12 06:12:31 - [TEST_STEP][PASSED] - Statement - If (RLReject == false): null

2018-07-12 06:12:31 - [TEST_STEP][PASSED] - Statement - Else: null

2018-07-12 06:12:31 - [TEST_STEP][PASSED] - com.helper.commonfunct.commonutilities.login: com.helper.commonfunct.commonutilities.login is PASSED

2018-07-12 06:12:31 - [MESSAGE][WARNING] - A browser is already opened. Closing browser and opening a new one

2018-07-12 06:12:44 - [MESSAGE][PASSED] - Browser is opened with url: ''

2018-07-12 06:12:47 - [MESSAGE][PASSED] - Navigate to 'https://vdaqa.rpega.com:9030/daqa/PRServlet' successfully

2018-07-12 06:12:59 - [MESSAGE][PASSED] - Text 'panee@pegasystems.com' is set on object 'Object Repository/Generic/input_UserIdentifier'

2018-07-12 06:13:11 - [MESSAGE][PASSED] - Text 'install' is set on object 'Object Repository/Generic/input_Password'

2018-07-12 06:13:19 - [MESSAGE][PASSED] - Keys 'ENTER + ' sent to object: 'Object Repository/Generic/input_Password'

2018-07-12 06:13:19 - [MESSAGE][PASSED] - com.helper.commonfunct.commonutilities.login is PASSED

2018-07-12 06:13:19 - [TEST_STEP][PASSED] - com.helper.commonfunct.commonutilities.search: com.helper.commonfunct.commonutilities.search is PASSED

2018-07-12 06:13:23 - [MESSAGE][PASSED] - Current window maximized

2018-07-12 06:13:28 - [MESSAGE][PASSED] - Delayed 5 second(s)

2018-07-12 06:13:41 - [MESSAGE][PASSED] - Text 'BEP-12Jul2018-23' is set on object 'Object Repository/EngInfo/search'

2018-07-12 06:13:44 - [MESSAGE][PASSED] - Delayed 3 second(s)

2018-07-12 06:13:50 - [MESSAGE][PASSED] - Keys 'ENTER + ' sent to object: 'Object Repository/EngInfo/search'

2018-07-12 06:13:57 - [MESSAGE][WARNING] - No alert found after 3 second(s).
[[ATTACHMENT|C:\\DAUIAutomation\\Reports\\Estimate\\20180712_020650\\1531390433818.png]]

2018-07-12 06:14:00 - [MESSAGE][PASSED] - Wait for page load successfully

2018-07-12 06:14:00 - [MESSAGE][PASSED] - com.helper.commonfunct.commonutilities.search is PASSED

2018-07-12 06:14:00 - [TEST_STEP][PASSED] - com.helper.commonfunct.BEP_CommonMethod.RLreject: com.helper.commonfunct.BEP_CommonMethod.RLreject is PASSED

2018-07-12 06:14:05 - [MESSAGE][PASSED] - Delayed 5 second(s)

2018-07-12 06:14:21 - [MESSAGE][PASSED] - Delayed 7 second(s)

2018-07-12 06:14:29 - [MESSAGE][PASSED] - Delayed 5 second(s)

2018-07-12 06:14:35 - [MESSAGE][PASSED] - Wait for page load successfully

2018-07-12 06:14:38 - [MESSAGE][PASSED] - Wait for page load successfully

2018-07-12 06:14:41 - [MESSAGE][PASSED] - Wait for page load successfully

2018-07-12 06:14:53 - [MESSAGE][PASSED] - Scroll to object 'Object Repository/Generic/NEXT_BUTTON' successfully

2018-07-12 06:14:59 - [MESSAGE][PASSED] - Object: 'Object Repository/Generic/NEXT_BUTTON' is clicked on

2018-07-12 06:15:04 - [MESSAGE][PASSED] - Delayed 5 second(s)

2018-07-12 06:15:04 - [MESSAGE][WARNING] - Timeout '0' is invalid. Using default page load timeout: '30'

2018-07-12 06:15:10 - [MESSAGE][PASSED] - Scroll to object 'Object Repository/BEP/Generic/RD_RL_REJECT' successfully

2018-07-12 06:15:16 - [MESSAGE][PASSED] - Object: 'Object Repository/BEP/Generic/RD_RL_REJECT' is clicked on

2018-07-12 06:15:21 - [MESSAGE][PASSED] - Delayed 5 second(s)

2018-07-12 06:15:34 - [MESSAGE][PASSED] - Text 'Software Testing' is set on object 'Object Repository/BEP/Generic/BEP_CASENOTES'

2018-07-12 06:15:39 - [MESSAGE][PASSED] - Delayed 5 second(s)

2018-07-12 06:15:39 - [MESSAGE][WARNING] - Timeout '0' is invalid. Using default page load timeout: '30'

2018-07-12 06:15:45 - [MESSAGE][PASSED] - Scroll to object 'Object Repository/BEP/Generic/FINISH_ASSIGNMENT' successfully

2018-07-12 06:15:56 - [MESSAGE][PASSED] - Delayed 5 second(s)

2018-07-12 06:15:56 - [MESSAGE][PASSED] - com.helper.commonfunct.BEP_CommonMethod.RLreject is PASSED

2018-07-12 06:15:56 - [TEST_STEP][PASSED] - Statement - RLReject = false: null

2018-07-12 06:15:56 - [TEST_STEP][PASSED] - Statement - print(RLReject): null

2018-07-12 06:15:56 - [TEST_STEP][PASSED] - com.helper.commonfunct.commonutilities.searchStatus: com.helper.commonfunct.commonutilities.searchStatus is PASSED

2018-07-12 06:15:59 - [MESSAGE][PASSED] - Wait for page load successfully

2018-07-12 06:16:19 - [MESSAGE][PASSED] - Delayed 2 second(s)

2018-07-12 06:16:27 - [MESSAGE][PASSED] - Delayed 2 second(s)

2018-07-12 06:16:36 - [MESSAGE][PASSED] - com.helper.commonfunct.commonutilities.searchStatus is PASSED

2018-07-12 06:16:36 - [TEST_STEP][PASSED] - Statement - Status = text: null

2018-07-12 06:16:39 - [TEST_STEP][PASSED] - Statement - println(Status): null

2018-07-12 06:16:39 - [TEST_STEP][PASSED] - Statement - If (Status == "Pending-RDApproval"): null

2018-07-12 06:16:39 - [TEST_STEP][PASSED] - Statement - Else If (Status == "Pending-RLApproval"): null

2018-07-12 06:16:39 - [TEST_STEP][PASSED] - Statement - Else If (Status == "Pending-Update"): com.helper.commonfunct.BEP_CommonMethod.Update is PASSED

2018-07-12 06:16:39 - [TEST_STEP][PASSED] - com.helper.commonfunct.commonutilities.login: com.helper.commonfunct.commonutilities.login is PASSED

2018-07-12 06:16:39 - [MESSAGE][WARNING] - A browser is already opened. Closing browser and opening a new one

2018-07-12 06:16:52 - [MESSAGE][PASSED] - Browser is opened with url: ''

2018-07-12 06:16:55 - [MESSAGE][PASSED] - Navigate to 'https://vdaqa.rpega.com:9030/daqa/PRServlet' successfully

2018-07-12 06:17:08 - [MESSAGE][PASSED] - Text 'hendj@pegasystems.com' is set on object 'Object Repository/Generic/input_UserIdentifier'

2018-07-12 06:17:20 - [MESSAGE][PASSED] - Text 'install' is set on object 'Object Repository/Generic/input_Password'

2018-07-12 06:17:28 - [MESSAGE][PASSED] - Keys 'ENTER + ' sent to object: 'Object Repository/Generic/input_Password'

2018-07-12 06:17:28 - [MESSAGE][PASSED] - com.helper.commonfunct.commonutilities.login is PASSED

2018-07-12 06:17:28 - [TEST_STEP][PASSED] - com.helper.commonfunct.commonutilities.search: com.helper.commonfunct.commonutilities.search is PASSED

2018-07-12 06:17:32 - [MESSAGE][PASSED] - Current window maximized

2018-07-12 06:17:37 - [MESSAGE][PASSED] - Delayed 5 second(s)

2018-07-12 06:17:49 - [MESSAGE][PASSED] - Text 'BEP-12Jul2018-23' is set on object 'Object Repository/EngInfo/search'

2018-07-12 06:17:52 - [MESSAGE][PASSED] - Delayed 3 second(s)

2018-07-12 06:17:58 - [MESSAGE][PASSED] - Keys 'ENTER + ' sent to object: 'Object Repository/EngInfo/search'

2018-07-12 06:18:05 - [MESSAGE][WARNING] - No alert found after 3 second(s).
[[ATTACHMENT|C:\\DAUIAutomation\\Reports\\Estimate\\20180712_020650\\1531390682387.png]]

2018-07-12 06:18:08 - [MESSAGE][PASSED] - Wait for page load successfully

2018-07-12 06:18:08 - [MESSAGE][PASSED] - com.helper.commonfunct.commonutilities.search is PASSED

2018-07-12 06:18:08 - [TEST_STEP][PASSED] - com.helper.commonfunct.BEP_CommonMethod.Update: com.helper.commonfunct.BEP_CommonMethod.Update is PASSED

2018-07-12 06:18:13 - [MESSAGE][PASSED] - Delayed 5 second(s)

2018-07-12 06:18:29 - [MESSAGE][PASSED] - Delayed 7 second(s)

2018-07-12 06:18:37 - [MESSAGE][PASSED] - Delayed 5 second(s)

2018-07-12 06:18:44 - [MESSAGE][PASSED] - Wait for page load successfully

2018-07-12 06:18:47 - [MESSAGE][PASSED] - Wait for page load successfully

2018-07-12 06:18:50 - [MESSAGE][PASSED] - Wait for page load successfully

2018-07-12 06:19:02 - [MESSAGE][PASSED] - Scroll to object 'Object Repository/Generic/NEXT_BUTTON' successfully

2018-07-12 06:19:08 - [MESSAGE][PASSED] - Object: 'Object Repository/Generic/NEXT_BUTTON' is clicked on

2018-07-12 06:19:13 - [MESSAGE][PASSED] - Delayed 5 second(s)

2018-07-12 06:19:19 - [MESSAGE][PASSED] - Object: 'Object Repository/Generic/NEXT_BUTTON' is clicked on

2018-07-12 06:19:31 - [MESSAGE][PASSED] - Text 'Software Testing' is set on object 'Object Repository/BEP/Generic/BEP_CASENOTES'

2018-07-12 06:19:36 - [MESSAGE][PASSED] - Delayed 5 second(s)

2018-07-12 06:19:43 - [MESSAGE][PASSED] - Object: 'Object Repository/Generic/NEXT_BUTTON' is clicked on

2018-07-12 06:19:43 - [MESSAGE][WARNING] - Timeout '0' is invalid. Using default page load timeout: '30'

2018-07-12 06:19:49 - [MESSAGE][PASSED] - Scroll to object 'Object Repository/BEP/Generic/FINISH_ASSIGNMENT' successfully

2018-07-12 06:20:00 - [MESSAGE][PASSED] - Delayed 5 second(s)

2018-07-12 06:20:00 - [MESSAGE][PASSED] - com.helper.commonfunct.BEP_CommonMethod.Update is PASSED

2018-07-12 06:20:00 - [TEST_STEP][PASSED] - com.helper.commonfunct.commonutilities.searchStatus: com.helper.commonfunct.commonutilities.searchStatus is PASSED

2018-07-12 06:20:03 - [MESSAGE][PASSED] - Wait for page load successfully

2018-07-12 06:20:23 - [MESSAGE][PASSED] - Delayed 2 second(s)

2018-07-12 06:20:31 - [MESSAGE][PASSED] - Delayed 2 second(s)

2018-07-12 06:20:40 - [MESSAGE][PASSED] - com.helper.commonfunct.commonutilities.searchStatus is PASSED

2018-07-12 06:20:40 - [TEST_STEP][PASSED] - Statement - Status = text: null

2018-07-12 06:20:43 - [TEST_STEP][PASSED] - Statement - println(Status): null

2018-07-12 06:20:43 - [TEST_STEP][PASSED] - Statement - If (Status == "Pending-RDApproval"): com.helper.commonfunct.BEP_CommonMethod.RDapprove is PASSED

2018-07-12 06:20:43 - [TEST_STEP][PASSED] - Statement - If (RDReject == false): com.helper.commonfunct.BEP_CommonMethod.RDapprove is PASSED

2018-07-12 06:20:43 - [TEST_STEP][PASSED] - Statement - If (RouteToRL == true): com.helper.commonfunct.BEP_CommonMethod.RDapprove is PASSED

2018-07-12 06:20:43 - [TEST_STEP][PASSED] - com.helper.commonfunct.commonutilities.login: com.helper.commonfunct.commonutilities.login is PASSED

2018-07-12 06:20:43 - [MESSAGE][WARNING] - A browser is already opened. Closing browser and opening a new one

2018-07-12 06:20:56 - [MESSAGE][PASSED] - Browser is opened with url: ''

2018-07-12 06:20:59 - [MESSAGE][PASSED] - Navigate to 'https://vdaqa.rpega.com:9030/daqa/PRServlet' successfully

2018-07-12 06:21:11 - [MESSAGE][PASSED] - Text 'waink@pegasystems.com' is set on object 'Object Repository/Generic/input_UserIdentifier'

2018-07-12 06:21:24 - [MESSAGE][PASSED] - Text 'install' is set on object 'Object Repository/Generic/input_Password'

2018-07-12 06:21:32 - [MESSAGE][PASSED] - Keys 'ENTER + ' sent to object: 'Object Repository/Generic/input_Password'

2018-07-12 06:21:32 - [MESSAGE][PASSED] - com.helper.commonfunct.commonutilities.login is PASSED

2018-07-12 06:21:32 - [TEST_STEP][PASSED] - com.helper.commonfunct.commonutilities.search: com.helper.commonfunct.commonutilities.search is PASSED

2018-07-12 06:21:36 - [MESSAGE][PASSED] - Current window maximized

2018-07-12 06:21:41 - [MESSAGE][PASSED] - Delayed 5 second(s)

2018-07-12 06:21:53 - [MESSAGE][PASSED] - Text 'BEP-12Jul2018-23' is set on object 'Object Repository/EngInfo/search'

2018-07-12 06:21:56 - [MESSAGE][PASSED] - Delayed 3 second(s)

2018-07-12 06:22:02 - [MESSAGE][PASSED] - Keys 'ENTER + ' sent to object: 'Object Repository/EngInfo/search'

2018-07-12 06:22:09 - [MESSAGE][WARNING] - No alert found after 3 second(s).
[[ATTACHMENT|C:\\DAUIAutomation\\Reports\\Estimate\\20180712_020650\\1531390926167.png]]

2018-07-12 06:22:12 - [MESSAGE][PASSED] - Wait for page load successfully

2018-07-12 06:22:12 - [MESSAGE][PASSED] - com.helper.commonfunct.commonutilities.search is PASSED

2018-07-12 06:22:12 - [TEST_STEP][PASSED] - com.helper.commonfunct.BEP_CommonMethod.RDapprove: com.helper.commonfunct.BEP_CommonMethod.RDapprove is PASSED

2018-07-12 06:22:17 - [MESSAGE][PASSED] - Delayed 5 second(s)

2018-07-12 06:22:33 - [MESSAGE][PASSED] - Delayed 7 second(s)

2018-07-12 06:22:41 - [MESSAGE][PASSED] - Delayed 5 second(s)

2018-07-12 06:22:47 - [MESSAGE][PASSED] - Wait for page load successfully

2018-07-12 06:22:50 - [MESSAGE][PASSED] - Wait for page load successfully

2018-07-12 06:22:53 - [MESSAGE][PASSED] - Wait for page load successfully

2018-07-12 06:23:05 - [MESSAGE][PASSED] - Scroll to object 'Object Repository/Generic/NEXT_BUTTON' successfully

2018-07-12 06:23:12 - [MESSAGE][PASSED] - Object: 'Object Repository/Generic/NEXT_BUTTON' is clicked on

2018-07-12 06:23:17 - [MESSAGE][PASSED] - Delayed 5 second(s)

2018-07-12 06:23:23 - [MESSAGE][PASSED] - Scroll to object 'Object Repository/BEP/Generic/RD_RLApprove' successfully

2018-07-12 06:23:29 - [MESSAGE][PASSED] - Object: 'Object Repository/BEP/Generic/RD_RLApprove' is clicked on

2018-07-12 06:23:34 - [MESSAGE][PASSED] - Delayed 5 second(s)

2018-07-12 06:23:46 - [MESSAGE][PASSED] - Text 'Software Testing' is set on object 'Object Repository/BEP/Generic/BEP_CASENOTES'

2018-07-12 06:23:51 - [MESSAGE][PASSED] - Delayed 5 second(s)

2018-07-12 06:23:57 - [MESSAGE][PASSED] - Scroll to object 'Object Repository/BEP/Generic/FINISH_ASSIGNMENT' successfully

2018-07-12 06:24:06 - [MESSAGE][PASSED] - Wait for page load successfully

2018-07-12 06:24:06 - [MESSAGE][PASSED] - com.helper.commonfunct.BEP_CommonMethod.RDapprove is PASSED

2018-07-12 06:24:06 - [TEST_STEP][PASSED] - com.helper.commonfunct.commonutilities.searchStatus: com.helper.commonfunct.commonutilities.searchStatus is PASSED

2018-07-12 06:24:09 - [MESSAGE][PASSED] - Wait for page load successfully

2018-07-12 06:24:29 - [MESSAGE][PASSED] - Delayed 2 second(s)

2018-07-12 06:24:37 - [MESSAGE][PASSED] - Delayed 2 second(s)

2018-07-12 06:24:46 - [MESSAGE][PASSED] - com.helper.commonfunct.commonutilities.searchStatus is PASSED

2018-07-12 06:24:46 - [TEST_STEP][PASSED] - Statement - Status = text: null

2018-07-12 06:24:49 - [TEST_STEP][PASSED] - Statement - println(Status): null

2018-07-12 06:24:49 - [TEST_STEP][PASSED] - Statement - If (Status == "Pending-RDApproval"): null

2018-07-12 06:24:49 - [TEST_STEP][PASSED] - Statement - Else If (Status == "Pending-RLApproval"): com.helper.commonfunct.BEP_CommonMethod.RLapprove is PASSED

2018-07-12 06:24:49 - [TEST_STEP][PASSED] - Statement - If (RLReject == false): com.helper.commonfunct.BEP_CommonMethod.RLapprove is PASSED

2018-07-12 06:24:49 - [TEST_STEP][PASSED] - com.helper.commonfunct.commonutilities.login: com.helper.commonfunct.commonutilities.login is PASSED

2018-07-12 06:24:49 - [MESSAGE][WARNING] - A browser is already opened. Closing browser and opening a new one

2018-07-12 06:25:02 - [MESSAGE][PASSED] - Browser is opened with url: ''

2018-07-12 06:25:06 - [MESSAGE][PASSED] - Navigate to 'https://vdaqa.rpega.com:9030/daqa/PRServlet' successfully

2018-07-12 06:25:18 - [MESSAGE][PASSED] - Text 'panee@pegasystems.com' is set on object 'Object Repository/Generic/input_UserIdentifier'

2018-07-12 06:25:30 - [MESSAGE][PASSED] - Text 'install' is set on object 'Object Repository/Generic/input_Password'

2018-07-12 06:25:38 - [MESSAGE][PASSED] - Keys 'ENTER + ' sent to object: 'Object Repository/Generic/input_Password'

2018-07-12 06:25:38 - [MESSAGE][PASSED] - com.helper.commonfunct.commonutilities.login is PASSED

2018-07-12 06:25:38 - [TEST_STEP][PASSED] - com.helper.commonfunct.commonutilities.search: com.helper.commonfunct.commonutilities.search is PASSED

2018-07-12 06:25:42 - [MESSAGE][PASSED] - Current window maximized

2018-07-12 06:25:47 - [MESSAGE][PASSED] - Delayed 5 second(s)

2018-07-12 06:25:59 - [MESSAGE][PASSED] - Text 'BEP-12Jul2018-23' is set on object 'Object Repository/EngInfo/search'

2018-07-12 06:26:02 - [MESSAGE][PASSED] - Delayed 3 second(s)

2018-07-12 06:26:09 - [MESSAGE][PASSED] - Keys 'ENTER + ' sent to object: 'Object Repository/EngInfo/search'

2018-07-12 06:26:16 - [MESSAGE][WARNING] - No alert found after 3 second(s).
[[ATTACHMENT|C:\\DAUIAutomation\\Reports\\Estimate\\20180712_020650\\1531391172640.png]]

2018-07-12 06:26:19 - [MESSAGE][PASSED] - Wait for page load successfully

2018-07-12 06:26:19 - [MESSAGE][PASSED] - com.helper.commonfunct.commonutilities.search is PASSED

2018-07-12 06:26:19 - [TEST_STEP][PASSED] - com.helper.commonfunct.BEP_CommonMethod.RLapprove: com.helper.commonfunct.BEP_CommonMethod.RLapprove is PASSED

2018-07-12 06:26:24 - [MESSAGE][PASSED] - Delayed 5 second(s)

2018-07-12 06:26:40 - [MESSAGE][PASSED] - Delayed 7 second(s)

2018-07-12 06:26:48 - [MESSAGE][PASSED] - Delayed 5 second(s)

2018-07-12 06:26:54 - [MESSAGE][PASSED] - Wait for page load successfully

2018-07-12 06:26:57 - [MESSAGE][PASSED] - Wait for page load successfully

2018-07-12 06:27:00 - [MESSAGE][PASSED] - Wait for page load successfully

2018-07-12 06:27:12 - [MESSAGE][PASSED] - Scroll to object 'Object Repository/Generic/NEXT_BUTTON' successfully

2018-07-12 06:27:19 - [MESSAGE][PASSED] - Object: 'Object Repository/Generic/NEXT_BUTTON' is clicked on

2018-07-12 06:27:24 - [MESSAGE][PASSED] - Delayed 5 second(s)

2018-07-12 06:27:24 - [MESSAGE][WARNING] - Timeout '0' is invalid. Using default page load timeout: '30'

2018-07-12 06:27:30 - [MESSAGE][PASSED] - Scroll to object 'Object Repository/BEP/Generic/RD_RLApprove' successfully

2018-07-12 06:27:36 - [MESSAGE][PASSED] - Object: 'Object Repository/BEP/Generic/RD_RLApprove' is clicked on

2018-07-12 06:27:41 - [MESSAGE][PASSED] - Delayed 5 second(s)

2018-07-12 06:27:53 - [MESSAGE][PASSED] - Text 'Software Testing' is set on object 'Object Repository/BEP/Generic/BEP_CASENOTES'

2018-07-12 06:27:58 - [MESSAGE][PASSED] - Delayed 5 second(s)

2018-07-12 06:27:58 - [MESSAGE][WARNING] - Timeout '0' is invalid. Using default page load timeout: '30'

2018-07-12 06:28:04 - [MESSAGE][PASSED] - Scroll to object 'Object Repository/BEP/Generic/FINISH_ASSIGNMENT' successfully

2018-07-12 06:28:15 - [MESSAGE][PASSED] - Delayed 5 second(s)

2018-07-12 06:28:18 - [MESSAGE][PASSED] - Wait for page load successfully

2018-07-12 06:28:18 - [MESSAGE][PASSED] - com.helper.commonfunct.BEP_CommonMethod.RLapprove is PASSED

2018-07-12 06:28:18 - [TEST_STEP][PASSED] - com.helper.commonfunct.commonutilities.searchStatus: com.helper.commonfunct.commonutilities.searchStatus is PASSED

2018-07-12 06:28:21 - [MESSAGE][PASSED] - Wait for page load successfully

2018-07-12 06:28:36 - [MESSAGE][PASSED] - com.helper.commonfunct.commonutilities.searchStatus is PASSED

2018-07-12 06:28:36 - [MESSAGE][PASSED] - Call Test Case 'Test Cases/BEP/Create_Approve_Reject/All_Approval_Reject' successfully]]></system-out>
         <system-err><![CDATA[]]></system-err>
      </testcase>
      <system-out><![CDATA[2018-07-12 02:06:55 - [TEST_SUITE][FAILED] - Estimate: Test Cases/BEP/Create_Approve_Reject/CreateBEP_Approve_DataDriven FAILED because (of) Unable to scroll to object 'Object Repository/Generic/NEXT_BUTTON' (Root cause: org.openqa.selenium.UnhandledAlertException: unexpected alert open: {Alert text : Please correct flagged fields before submitting the form!}
  (Session info: chrome=67.0.3396.87)
  (Driver info: chromedriver=2.35.528161 (5b82f2d2aae0ca24b877009200ced9065a772e73),platform=Windows NT 6.1.7601 SP1 x86_64) (WARNING: The server did not provide any stacktrace information)
Command duration or timeout: 0 milliseconds: null
Build info: version: '3.7.1', revision: '8a0099a', time: '2017-11-06T21:07:36.161Z'
System info: host: 'L22622WUS', ip: '10.2.202.226', os.name: 'Windows 7', os.arch: 'amd64', os.version: '6.1', java.version: '1.8.0_102'
Driver info: com.kms.katalon.selenium.driver.CChromeDriver
Capabilities {acceptInsecureCerts: false, acceptSslCerts: false, applicationCacheEnabled: false, browserConnectionEnabled: false, browserName: chrome, chrome: {chromedriverVersion: 2.35.528161 (5b82f2d2aae0ca..., userDataDir: C:\Users\nipin\AppData\Loca...}, cssSelectorsEnabled: true, databaseEnabled: false, handlesAlerts: true, hasTouchScreen: false, javascriptEnabled: true, locationContextEnabled: true, mobileEmulationEnabled: false, nativeEvents: true, networkConnectionEnabled: false, pageLoadStrategy: normal, platform: XP, platformName: XP, rotatable: false, setWindowRect: true, takesHeapSnapshot: true, takesScreenshot: true, unexpectedAlertBehaviour: , unhandledPromptBehavior: , version: 67.0.3396.87, webStorageEnabled: true}
Session ID: 93d43f5b9d4c91d5e2b8f72b2adcbaec
*** Element info: {Using=xpath, value=//button[@alt='Move to the next screen']})]]></system-out>
      <system-err><![CDATA[2018-07-12 02:06:55 - [TEST_SUITE][FAILED] - Estimate: Test Cases/BEP/Create_Approve_Reject/CreateBEP_Approve_DataDriven FAILED because (of) Unable to scroll to object 'Object Repository/Generic/NEXT_BUTTON' (Root cause: org.openqa.selenium.UnhandledAlertException: unexpected alert open: {Alert text : Please correct flagged fields before submitting the form!}
  (Session info: chrome=67.0.3396.87)
  (Driver info: chromedriver=2.35.528161 (5b82f2d2aae0ca24b877009200ced9065a772e73),platform=Windows NT 6.1.7601 SP1 x86_64) (WARNING: The server did not provide any stacktrace information)
Command duration or timeout: 0 milliseconds: null
Build info: version: '3.7.1', revision: '8a0099a', time: '2017-11-06T21:07:36.161Z'
System info: host: 'L22622WUS', ip: '10.2.202.226', os.name: 'Windows 7', os.arch: 'amd64', os.version: '6.1', java.version: '1.8.0_102'
Driver info: com.kms.katalon.selenium.driver.CChromeDriver
Capabilities {acceptInsecureCerts: false, acceptSslCerts: false, applicationCacheEnabled: false, browserConnectionEnabled: false, browserName: chrome, chrome: {chromedriverVersion: 2.35.528161 (5b82f2d2aae0ca..., userDataDir: C:\Users\nipin\AppData\Loca...}, cssSelectorsEnabled: true, databaseEnabled: false, handlesAlerts: true, hasTouchScreen: false, javascriptEnabled: true, locationContextEnabled: true, mobileEmulationEnabled: false, nativeEvents: true, networkConnectionEnabled: false, pageLoadStrategy: normal, platform: XP, platformName: XP, rotatable: false, setWindowRect: true, takesHeapSnapshot: true, takesScreenshot: true, unexpectedAlertBehaviour: , unhandledPromptBehavior: , version: 67.0.3396.87, webStorageEnabled: true}
Session ID: 93d43f5b9d4c91d5e2b8f72b2adcbaec
*** Element info: {Using=xpath, value=//button[@alt='Move to the next screen']})]]></system-err>
   </testsuite>
</testsuites>
